#
# There is insufficient memory for the Java Runtime Environment to continue.
# Native memory allocation (mmap) failed to map 96993280 bytes for committing reserved memory.
# Possible reasons:
#   The system is out of physical RAM or swap space
#   In 32 bit mode, the process size limit was hit
# Possible solutions:
#   Reduce memory load on the system
#   Increase physical memory or swap space
#   Check if swap backing store is full
#   Use 64 bit Java on a 64 bit OS
#   Decrease Java heap size (-Xmx/-Xms)
#   Decrease number of Java threads
#   Decrease Java thread stack sizes (-Xss)
#   Set larger code cache with -XX:ReservedCodeCacheSize=
# This output file may be truncated or incomplete.
#
#  Out of Memory Error (os_linux.cpp:2627), pid=15098, tid=0x00007f8dd0afa700
#
# JRE version: OpenJDK Runtime Environment (8.0_76-b03) (build 1.8.0_76-release-b03)
# Java VM: OpenJDK 64-Bit Server VM (25.76-b03 mixed mode linux-amd64 compressed oops)
# Failed to write core dump. Core dumps have been disabled. To enable core dumping, try "ulimit -c unlimited" before starting Java again
#

---------------  T H R E A D  ---------------

Current thread (0x00007f8de0077800):  VMThread [stack: 0x00007f8dd09fa000,0x00007f8dd0afb000] [id=15109]

Stack: [0x00007f8dd09fa000,0x00007f8dd0afb000],  sp=0x00007f8dd0af9480,  free space=1021k
Native frames: (J=compiled Java code, j=interpreted, Vv=VM code, C=native code)
V  [libjvm.so+0x9d9fcd]  VMError::report_and_die()+0x15d
V  [libjvm.so+0x4b4d4a]  report_vm_out_of_memory(char const*, int, unsigned long, VMErrorType, char const*)+0x8a
V  [libjvm.so+0x845190]  os::pd_commit_memory(char*, unsigned long, unsigned long, bool)+0xf0
V  [libjvm.so+0x83fcbf]  os::commit_memory(char*, unsigned long, unsigned long, bool)+0x1f
V  [libjvm.so+0x8b4d9b]  PSVirtualSpace::expand_by(unsigned long)+0x5b
V  [libjvm.so+0x8b5a10]  PSYoungGen::resize_generation(unsigned long, unsigned long)+0xb0
V  [libjvm.so+0x8b5d2b]  PSYoungGen::resize(unsigned long, unsigned long)+0x1b
V  [libjvm.so+0x8b241c]  PSScavenge::invoke_no_policy()+0xdac
V  [libjvm.so+0x8b2bf8]  PSScavenge::invoke()+0x38
V  [libjvm.so+0x8681f3]  ParallelScavengeHeap::failed_mem_allocate(unsigned long)+0x63
V  [libjvm.so+0x9dba94]  VM_ParallelGCFailedAllocation::doit()+0x84
V  [libjvm.so+0x9dfe47]  VM_Operation::evaluate()+0x47
V  [libjvm.so+0x9de908]  VMThread::evaluate_operation(VM_Operation*)+0x2c8
V  [libjvm.so+0x9ded89]  VMThread::loop()+0x219
V  [libjvm.so+0x9df1d2]  VMThread::run()+0x72
V  [libjvm.so+0x8425b2]  java_start(Thread*)+0xf2

VM_Operation (0x00007f8de90e35c0): ParallelGCFailedAllocation, mode: safepoint, requested by thread 0x00007f8de000a000


---------------  P R O C E S S  ---------------

Java Threads: ( => current thread )
  0x00007f8de0169800 JavaThread "pool-2-thread-4" [_thread_blocked, id=15128, stack(0x00007f8dc8f3b000,0x00007f8dc903c000)]
  0x00007f8de0167800 JavaThread "pool-2-thread-3" [_thread_blocked, id=15127, stack(0x00007f8dc903c000,0x00007f8dc913d000)]
  0x00007f8de0166000 JavaThread "pool-2-thread-2" [_thread_blocked, id=15126, stack(0x00007f8dc913d000,0x00007f8dc923e000)]
  0x00007f8de0163000 JavaThread "pool-3-thread-1" [_thread_blocked, id=15125, stack(0x00007f8dc923e000,0x00007f8dc933f000)]
  0x00007f8de0161000 JavaThread "pool-2-thread-1" [_thread_blocked, id=15124, stack(0x00007f8dd00f1000,0x00007f8dd01f2000)]
  0x00007f8de00d2000 JavaThread "Service Thread" daemon [_thread_blocked, id=15119, stack(0x00007f8dd02f3000,0x00007f8dd03f4000)]
  0x00007f8de00bd000 JavaThread "C1 CompilerThread2" daemon [_thread_blocked, id=15118, stack(0x00007f8dd03f4000,0x00007f8dd04f5000)]
  0x00007f8de00bb800 JavaThread "C2 CompilerThread1" daemon [_thread_blocked, id=15117, stack(0x00007f8dd04f5000,0x00007f8dd05f6000)]
  0x00007f8de00b8800 JavaThread "C2 CompilerThread0" daemon [_thread_blocked, id=15116, stack(0x00007f8dd05f6000,0x00007f8dd06f7000)]
  0x00007f8de00b7000 JavaThread "Signal Dispatcher" daemon [_thread_blocked, id=15115, stack(0x00007f8dd06f7000,0x00007f8dd07f8000)]
  0x00007f8de0084000 JavaThread "Finalizer" daemon [_thread_blocked, id=15114, stack(0x00007f8dd07f8000,0x00007f8dd08f9000)]
  0x00007f8de007f800 JavaThread "Reference Handler" daemon [_thread_blocked, id=15113, stack(0x00007f8dd08f9000,0x00007f8dd09fa000)]
  0x00007f8de000a000 JavaThread "main" [_thread_blocked, id=15099, stack(0x00007f8de8fe5000,0x00007f8de90e6000)]

Other Threads:
=>0x00007f8de0077800 VMThread [stack: 0x00007f8dd09fa000,0x00007f8dd0afb000] [id=15109]
  0x00007f8de00d4800 WatcherThread [stack: 0x00007f8dd01f2000,0x00007f8dd02f3000] [id=15120]

VM state:at safepoint (normal execution)

VM Mutex/Monitor currently owned by a thread:  ([mutex/lock_event])
[0x00007f8de00067e0] Threads_lock - owner thread: 0x00007f8de0077800
[0x00007f8de0006ce0] Heap_lock - owner thread: 0x00007f8de000a000

Heap:
 PSYoungGen      total 135168K, used 17903K [0x00000000eab00000, 0x00000000f4400000, 0x0000000100000000)
  eden space 117248K, 0% used [0x00000000eab00000,0x00000000eab00000,0x00000000f1d80000)
  from space 17920K, 99% used [0x00000000f1d80000,0x00000000f2efbe48,0x00000000f2f00000)
  to   space 14336K, 0% used [0x00000000f2f00000,0x00000000f2f00000,0x00000000f3d00000)
 ParOldGen       total 46080K, used 45572K [0x00000000c0000000, 0x00000000c2d00000, 0x00000000eab00000)
  object space 46080K, 98% used [0x00000000c0000000,0x00000000c2c813b8,0x00000000c2d00000)
 Metaspace       used 6328K, capacity 7152K, committed 7296K, reserved 1056768K
  class space    used 592K, capacity 616K, committed 640K, reserved 1048576K

Card table byte_map: [0x00007f8de5c99000,0x00007f8de5e9a000] byte_map_base: 0x00007f8de5699000

Marking Bits: (ParMarkBitMap*) 0x00007f8de84c31a0
 Begin Bits: [0x00007f8dca000000, 0x00007f8dcb000000)
 End Bits:   [0x00007f8dcb000000, 0x00007f8dcc000000)

Polling page: 0x00007f8de910d000

CodeCache: size=245760Kb used=7184Kb max_used=7195Kb free=238576Kb
 bounds [0x00007f8dd1000000, 0x00007f8dd1710000, 0x00007f8de0000000]
 total_blobs=2123 nmethods=1855 adapters=182
 compilation: enabled

Compilation events (10 events):
Event: 16.638 Thread 0x00007f8de00bd000 2394   !   3       com.android.dx.cf.code.Ropper::doit (126 bytes)
Event: 16.640 Thread 0x00007f8de00bd000 nmethod 2394 0x00007f8dd1707490 code [0x00007f8dd1707780, 0x00007f8dd1708bb8]
Event: 16.658 Thread 0x00007f8de00bd000 2395       2       java.util.concurrent.locks.AbstractQueuedSynchronizer::hasQueuedPredecessors (40 bytes)
Event: 16.658 Thread 0x00007f8de00bd000 nmethod 2395 0x00007f8dd16ef710 code [0x00007f8dd16ef880, 0x00007f8dd16efa30]
Event: 16.679 Thread 0x00007f8de00bb800 nmethod 2200 0x00007f8dd170bad0 code [0x00007f8dd170bd20, 0x00007f8dd170c898]
Event: 16.679 Thread 0x00007f8de00bb800 2158       4       com.android.dx.cf.code.BaseMachine::storeResults (90 bytes)
Event: 16.682 Thread 0x00007f8de00bd000 2396       2       java.util.concurrent.locks.ReentrantLock$Sync::tryRelease (45 bytes)
Event: 16.682 Thread 0x00007f8de00bd000 nmethod 2396 0x00007f8dd16ef290 code [0x00007f8dd16ef400, 0x00007f8dd16ef648]
Event: 16.702 Thread 0x00007f8de00bd000 2397   !   2       com.android.dx.rop.code.RegisterSpecSet::remove (30 bytes)
Event: 16.703 Thread 0x00007f8de00bd000 nmethod 2397 0x00007f8dd16eecd0 code [0x00007f8dd16eee40, 0x00007f8dd16ef0a8]

GC Heap History (10 events):
Event: 4.445 GC heap after
Heap after GC invocations=4 (full 0):
 PSYoungGen      total 32768K, used 2032K [0x00000000eab00000, 0x00000000ecd00000, 0x0000000100000000)
  eden space 30720K, 0% used [0x00000000eab00000,0x00000000eab00000,0x00000000ec900000)
  from space 2048K, 99% used [0x00000000ecb00000,0x00000000eccfc028,0x00000000ecd00000)
  to   space 2048K, 0% used [0x00000000ec900000,0x00000000ec900000,0x00000000ecb00000)
 ParOldGen       total 39936K, used 6448K [0x00000000c0000000, 0x00000000c2700000, 0x00000000eab00000)
  object space 39936K, 16% used [0x00000000c0000000,0x00000000c064c340,0x00000000c2700000)
 Metaspace       used 5727K, capacity 6768K, committed 7040K, reserved 1056768K
  class space    used 573K, capacity 616K, committed 640K, reserved 1048576K
}
Event: 5.335 GC heap before
{Heap before GC invocations=5 (full 0):
 PSYoungGen      total 32768K, used 32752K [0x00000000eab00000, 0x00000000ecd00000, 0x0000000100000000)
  eden space 30720K, 100% used [0x00000000eab00000,0x00000000ec900000,0x00000000ec900000)
  from space 2048K, 99% used [0x00000000ecb00000,0x00000000eccfc028,0x00000000ecd00000)
  to   space 2048K, 0% used [0x00000000ec900000,0x00000000ec900000,0x00000000ecb00000)
 ParOldGen       total 39936K, used 6448K [0x00000000c0000000, 0x00000000c2700000, 0x00000000eab00000)
  object space 39936K, 16% used [0x00000000c0000000,0x00000000c064c340,0x00000000c2700000)
 Metaspace       used 5760K, capacity 6768K, committed 7040K, reserved 1056768K
  class space    used 573K, capacity 616K, committed 640K, reserved 1048576K
Event: 5.439 GC heap after
Heap after GC invocations=5 (full 0):
 PSYoungGen      total 32768K, used 2016K [0x00000000eab00000, 0x00000000ef700000, 0x0000000100000000)
  eden space 30720K, 0% used [0x00000000eab00000,0x00000000eab00000,0x00000000ec900000)
  from space 2048K, 98% used [0x00000000ec900000,0x00000000ecaf8028,0x00000000ecb00000)
  to   space 8192K, 0% used [0x00000000eef00000,0x00000000eef00000,0x00000000ef700000)
 ParOldGen       total 39936K, used 10914K [0x00000000c0000000, 0x00000000c2700000, 0x00000000eab00000)
  object space 39936K, 27% used [0x00000000c0000000,0x00000000c0aa8970,0x00000000c2700000)
 Metaspace       used 5760K, capacity 6768K, committed 7040K, reserved 1056768K
  class space    used 573K, capacity 616K, committed 640K, reserved 1048576K
}
Event: 6.317 GC heap before
{Heap before GC invocations=6 (full 0):
 PSYoungGen      total 32768K, used 32736K [0x00000000eab00000, 0x00000000ef700000, 0x0000000100000000)
  eden space 30720K, 100% used [0x00000000eab00000,0x00000000ec900000,0x00000000ec900000)
  from space 2048K, 98% used [0x00000000ec900000,0x00000000ecaf8028,0x00000000ecb00000)
  to   space 8192K, 0% used [0x00000000eef00000,0x00000000eef00000,0x00000000ef700000)
 ParOldGen       total 39936K, used 10914K [0x00000000c0000000, 0x00000000c2700000, 0x00000000eab00000)
  object space 39936K, 27% used [0x00000000c0000000,0x00000000c0aa8970,0x00000000c2700000)
 Metaspace       used 5804K, capacity 6832K, committed 7040K, reserved 1056768K
  class space    used 574K, capacity 616K, committed 640K, reserved 1048576K
Event: 6.397 GC heap after
Heap after GC invocations=6 (full 0):
 PSYoungGen      total 68608K, used 7136K [0x00000000eab00000, 0x00000000ef900000, 0x0000000100000000)
  eden space 60416K, 0% used [0x00000000eab00000,0x00000000eab00000,0x00000000ee600000)
  from space 8192K, 87% used [0x00000000eef00000,0x00000000ef5f8028,0x00000000ef700000)
  to   space 9216K, 0% used [0x00000000ee600000,0x00000000ee600000,0x00000000eef00000)
 ParOldGen       total 39936K, used 10914K [0x00000000c0000000, 0x00000000c2700000, 0x00000000eab00000)
  object space 39936K, 27% used [0x00000000c0000000,0x00000000c0aa8970,0x00000000c2700000)
 Metaspace       used 5804K, capacity 6832K, committed 7040K, reserved 1056768K
  class space    used 574K, capacity 616K, committed 640K, reserved 1048576K
}
Event: 8.255 GC heap before
{Heap before GC invocations=7 (full 0):
 PSYoungGen      total 68608K, used 67552K [0x00000000eab00000, 0x00000000ef900000, 0x0000000100000000)
  eden space 60416K, 100% used [0x00000000eab00000,0x00000000ee600000,0x00000000ee600000)
  from space 8192K, 87% used [0x00000000eef00000,0x00000000ef5f8028,0x00000000ef700000)
  to   space 9216K, 0% used [0x00000000ee600000,0x00000000ee600000,0x00000000eef00000)
 ParOldGen       total 39936K, used 10914K [0x00000000c0000000, 0x00000000c2700000, 0x00000000eab00000)
  object space 39936K, 27% used [0x00000000c0000000,0x00000000c0aa8970,0x00000000c2700000)
 Metaspace       used 5945K, capacity 6896K, committed 7040K, reserved 1056768K
  class space    used 592K, capacity 616K, committed 640K, reserved 1048576K
Event: 8.494 GC heap after
Heap after GC invocations=7 (full 0):
 PSYoungGen      total 69632K, used 9200K [0x00000000eab00000, 0x00000000f3d00000, 0x0000000100000000)
  eden space 60416K, 0% used [0x00000000eab00000,0x00000000eab00000,0x00000000ee600000)
  from space 9216K, 99% used [0x00000000ee600000,0x00000000eeefc020,0x00000000eef00000)
  to   space 14336K, 0% used [0x00000000f2f00000,0x00000000f2f00000,0x00000000f3d00000)
 ParOldGen       total 39936K, used 17076K [0x00000000c0000000, 0x00000000c2700000, 0x00000000eab00000)
  object space 39936K, 42% used [0x00000000c0000000,0x00000000c10ad3c8,0x00000000c2700000)
 Metaspace       used 5945K, capacity 6896K, committed 7040K, reserved 1056768K
  class space    used 592K, capacity 616K, committed 640K, reserved 1048576K
}
Event: 10.122 GC heap before
{Heap before GC invocations=8 (full 0):
 PSYoungGen      total 69632K, used 69616K [0x00000000eab00000, 0x00000000f3d00000, 0x0000000100000000)
  eden space 60416K, 100% used [0x00000000eab00000,0x00000000ee600000,0x00000000ee600000)
  from space 9216K, 99% used [0x00000000ee600000,0x00000000eeefc020,0x00000000eef00000)
  to   space 14336K, 0% used [0x00000000f2f00000,0x00000000f2f00000,0x00000000f3d00000)
 ParOldGen       total 39936K, used 17076K [0x00000000c0000000, 0x00000000c2700000, 0x00000000eab00000)
  object space 39936K, 42% used [0x00000000c0000000,0x00000000c10ad3c8,0x00000000c2700000)
 Metaspace       used 6028K, capacity 6960K, committed 7040K, reserved 1056768K
  class space    used 592K, capacity 616K, committed 640K, reserved 1048576K
Event: 10.320 GC heap after
Heap after GC invocations=8 (full 0):
 PSYoungGen      total 131584K, used 14304K [0x00000000eab00000, 0x00000000f4400000, 0x0000000100000000)
  eden space 117248K, 0% used [0x00000000eab00000,0x00000000eab00000,0x00000000f1d80000)
  from space 14336K, 99% used [0x00000000f2f00000,0x00000000f3cf8020,0x00000000f3d00000)
  to   space 17920K, 0% used [0x00000000f1d80000,0x00000000f1d80000,0x00000000f2f00000)
 ParOldGen       total 39936K, used 20018K [0x00000000c0000000, 0x00000000c2700000, 0x00000000eab00000)
  object space 39936K, 50% used [0x00000000c0000000,0x00000000c138c830,0x00000000c2700000)
 Metaspace       used 6028K, capacity 6960K, committed 7040K, reserved 1056768K
  class space    used 592K, capacity 616K, committed 640K, reserved 1048576K
}
Event: 16.712 GC heap before
{Heap before GC invocations=9 (full 0):
 PSYoungGen      total 131584K, used 131552K [0x00000000eab00000, 0x00000000f4400000, 0x0000000100000000)
  eden space 117248K, 100% used [0x00000000eab00000,0x00000000f1d80000,0x00000000f1d80000)
  from space 14336K, 99% used [0x00000000f2f00000,0x00000000f3cf8020,0x00000000f3d00000)
  to   space 17920K, 0% used [0x00000000f1d80000,0x00000000f1d80000,0x00000000f2f00000)
 ParOldGen       total 39936K, used 20018K [0x00000000c0000000, 0x00000000c2700000, 0x00000000eab00000)
  object space 39936K, 50% used [0x00000000c0000000,0x00000000c138c830,0x00000000c2700000)
 Metaspace       used 6328K, capacity 7152K, committed 7296K, reserved 1056768K
  class space    used 592K, capacity 616K, committed 640K, reserved 1048576K

Deoptimization events (10 events):
Event: 3.396 Thread 0x00007f8de000a000 Uncommon trap: reason=class_check action=maybe_recompile pc=0x00007f8dd11ff8d0 method=com.android.dx.ssa.NormalSsaInsn.accept(Lcom/android/dx/ssa/SsaInsn$Visitor;)V @ 9
Event: 3.416 Thread 0x00007f8de000a000 Uncommon trap: reason=class_check action=maybe_recompile pc=0x00007f8dd12803e0 method=com.android.dx.ssa.NormalSsaInsn.accept(Lcom/android/dx/ssa/SsaInsn$Visitor;)V @ 9
Event: 4.262 Thread 0x00007f8de0161000 Uncommon trap: reason=unstable_if action=reinterpret pc=0x00007f8dd12e9250 method=com.android.dx.rop.code.RegisterSpecSet.<init>(I)V @ 2
Event: 5.043 Thread 0x00007f8de0167800 Uncommon trap: reason=bimorphic action=maybe_recompile pc=0x00007f8dd12176ec method=java.util.HashMap.getNode(ILjava/lang/Object;)Ljava/util/HashMap$Node; @ 126
Event: 5.132 Thread 0x00007f8de0169800 Uncommon trap: reason=bimorphic action=maybe_recompile pc=0x00007f8dd12176ec method=java.util.HashMap.getNode(ILjava/lang/Object;)Ljava/util/HashMap$Node; @ 126
Event: 6.592 Thread 0x00007f8de0169800 Uncommon trap: reason=unstable_if action=reinterpret pc=0x00007f8dd12bb768 method=java.util.HashMap.putVal(ILjava/lang/Object;Ljava/lang/Object;ZZ)Ljava/lang/Object; @ 162
Event: 6.655 Thread 0x00007f8de0169800 Uncommon trap: reason=unstable_if action=reinterpret pc=0x00007f8dd12176d4 method=java.util.HashMap.getNode(ILjava/lang/Object;)Ljava/util/HashMap$Node; @ 84
Event: 6.655 Thread 0x00007f8de0169800 Uncommon trap: reason=unstable_if action=reinterpret pc=0x00007f8dd1218678 method=java.util.HashMap.getNode(ILjava/lang/Object;)Ljava/util/HashMap$Node; @ 84
Event: 7.175 Thread 0x00007f8de0167800 Uncommon trap: reason=unstable_if action=reinterpret pc=0x00007f8dd1452b68 method=java.util.HashMap.getNode(ILjava/lang/Object;)Ljava/util/HashMap$Node; @ 84
Event: 10.566 Thread 0x00007f8de0161000 Uncommon trap: reason=unstable_if action=reinterpret pc=0x00007f8dd14d8680 method=com.android.dx.ssa.MoveParamCombiner$1.visitNonMoveInsn(Lcom/android/dx/ssa/NormalSsaInsn;)V @ 27

Internal exceptions (6 events):
Event: 0.232 Thread 0x00007f8de000a000 Exception <a 'java/lang/NoSuchMethodError': Method sun.misc.Unsafe.defineClass(Ljava/lang/String;[BII)Ljava/lang/Class; name or signature does not match> (0x00000000eab07cc0) thrown at [/ssd/Android/AOSP-openjdk/external/jetbrains/jdk/hotspot/src/share/vm
Event: 0.232 Thread 0x00007f8de000a000 Exception <a 'java/lang/NoSuchMethodError': Method sun.misc.Unsafe.prefetchRead(Ljava/lang/Object;J)V name or signature does not match> (0x00000000eab07fa8) thrown at [/ssd/Android/AOSP-openjdk/external/jetbrains/jdk/hotspot/src/share/vm/prims/jni.cpp, li
Event: 3.128 Thread 0x00007f8de000a000 Implicit null exception at 0x00007f8dd125d4a2 to 0x00007f8dd125d593
Event: 6.594 Thread 0x00007f8de0169800 Exception <a 'java/lang/ArrayIndexOutOfBoundsException': 18> (0x00000000eb0f1608) thrown at [/ssd/Android/AOSP-openjdk/external/jetbrains/jdk/hotspot/src/share/vm/interpreter/interpreterRuntime.cpp, line 366]
Event: 6.594 Thread 0x00007f8de0169800 Exception <a 'java/lang/ArrayIndexOutOfBoundsException': 145> (0x00000000eb0f3188) thrown at [/ssd/Android/AOSP-openjdk/external/jetbrains/jdk/hotspot/src/share/vm/interpreter/interpreterRuntime.cpp, line 366]
Event: 6.595 Thread 0x00007f8de0169800 Exception <a 'java/lang/ArrayIndexOutOfBoundsException': 40> (0x00000000eb0f4470) thrown at [/ssd/Android/AOSP-openjdk/external/jetbrains/jdk/hotspot/src/share/vm/interpreter/interpreterRuntime.cpp, line 366]

Events (10 events):
Event: 16.684 Thread 0x00007f8de0166000 DEOPT UNPACKING pc=0x00007f8dd1047373 sp=0x00007f8dc923bc18 mode 0
Event: 16.678 Thread 0x00007f8de0169800 DEOPT PACKING pc=0x00007f8dd12665ad sp=0x00007f8dc9039f90
Event: 16.685 Thread 0x00007f8de0169800 DEOPT UNPACKING pc=0x00007f8dd1047373 sp=0x00007f8dc9039d18 mode 0
Event: 16.686 Thread 0x00007f8de0169800 DEOPT PACKING pc=0x00007f8dd12665ad sp=0x00007f8dc9039f90
Event: 16.686 Thread 0x00007f8de0169800 DEOPT UNPACKING pc=0x00007f8dd1047373 sp=0x00007f8dc9039d18 mode 0
Event: 16.687 Thread 0x00007f8de0169800 DEOPT PACKING pc=0x00007f8dd12665ad sp=0x00007f8dc9039f90
Event: 16.687 Thread 0x00007f8de0169800 DEOPT UNPACKING pc=0x00007f8dd1047373 sp=0x00007f8dc9039d18 mode 0
Event: 16.703 Executing VM operation: ParallelGCFailedAllocation
Event: 16.683 Thread 0x00007f8de0161000 DEOPT PACKING pc=0x00007f8dd12665ad sp=0x00007f8dd01eff90
Event: 16.703 Thread 0x00007f8de0161000 DEOPT UNPACKING pc=0x00007f8dd1047373 sp=0x00007f8dd01efd18 mode 0


Dynamic libraries:
00400000-00401000 r-xp 00000000 08:05 1506559                            /home/victorhugo/Programs/android-studio/jre/bin/java
00600000-00601000 r--p 00000000 08:05 1506559                            /home/victorhugo/Programs/android-studio/jre/bin/java
00601000-00602000 rw-p 00001000 08:05 1506559                            /home/victorhugo/Programs/android-studio/jre/bin/java
00645000-00666000 rw-p 00000000 00:00 0                                  [heap]
c0000000-c2d00000 rw-p 00000000 00:00 0 
c2d00000-eab00000 ---p 00000000 00:00 0 
eab00000-f4400000 rw-p 00000000 00:00 0 
fa080000-100000000 ---p 00000000 00:00 0 
100000000-1000a0000 rw-p 00000000 00:00 0 
1000a0000-140000000 ---p 00000000 00:00 0 
7f8d84000000-7f8d8407f000 rw-p 00000000 00:00 0 
7f8d8407f000-7f8d88000000 ---p 00000000 00:00 0 
7f8d88000000-7f8d8808c000 rw-p 00000000 00:00 0 
7f8d8808c000-7f8d8c000000 ---p 00000000 00:00 0 
7f8d8c000000-7f8d8c021000 rw-p 00000000 00:00 0 
7f8d8c021000-7f8d90000000 ---p 00000000 00:00 0 
7f8d90000000-7f8d900a1000 rw-p 00000000 00:00 0 
7f8d900a1000-7f8d94000000 ---p 00000000 00:00 0 
7f8d94000000-7f8d94021000 rw-p 00000000 00:00 0 
7f8d94021000-7f8d98000000 ---p 00000000 00:00 0 
7f8d98000000-7f8d98061000 rw-p 00000000 00:00 0 
7f8d98061000-7f8d9c000000 ---p 00000000 00:00 0 
7f8d9c000000-7f8d9c92d000 rw-p 00000000 00:00 0 
7f8d9c92d000-7f8da0000000 ---p 00000000 00:00 0 
7f8da0000000-7f8da0021000 rw-p 00000000 00:00 0 
7f8da0021000-7f8da4000000 ---p 00000000 00:00 0 
7f8da4000000-7f8da4ec9000 rw-p 00000000 00:00 0 
7f8da4ec9000-7f8da8000000 ---p 00000000 00:00 0 
7f8da8000000-7f8da88ad000 rw-p 00000000 00:00 0 
7f8da88ad000-7f8dac000000 ---p 00000000 00:00 0 
7f8dac000000-7f8dac021000 rw-p 00000000 00:00 0 
7f8dac021000-7f8db0000000 ---p 00000000 00:00 0 
7f8db0000000-7f8db0021000 rw-p 00000000 00:00 0 
7f8db0021000-7f8db4000000 ---p 00000000 00:00 0 
7f8db4000000-7f8db427c000 rw-p 00000000 00:00 0 
7f8db427c000-7f8db8000000 ---p 00000000 00:00 0 
7f8db8000000-7f8db8021000 rw-p 00000000 00:00 0 
7f8db8021000-7f8dbc000000 ---p 00000000 00:00 0 
7f8dbc000000-7f8dbc021000 rw-p 00000000 00:00 0 
7f8dbc021000-7f8dc0000000 ---p 00000000 00:00 0 
7f8dc0000000-7f8dc0021000 rw-p 00000000 00:00 0 
7f8dc0021000-7f8dc4000000 ---p 00000000 00:00 0 
7f8dc4000000-7f8dc4021000 rw-p 00000000 00:00 0 
7f8dc4021000-7f8dc8000000 ---p 00000000 00:00 0 
7f8dc8f3b000-7f8dc8f3e000 ---p 00000000 00:00 0 
7f8dc8f3e000-7f8dc903c000 rw-p 00000000 00:00 0                          [stack:15128]
7f8dc903c000-7f8dc903f000 ---p 00000000 00:00 0 
7f8dc903f000-7f8dc913d000 rw-p 00000000 00:00 0                          [stack:15127]
7f8dc913d000-7f8dc9140000 ---p 00000000 00:00 0 
7f8dc9140000-7f8dc923e000 rw-p 00000000 00:00 0                          [stack:15126]
7f8dc923e000-7f8dc9241000 ---p 00000000 00:00 0 
7f8dc9241000-7f8dc933f000 rw-p 00000000 00:00 0                          [stack:15125]
7f8dc933f000-7f8dca000000 r--p 00000000 08:05 272679                     /usr/lib/locale/locale-archive
7f8dca000000-7f8dcc000000 rw-p 00000000 00:00 0 
7f8dcc000000-7f8dcc021000 rw-p 00000000 00:00 0 
7f8dcc021000-7f8dd0000000 ---p 00000000 00:00 0 
7f8dd00f1000-7f8dd00f4000 ---p 00000000 00:00 0 
7f8dd00f4000-7f8dd01f2000 rw-p 00000000 00:00 0                          [stack:15124]
7f8dd01f2000-7f8dd01f3000 ---p 00000000 00:00 0 
7f8dd01f3000-7f8dd02f3000 rw-p 00000000 00:00 0                          [stack:15120]
7f8dd02f3000-7f8dd02f6000 ---p 00000000 00:00 0 
7f8dd02f6000-7f8dd03f4000 rw-p 00000000 00:00 0                          [stack:15119]
7f8dd03f4000-7f8dd03f7000 ---p 00000000 00:00 0 
7f8dd03f7000-7f8dd04f5000 rw-p 00000000 00:00 0                          [stack:15118]
7f8dd04f5000-7f8dd04f8000 ---p 00000000 00:00 0 
7f8dd04f8000-7f8dd05f6000 rw-p 00000000 00:00 0                          [stack:15117]
7f8dd05f6000-7f8dd05f9000 ---p 00000000 00:00 0 
7f8dd05f9000-7f8dd06f7000 rw-p 00000000 00:00 0                          [stack:15116]
7f8dd06f7000-7f8dd06fa000 ---p 00000000 00:00 0 
7f8dd06fa000-7f8dd07f8000 rw-p 00000000 00:00 0                          [stack:15115]
7f8dd07f8000-7f8dd07fb000 ---p 00000000 00:00 0 
7f8dd07fb000-7f8dd08f9000 rw-p 00000000 00:00 0                          [stack:15114]
7f8dd08f9000-7f8dd08fc000 ---p 00000000 00:00 0 
7f8dd08fc000-7f8dd09fa000 rw-p 00000000 00:00 0                          [stack:15113]
7f8dd09fa000-7f8dd09fb000 ---p 00000000 00:00 0 
7f8dd09fb000-7f8dd1000000 rw-p 00000000 00:00 0                          [stack:15109]
7f8dd1000000-7f8dd1710000 rwxp 00000000 00:00 0 
7f8dd1710000-7f8de0000000 ---p 00000000 00:00 0 
7f8de0000000-7f8de038e000 rw-p 00000000 00:00 0 
7f8de038e000-7f8de4000000 ---p 00000000 00:00 0 
7f8de4026000-7f8de403e000 r--s 000f5000 08:05 1468008                    /home/victorhugo/Toci/app/build/intermediates/exploded-aar/com.google.android.gms/play-services-ads/8.4.0/jars/classes.jar
7f8de403e000-7f8de404d000 r--s 000df000 08:05 1832506                    /home/victorhugo/Programs/AndroidSDK/build-tools/23.0.2/lib/dx.jar
7f8de404d000-7f8de4afc000 rw-p 00000000 00:00 0 
7f8de4afc000-7f8de4cc9000 r--s 03bec000 08:05 1523188                    /home/victorhugo/Programs/android-studio/jre/jre/lib/rt.jar
7f8de4cc9000-7f8de53bf000 rw-p 00000000 00:00 0 
7f8de53bf000-7f8de553f000 ---p 00000000 00:00 0 
7f8de553f000-7f8de573f000 rw-p 00000000 00:00 0 
7f8de573f000-7f8de5740000 ---p 00000000 00:00 0 
7f8de5740000-7f8de5840000 rw-p 00000000 00:00 0                          [stack:15106]
7f8de5840000-7f8de5841000 ---p 00000000 00:00 0 
7f8de5841000-7f8de5941000 rw-p 00000000 00:00 0                          [stack:15105]
7f8de5941000-7f8de5942000 ---p 00000000 00:00 0 
7f8de5942000-7f8de5a42000 rw-p 00000000 00:00 0                          [stack:15104]
7f8de5a42000-7f8de5a43000 ---p 00000000 00:00 0 
7f8de5a43000-7f8de5b5a000 rw-p 00000000 00:00 0                          [stack:15100]
7f8de5b5a000-7f8de5c99000 ---p 00000000 00:00 0 
7f8de5c99000-7f8de5cb0000 rw-p 00000000 00:00 0 
7f8de5cb0000-7f8de5dee000 ---p 00000000 00:00 0 
7f8de5dee000-7f8de5e3b000 rw-p 00000000 00:00 0 
7f8de5e3b000-7f8de5e99000 ---p 00000000 00:00 0 
7f8de5e99000-7f8de5eb7000 rw-p 00000000 00:00 0 
7f8de5eb7000-7f8de625a000 ---p 00000000 00:00 0 
7f8de625a000-7f8de6274000 r-xp 00000000 08:05 1523215                    /home/victorhugo/Programs/android-studio/jre/jre/lib/amd64/libzip.so
7f8de6274000-7f8de6474000 ---p 0001a000 08:05 1523215                    /home/victorhugo/Programs/android-studio/jre/jre/lib/amd64/libzip.so
7f8de6474000-7f8de6475000 r--p 0001a000 08:05 1523215                    /home/victorhugo/Programs/android-studio/jre/jre/lib/amd64/libzip.so
7f8de6475000-7f8de6476000 rw-p 0001b000 08:05 1523215                    /home/victorhugo/Programs/android-studio/jre/jre/lib/amd64/libzip.so
7f8de6476000-7f8de6480000 r-xp 00000000 08:05 1846494                    /lib/x86_64-linux-gnu/libnss_files-2.19.so
7f8de6480000-7f8de667f000 ---p 0000a000 08:05 1846494                    /lib/x86_64-linux-gnu/libnss_files-2.19.so
7f8de667f000-7f8de6680000 r--p 00009000 08:05 1846494                    /lib/x86_64-linux-gnu/libnss_files-2.19.so
7f8de6680000-7f8de6681000 rw-p 0000a000 08:05 1846494                    /lib/x86_64-linux-gnu/libnss_files-2.19.so
7f8de6681000-7f8de668c000 r-xp 00000000 08:05 1846486                    /lib/x86_64-linux-gnu/libnss_nis-2.19.so
7f8de668c000-7f8de688b000 ---p 0000b000 08:05 1846486                    /lib/x86_64-linux-gnu/libnss_nis-2.19.so
7f8de688b000-7f8de688c000 r--p 0000a000 08:05 1846486                    /lib/x86_64-linux-gnu/libnss_nis-2.19.so
7f8de688c000-7f8de688d000 rw-p 0000b000 08:05 1846486                    /lib/x86_64-linux-gnu/libnss_nis-2.19.so
7f8de688d000-7f8de68a4000 r-xp 00000000 08:05 1846482                    /lib/x86_64-linux-gnu/libnsl-2.19.so
7f8de68a4000-7f8de6aa3000 ---p 00017000 08:05 1846482                    /lib/x86_64-linux-gnu/libnsl-2.19.so
7f8de6aa3000-7f8de6aa4000 r--p 00016000 08:05 1846482                    /lib/x86_64-linux-gnu/libnsl-2.19.so
7f8de6aa4000-7f8de6aa5000 rw-p 00017000 08:05 1846482                    /lib/x86_64-linux-gnu/libnsl-2.19.so
7f8de6aa5000-7f8de6aa7000 rw-p 00000000 00:00 0 
7f8de6aa7000-7f8de6ab0000 r-xp 00000000 08:05 1846481                    /lib/x86_64-linux-gnu/libnss_compat-2.19.so
7f8de6ab0000-7f8de6caf000 ---p 00009000 08:05 1846481                    /lib/x86_64-linux-gnu/libnss_compat-2.19.so
7f8de6caf000-7f8de6cb0000 r--p 00008000 08:05 1846481                    /lib/x86_64-linux-gnu/libnss_compat-2.19.so
7f8de6cb0000-7f8de6cb1000 rw-p 00009000 08:05 1846481                    /lib/x86_64-linux-gnu/libnss_compat-2.19.so
7f8de6cb1000-7f8de6cde000 r-xp 00000000 08:05 1523228                    /home/victorhugo/Programs/android-studio/jre/jre/lib/amd64/libjava.so
7f8de6cde000-7f8de6edd000 ---p 0002d000 08:05 1523228                    /home/victorhugo/Programs/android-studio/jre/jre/lib/amd64/libjava.so
7f8de6edd000-7f8de6ede000 r--p 0002c000 08:05 1523228                    /home/victorhugo/Programs/android-studio/jre/jre/lib/amd64/libjava.so
7f8de6ede000-7f8de6ee0000 rw-p 0002d000 08:05 1523228                    /home/victorhugo/Programs/android-studio/jre/jre/lib/amd64/libjava.so
7f8de6ee0000-7f8de6ef0000 r-xp 00000000 08:05 1523244                    /home/victorhugo/Programs/android-studio/jre/jre/lib/amd64/libverify.so
7f8de6ef0000-7f8de70ef000 ---p 00010000 08:05 1523244                    /home/victorhugo/Programs/android-studio/jre/jre/lib/amd64/libverify.so
7f8de70ef000-7f8de70f1000 r--p 0000f000 08:05 1523244                    /home/victorhugo/Programs/android-studio/jre/jre/lib/amd64/libverify.so
7f8de70f1000-7f8de70f2000 rw-p 00011000 08:05 1523244                    /home/victorhugo/Programs/android-studio/jre/jre/lib/amd64/libverify.so
7f8de70f2000-7f8de70f9000 r-xp 00000000 08:05 1846490                    /lib/x86_64-linux-gnu/librt-2.19.so
7f8de70f9000-7f8de72f8000 ---p 00007000 08:05 1846490                    /lib/x86_64-linux-gnu/librt-2.19.so
7f8de72f8000-7f8de72f9000 r--p 00006000 08:05 1846490                    /lib/x86_64-linux-gnu/librt-2.19.so
7f8de72f9000-7f8de72fa000 rw-p 00007000 08:05 1846490                    /lib/x86_64-linux-gnu/librt-2.19.so
7f8de72fa000-7f8de73ff000 r-xp 00000000 08:05 1846457                    /lib/x86_64-linux-gnu/libm-2.19.so
7f8de73ff000-7f8de75fe000 ---p 00105000 08:05 1846457                    /lib/x86_64-linux-gnu/libm-2.19.so
7f8de75fe000-7f8de75ff000 r--p 00104000 08:05 1846457                    /lib/x86_64-linux-gnu/libm-2.19.so
7f8de75ff000-7f8de7600000 rw-p 00105000 08:05 1846457                    /lib/x86_64-linux-gnu/libm-2.19.so
7f8de7600000-7f8de81e6000 r-xp 00000000 08:05 1523247                    /home/victorhugo/Programs/android-studio/jre/jre/lib/amd64/server/libjvm.so
7f8de81e6000-7f8de83e6000 ---p 00be6000 08:05 1523247                    /home/victorhugo/Programs/android-studio/jre/jre/lib/amd64/server/libjvm.so
7f8de83e6000-7f8de8485000 r--p 00be6000 08:05 1523247                    /home/victorhugo/Programs/android-studio/jre/jre/lib/amd64/server/libjvm.so
7f8de8485000-7f8de84ae000 rw-p 00c85000 08:05 1523247                    /home/victorhugo/Programs/android-studio/jre/jre/lib/amd64/server/libjvm.so
7f8de84ae000-7f8de84f0000 rw-p 00000000 00:00 0 
7f8de84f0000-7f8de8509000 r-xp 00000000 08:05 1846483                    /lib/x86_64-linux-gnu/libpthread-2.19.so
7f8de8509000-7f8de8708000 ---p 00019000 08:05 1846483                    /lib/x86_64-linux-gnu/libpthread-2.19.so
7f8de8708000-7f8de8709000 r--p 00018000 08:05 1846483                    /lib/x86_64-linux-gnu/libpthread-2.19.so
7f8de8709000-7f8de870a000 rw-p 00019000 08:05 1846483                    /lib/x86_64-linux-gnu/libpthread-2.19.so
7f8de870a000-7f8de870e000 rw-p 00000000 00:00 0 
7f8de870e000-7f8de8711000 r-xp 00000000 08:05 1846478                    /lib/x86_64-linux-gnu/libdl-2.19.so
7f8de8711000-7f8de8910000 ---p 00003000 08:05 1846478                    /lib/x86_64-linux-gnu/libdl-2.19.so
7f8de8910000-7f8de8911000 r--p 00002000 08:05 1846478                    /lib/x86_64-linux-gnu/libdl-2.19.so
7f8de8911000-7f8de8912000 rw-p 00003000 08:05 1846478                    /lib/x86_64-linux-gnu/libdl-2.19.so
7f8de8912000-7f8de8acc000 r-xp 00000000 08:05 1846491                    /lib/x86_64-linux-gnu/libc-2.19.so
7f8de8acc000-7f8de8ccc000 ---p 001ba000 08:05 1846491                    /lib/x86_64-linux-gnu/libc-2.19.so
7f8de8ccc000-7f8de8cd0000 r--p 001ba000 08:05 1846491                    /lib/x86_64-linux-gnu/libc-2.19.so
7f8de8cd0000-7f8de8cd2000 rw-p 001be000 08:05 1846491                    /lib/x86_64-linux-gnu/libc-2.19.so
7f8de8cd2000-7f8de8cd7000 rw-p 00000000 00:00 0 
7f8de8cd7000-7f8de8ced000 r-xp 00000000 08:05 1477665                    /home/victorhugo/Programs/android-studio/jre/lib/amd64/jli/libjli.so
7f8de8ced000-7f8de8eec000 ---p 00016000 08:05 1477665                    /home/victorhugo/Programs/android-studio/jre/lib/amd64/jli/libjli.so
7f8de8eec000-7f8de8eed000 r--p 00015000 08:05 1477665                    /home/victorhugo/Programs/android-studio/jre/lib/amd64/jli/libjli.so
7f8de8eed000-7f8de8eee000 rw-p 00016000 08:05 1477665                    /home/victorhugo/Programs/android-studio/jre/lib/amd64/jli/libjli.so
7f8de8eee000-7f8de8f11000 r-xp 00000000 08:05 1846484                    /lib/x86_64-linux-gnu/ld-2.19.so
7f8de8f15000-7f8de8fe5000 rw-p 00000000 00:00 0 
7f8de8fe5000-7f8de8fe8000 ---p 00000000 00:00 0 
7f8de8fe8000-7f8de90ea000 rw-p 00000000 00:00 0                          [stack:15099]
7f8de90ef000-7f8de9104000 rw-p 00000000 00:00 0 
7f8de9104000-7f8de910c000 rw-s 00000000 08:05 2360974                    /tmp/hsperfdata_victorhugo/15098
7f8de910c000-7f8de910d000 rw-p 00000000 00:00 0 
7f8de910d000-7f8de910e000 ---p 00000000 00:00 0 
7f8de910e000-7f8de9110000 rw-p 00000000 00:00 0 
7f8de9110000-7f8de9111000 r--p 00022000 08:05 1846484                    /lib/x86_64-linux-gnu/ld-2.19.so
7f8de9111000-7f8de9112000 rw-p 00023000 08:05 1846484                    /lib/x86_64-linux-gnu/ld-2.19.so
7f8de9112000-7f8de9113000 rw-p 00000000 00:00 0 
7ffd985f5000-7ffd98616000 rw-p 00000000 00:00 0                          [stack]
7ffd9877d000-7ffd9877f000 r-xp 00000000 00:00 0                          [vdso]
ffffffffff600000-ffffffffff601000 r-xp 00000000 00:00 0                  [vsyscall]

VM Arguments:
jvm_args: -Djava.awt.headless=true -Xmx1024M -Dfile.encoding=UTF-8 -Duser.country=US -Duser.language=en -Duser.variant 
java_command: com.android.dx.command.Main --dex --force-jumbo --num-threads=4 --multi-dex --output /home/victorhugo/Toci/app/build/intermediates/transforms/dex/debug/folders/1000/10/com.google.android.gms-play-services-ads-8.4.0_a9f52ca56eae00b198d56dcaf8eca62b17a726b1 /home/victorhugo/Toci/app/build/intermediates/exploded-aar/com.google.android.gms/play-services-ads/8.4.0/jars/classes.jar
java_class_path (initial): /home/victorhugo/Programs/AndroidSDK/build-tools/23.0.2/lib/dx.jar
Launcher Type: SUN_STANDARD

Environment Variables:
JAVA_HOME=/usr/lib/jvm/java-8-oracle/jre/bin/java
PATH=/home/victorhugo/.rvm/gems/ruby-2.2.1/bin:/home/victorhugo/.rvm/gems/ruby-2.2.1@global/bin:/home/victorhugo/.rvm/rubies/ruby-2.2.1/bin:/usr/local/sbin:/usr/local/bin:/usr/sbin:/usr/bin:/sbin:/bin:/usr/games:/usr/local/games:/home/victorhugo/.rvm/bin
LD_LIBRARY_PATH=/home/victorhugo/Programs/android-studio/bin:
SHELL=/bin/bash
DISPLAY=:0

Signal Handlers:
SIGSEGV: [libjvm.so+0x9daac0], sa_mask[0]=11111111011111111101111111111110, sa_flags=SA_RESTART|SA_SIGINFO
SIGBUS: [libjvm.so+0x9daac0], sa_mask[0]=11111111011111111101111111111110, sa_flags=SA_RESTART|SA_SIGINFO
SIGFPE: [libjvm.so+0x840d90], sa_mask[0]=11111111011111111101111111111110, sa_flags=SA_RESTART|SA_SIGINFO
SIGPIPE: [libjvm.so+0x840d90], sa_mask[0]=11111111011111111101111111111110, sa_flags=SA_RESTART|SA_SIGINFO
SIGXFSZ: [libjvm.so+0x840d90], sa_mask[0]=11111111011111111101111111111110, sa_flags=SA_RESTART|SA_SIGINFO
SIGILL: [libjvm.so+0x840d90], sa_mask[0]=11111111011111111101111111111110, sa_flags=SA_RESTART|SA_SIGINFO
SIGUSR1: SIG_DFL, sa_mask[0]=00000000000000000000000000000000, sa_flags=none
SIGUSR2: [libjvm.so+0x840c60], sa_mask[0]=00100000000000000000000000000000, sa_flags=SA_RESTART|SA_SIGINFO
SIGHUP: [libjvm.so+0x840e50], sa_mask[0]=11111111011111111101111111111110, sa_flags=SA_RESTART|SA_SIGINFO
SIGINT: [libjvm.so+0x840e50], sa_mask[0]=11111111011111111101111111111110, sa_flags=SA_RESTART|SA_SIGINFO
SIGTERM: [libjvm.so+0x840e50], sa_mask[0]=11111111011111111101111111111110, sa_flags=SA_RESTART|SA_SIGINFO
SIGQUIT: [libjvm.so+0x840e50], sa_mask[0]=11111111011111111101111111111110, sa_flags=SA_RESTART|SA_SIGINFO


---------------  S Y S T E M  ---------------

OS:DISTRIB_ID=Ubuntu
DISTRIB_RELEASE=14.04
DISTRIB_CODENAME=trusty
DISTRIB_DESCRIPTION="Ubuntu 14.04.5 LTS"

uname:Linux 3.13.0-95-generic #142-Ubuntu SMP Fri Aug 12 17:00:09 UTC 2016 x86_64
libc:glibc 2.19 NPTL 2.19 
rlimit: STACK 8192k, CORE 0k, NPROC 29521, NOFILE 4096, AS infinity
load average:17.27 6.13 2.80

/proc/meminfo:
MemTotal:        3800312 kB
MemFree:          119980 kB
Buffers:            4332 kB
Cached:           297916 kB
SwapCached:            0 kB
Active:          3258792 kB
Inactive:         262804 kB
Active(anon):    3222652 kB
Inactive(anon):   238008 kB
Active(file):      36140 kB
Inactive(file):    24796 kB
Unevictable:         152 kB
Mlocked:             152 kB
SwapTotal:             0 kB
SwapFree:              0 kB
Dirty:               552 kB
Writeback:             0 kB
AnonPages:       3219332 kB
Mapped:            90880 kB
Shmem:            241596 kB
Slab:              69480 kB
SReclaimable:      36372 kB
SUnreclaim:        33108 kB
KernelStack:        5104 kB
PageTables:        35660 kB
NFS_Unstable:          0 kB
Bounce:                0 kB
WritebackTmp:          0 kB
CommitLimit:     1900156 kB
Committed_AS:    6501608 kB
VmallocTotal:   34359738367 kB
VmallocUsed:      347936 kB
VmallocChunk:   34359355224 kB
HardwareCorrupted:     0 kB
AnonHugePages:   1835008 kB
HugePages_Total:       0
HugePages_Free:        0
HugePages_Rsvd:        0
HugePages_Surp:        0
Hugepagesize:       2048 kB
DirectMap4k:       64568 kB
DirectMap2M:     4014080 kB


CPU:total 4 (2 cores per cpu, 2 threads per core) family 6 model 42 stepping 7, cmov, cx8, fxsr, mmx, sse, sse2, sse3, ssse3, sse4.1, sse4.2, popcnt, avx, aes, clmul, ht, tsc, tscinvbit

/proc/cpuinfo:
processor	: 0
vendor_id	: GenuineIntel
cpu family	: 6
model		: 42
model name	: Intel(R) Core(TM) i5-2467M CPU @ 1.60GHz
stepping	: 7
microcode	: 0x25
cpu MHz		: 1991.000
cache size	: 3072 KB
physical id	: 0
siblings	: 4
core id		: 0
cpu cores	: 2
apicid		: 0
initial apicid	: 0
fpu		: yes
fpu_exception	: yes
cpuid level	: 13
wp		: yes
flags		: fpu vme de pse tsc msr pae mce cx8 apic sep mtrr pge mca cmov pat pse36 clflush dts acpi mmx fxsr sse sse2 ss ht tm pbe syscall nx rdtscp lm constant_tsc arch_perfmon pebs bts nopl xtopology nonstop_tsc aperfmperf eagerfpu pni pclmulqdq dtes64 monitor ds_cpl vmx est tm2 ssse3 cx16 xtpr pdcm pcid sse4_1 sse4_2 x2apic popcnt tsc_deadline_timer aes xsave avx lahf_lm ida arat epb xsaveopt pln pts dtherm tpr_shadow vnmi flexpriority ept vpid
bogomips	: 3192.89
clflush size	: 64
cache_alignment	: 64
address sizes	: 36 bits physical, 48 bits virtual
power management:

processor	: 1
vendor_id	: GenuineIntel
cpu family	: 6
model		: 42
model name	: Intel(R) Core(TM) i5-2467M CPU @ 1.60GHz
stepping	: 7
microcode	: 0x25
cpu MHz		: 2016.000
cache size	: 3072 KB
physical id	: 0
siblings	: 4
core id		: 0
cpu cores	: 2
apicid		: 1
initial apicid	: 1
fpu		: yes
fpu_exception	: yes
cpuid level	: 13
wp		: yes
flags		: fpu vme de pse tsc msr pae mce cx8 apic sep mtrr pge mca cmov pat pse36 clflush dts acpi mmx fxsr sse sse2 ss ht tm pbe syscall nx rdtscp lm constant_tsc arch_perfmon pebs bts nopl xtopology nonstop_tsc aperfmperf eagerfpu pni pclmulqdq dtes64 monitor ds_cpl vmx est tm2 ssse3 cx16 xtpr pdcm pcid sse4_1 sse4_2 x2apic popcnt tsc_deadline_timer aes xsave avx lahf_lm ida arat epb xsaveopt pln pts dtherm tpr_shadow vnmi flexpriority ept vpid
bogomips	: 3192.89
clflush size	: 64
cache_alignment	: 64
address sizes	: 36 bits physical, 48 bits virtual
power management:

processor	: 2
vendor_id	: GenuineIntel
cpu family	: 6
model		: 42
model name	: Intel(R) Core(TM) i5-2467M CPU @ 1.60GHz
stepping	: 7
microcode	: 0x25
cpu MHz		: 2016.000
cache size	: 3072 KB
physical id	: 0
siblings	: 4
core id		: 1
cpu cores	: 2
apicid		: 2
initial apicid	: 2
fpu		: yes
fpu_exception	: yes
cpuid level	: 13
wp		: yes
flags		: fpu vme de pse tsc msr pae mce cx8 apic sep mtrr pge mca cmov pat pse36 clflush dts acpi mmx fxsr sse sse2 ss ht tm pbe syscall nx rdtscp lm constant_tsc arch_perfmon pebs bts nopl xtopology nonstop_tsc aperfmperf eagerfpu pni pclmulqdq dtes64 monitor ds_cpl vmx est tm2 ssse3 cx16 xtpr pdcm pcid sse4_1 sse4_2 x2apic popcnt tsc_deadline_timer aes xsave avx lahf_lm ida arat epb xsaveopt pln pts dtherm tpr_shadow vnmi flexpriority ept vpid
bogomips	: 3192.89
clflush size	: 64
cache_alignment	: 64
address sizes	: 36 bits physical, 48 bits virtual
power management:

processor	: 3
vendor_id	: GenuineIntel
cpu family	: 6
model		: 42
model name	: Intel(R) Core(TM) i5-2467M CPU @ 1.60GHz
stepping	: 7
microcode	: 0x25
cpu MHz		: 2016.000
cache size	: 3072 KB
physical id	: 0
siblings	: 4
core id		: 1
cpu cores	: 2
apicid		: 3
initial apicid	: 3
fpu		: yes
fpu_exception	: yes
cpuid level	: 13
wp		: yes
flags		: fpu vme de pse tsc msr pae mce cx8 apic sep mtrr pge mca cmov pat pse36 clflush dts acpi mmx fxsr sse sse2 ss ht tm pbe syscall nx rdtscp lm constant_tsc arch_perfmon pebs bts nopl xtopology nonstop_tsc aperfmperf eagerfpu pni pclmulqdq dtes64 monitor ds_cpl vmx est tm2 ssse3 cx16 xtpr pdcm pcid sse4_1 sse4_2 x2apic popcnt tsc_deadline_timer aes xsave avx lahf_lm ida arat epb xsaveopt pln pts dtherm tpr_shadow vnmi flexpriority ept vpid
bogomips	: 3192.89
clflush size	: 64
cache_alignment	: 64
address sizes	: 36 bits physical, 48 bits virtual
power management:



Memory: 4k page, physical 3800312k(119980k free), swap 0k(0k free)

vm_info: OpenJDK 64-Bit Server VM (25.76-b03) for linux-amd64 JRE (1.8.0_76-release-b03), built on Jun 29 2016 09:39:19 by "builder" with gcc 4.8.4

time: Sat Sep 24 14:35:41 2016
elapsed time: 17 seconds (0d 0h 0m 17s)

