#
# There is insufficient memory for the Java Runtime Environment to continue.
# Native memory allocation (mmap) failed to map 524288 bytes for committing reserved memory.
# Possible reasons:
#   The system is out of physical RAM or swap space
#   In 32 bit mode, the process size limit was hit
# Possible solutions:
#   Reduce memory load on the system
#   Increase physical memory or swap space
#   Check if swap backing store is full
#   Use 64 bit Java on a 64 bit OS
#   Decrease Java heap size (-Xmx/-Xms)
#   Decrease number of Java threads
#   Decrease Java thread stack sizes (-Xss)
#   Set larger code cache with -XX:ReservedCodeCacheSize=
# This output file may be truncated or incomplete.
#
#  Out of Memory Error (os_linux.cpp:2627), pid=25215, tid=0x00007f5123d6b700
#
# JRE version: OpenJDK Runtime Environment (8.0_76-b03) (build 1.8.0_76-release-b03)
# Java VM: OpenJDK 64-Bit Server VM (25.76-b03 mixed mode linux-amd64 compressed oops)
# Failed to write core dump. Core dumps have been disabled. To enable core dumping, try "ulimit -c unlimited" before starting Java again
#

---------------  T H R E A D  ---------------

Current thread (0x00007f5134021000):  GCTaskThread [stack: 0x00007f5123c6b000,0x00007f5123d6c000] [id=25220]

Stack: [0x00007f5123c6b000,0x00007f5123d6c000],  sp=0x00007f5123d6a930,  free space=1022k
Native frames: (J=compiled Java code, j=interpreted, Vv=VM code, C=native code)
V  [libjvm.so+0x9d9fcd]  VMError::report_and_die()+0x15d
V  [libjvm.so+0x4b4d4a]  report_vm_out_of_memory(char const*, int, unsigned long, VMErrorType, char const*)+0x8a
V  [libjvm.so+0x845190]  os::pd_commit_memory(char*, unsigned long, unsigned long, bool)+0xf0
V  [libjvm.so+0x83fcbf]  os::commit_memory(char*, unsigned long, unsigned long, bool)+0x1f
V  [libjvm.so+0x8b4d9b]  PSVirtualSpace::expand_by(unsigned long)+0x5b
V  [libjvm.so+0x8a5b7b]  PSOldGen::expand_by(unsigned long) [clone .part.109]+0x1b
V  [libjvm.so+0x8a5d3b]  PSOldGen::expand(unsigned long) [clone .part.111]+0xdb
V  [libjvm.so+0x8a604f]  PSOldGen::expand_and_cas_allocate(unsigned long)+0x1f
V  [libjvm.so+0x8b0689]  oopDesc* PSPromotionManager::copy_to_survivor_space<false>(oopDesc*)+0x969
V  [libjvm.so+0x8af7e8]  PSPromotionManager::drain_stacks_depth(bool)+0x6d8
V  [libjvm.so+0x8b3772]  StealTask::do_it(GCTaskManager*, unsigned int)+0x32
V  [libjvm.so+0x57ef02]  GCTaskThread::run()+0x162
V  [libjvm.so+0x8425b2]  java_start(Thread*)+0xf2


---------------  P R O C E S S  ---------------

Java Threads: ( => current thread )
  0x00007f5134152000 JavaThread "pool-2-thread-4" [_thread_blocked, id=25245, stack(0x00007f511232f000,0x00007f5112430000)]
  0x00007f5134150000 JavaThread "pool-2-thread-3" [_thread_blocked, id=25244, stack(0x00007f5112430000,0x00007f5112531000)]
  0x00007f513414e800 JavaThread "pool-2-thread-2" [_thread_blocked, id=25243, stack(0x00007f5112531000,0x00007f5112632000)]
  0x00007f513414b800 JavaThread "pool-3-thread-1" [_thread_blocked, id=25242, stack(0x00007f5112632000,0x00007f5112733000)]
  0x00007f5134149000 JavaThread "pool-2-thread-1" [_thread_blocked, id=25241, stack(0x00007f5112733000,0x00007f5112834000)]
  0x00007f51340c0000 JavaThread "Service Thread" daemon [_thread_blocked, id=25231, stack(0x00007f5112935000,0x00007f5112a36000)]
  0x00007f51340bd000 JavaThread "C1 CompilerThread2" daemon [_thread_blocked, id=25230, stack(0x00007f5112a36000,0x00007f5112b37000)]
  0x00007f51340bb800 JavaThread "C2 CompilerThread1" daemon [_thread_blocked, id=25229, stack(0x00007f5112b37000,0x00007f5112c38000)]
  0x00007f51340b8800 JavaThread "C2 CompilerThread0" daemon [_thread_in_native, id=25228, stack(0x00007f5112c38000,0x00007f5112d39000)]
  0x00007f51340b7000 JavaThread "Signal Dispatcher" daemon [_thread_blocked, id=25227, stack(0x00007f5112d39000,0x00007f5112e3a000)]
  0x00007f5134084000 JavaThread "Finalizer" daemon [_thread_blocked, id=25226, stack(0x00007f5113afb000,0x00007f5113bfc000)]
  0x00007f513407f800 JavaThread "Reference Handler" daemon [_thread_blocked, id=25225, stack(0x00007f5113bfc000,0x00007f5113cfd000)]
  0x00007f513400a000 JavaThread "main" [_thread_blocked, id=25217, stack(0x00007f513a31d000,0x00007f513a41e000)]

Other Threads:
  0x00007f5134077800 VMThread [stack: 0x00007f5113cfd000,0x00007f5113dfe000] [id=25223]
  0x00007f51340c2800 WatcherThread [stack: 0x00007f5112834000,0x00007f5112935000] [id=25232]

=>0x00007f5134021000 (exited) GCTaskThread [stack: 0x00007f5123c6b000,0x00007f5123d6c000] [id=25220]

VM state:at safepoint (normal execution)

VM Mutex/Monitor currently owned by a thread:  ([mutex/lock_event])
[0x00007f5134006160] ExpandHeap_lock - owner thread: 0x00007f5134021000
[0x00007f51340067e0] Threads_lock - owner thread: 0x00007f5134077800
[0x00007f5134006ce0] Heap_lock - owner thread: 0x00007f5134149000

Heap:
 PSYoungGen      total 232960K, used 223581K [0x00000000eab00000, 0x0000000100000000, 0x0000000100000000)
  eden space 116736K, 100% used [0x00000000eab00000,0x00000000f1d00000,0x00000000f1d00000)
  from space 116224K, 91% used [0x00000000f1d00000,0x00000000f8557568,0x00000000f8e80000)
  to   space 116224K, 38% used [0x00000000f8e80000,0x00000000fbaa5410,0x0000000100000000)
 ParOldGen       total 322048K, used 322044K [0x00000000c0000000, 0x00000000d3a80000, 0x00000000eab00000)
  object space 322048K, 99% used [0x00000000c0000000,0x00000000d3a7f1d8,0x00000000d3a80000)
 Metaspace       used 6426K, capacity 7216K, committed 7296K, reserved 1056768K
  class space    used 594K, capacity 616K, committed 640K, reserved 1048576K

Card table byte_map: [0x00007f5123fc3000,0x00007f51241c4000] byte_map_base: 0x00007f51239c3000

Marking Bits: (ParMarkBitMap*) 0x00007f51397fb1a0
 Begin Bits: [0x00007f5121a69000, 0x00007f5122a69000)
 End Bits:   [0x00007f5122a69000, 0x00007f5123a69000)

Polling page: 0x00007f513a445000

CodeCache: size=245760Kb used=8706Kb max_used=8706Kb free=237053Kb
 bounds [0x00007f5124584000, 0x00007f5124e14000, 0x00007f5133584000]
 total_blobs=2343 nmethods=2072 adapters=185
 compilation: enabled

Compilation events (10 events):
Event: 34.860 Thread 0x00007f51340bd000 2521   !   2       com.android.dx.command.dexer.Main::translateClass (65 bytes)
Event: 34.861 Thread 0x00007f51340bd000 nmethod 2521 0x00007f5124e08110 code [0x00007f5124e082c0, 0x00007f5124e08728]
Event: 35.687 Thread 0x00007f51340bd000 2524       1       java.lang.Integer::intValue (5 bytes)
Event: 35.688 Thread 0x00007f51340bd000 nmethod 2524 0x00007f5124dfb310 code [0x00007f5124dfb460, 0x00007f5124dfb570]
Event: 35.775 Thread 0x00007f51340bd000 2525       1       com.android.dx.rop.cst.CstLiteral32::isCategory2 (2 bytes)
Event: 35.775 Thread 0x00007f51340bd000 nmethod 2525 0x00007f5124e089d0 code [0x00007f5124e08b20, 0x00007f5124e08c30]
Event: 35.825 Thread 0x00007f51340bd000 2526       2       com.android.dx.ssa.SsaBasicBlock::getLiveOutRegs (26 bytes)
Event: 35.825 Thread 0x00007f51340bd000 nmethod 2526 0x00007f5124e08c90 code [0x00007f5124e08e20, 0x00007f5124e091d8]
Event: 35.900 Thread 0x00007f51340bd000 2528       2       java.util.Arrays::sort (19 bytes)
Event: 35.901 Thread 0x00007f51340bd000 nmethod 2528 0x00007f5124e09410 code [0x00007f5124e09580, 0x00007f5124e09738]

GC Heap History (10 events):
Event: 23.974 GC heap after
Heap after GC invocations=14 (full 2):
 PSYoungGen      total 254464K, used 49765K [0x00000000eab00000, 0x0000000100000000, 0x0000000100000000)
  eden space 161792K, 0% used [0x00000000eab00000,0x00000000eab00000,0x00000000f4900000)
  from space 92672K, 53% used [0x00000000fa580000,0x00000000fd6195c0,0x0000000100000000)
  to   space 93696K, 0% used [0x00000000f4900000,0x00000000f4900000,0x00000000fa480000)
 ParOldGen       total 242688K, used 203260K [0x00000000c0000000, 0x00000000ced00000, 0x00000000eab00000)
  object space 242688K, 83% used [0x00000000c0000000,0x00000000cc67f3d0,0x00000000ced00000)
 Metaspace       used 6129K, capacity 7024K, committed 7296K, reserved 1056768K
  class space    used 594K, capacity 616K, committed 640K, reserved 1048576K
}
Event: 23.974 GC heap before
{Heap before GC invocations=15 (full 3):
 PSYoungGen      total 254464K, used 49765K [0x00000000eab00000, 0x0000000100000000, 0x0000000100000000)
  eden space 161792K, 0% used [0x00000000eab00000,0x00000000eab00000,0x00000000f4900000)
  from space 92672K, 53% used [0x00000000fa580000,0x00000000fd6195c0,0x0000000100000000)
  to   space 93696K, 0% used [0x00000000f4900000,0x00000000f4900000,0x00000000fa480000)
 ParOldGen       total 242688K, used 203260K [0x00000000c0000000, 0x00000000ced00000, 0x00000000eab00000)
  object space 242688K, 83% used [0x00000000c0000000,0x00000000cc67f3d0,0x00000000ced00000)
 Metaspace       used 6129K, capacity 7024K, committed 7296K, reserved 1056768K
  class space    used 594K, capacity 616K, committed 640K, reserved 1048576K
Event: 25.724 GC heap after
Heap after GC invocations=15 (full 3):
 PSYoungGen      total 254464K, used 0K [0x00000000eab00000, 0x0000000100000000, 0x0000000100000000)
  eden space 161792K, 0% used [0x00000000eab00000,0x00000000eab00000,0x00000000f4900000)
  from space 92672K, 0% used [0x00000000fa580000,0x00000000fa580000,0x0000000100000000)
  to   space 93696K, 0% used [0x00000000f4900000,0x00000000f4900000,0x00000000fa480000)
 ParOldGen       total 299520K, used 175007K [0x00000000c0000000, 0x00000000d2480000, 0x00000000eab00000)
  object space 299520K, 58% used [0x00000000c0000000,0x00000000caae7db0,0x00000000d2480000)
 Metaspace       used 6129K, capacity 7024K, committed 7296K, reserved 1056768K
  class space    used 594K, capacity 616K, committed 640K, reserved 1048576K
}
Event: 29.672 GC heap before
{Heap before GC invocations=16 (full 3):
 PSYoungGen      total 254464K, used 161792K [0x00000000eab00000, 0x0000000100000000, 0x0000000100000000)
  eden space 161792K, 100% used [0x00000000eab00000,0x00000000f4900000,0x00000000f4900000)
  from space 92672K, 0% used [0x00000000fa580000,0x00000000fa580000,0x0000000100000000)
  to   space 93696K, 0% used [0x00000000f4900000,0x00000000f4900000,0x00000000fa480000)
 ParOldGen       total 299520K, used 175007K [0x00000000c0000000, 0x00000000d2480000, 0x00000000eab00000)
  object space 299520K, 58% used [0x00000000c0000000,0x00000000caae7db0,0x00000000d2480000)
 Metaspace       used 6324K, capacity 7152K, committed 7296K, reserved 1056768K
  class space    used 594K, capacity 616K, committed 640K, reserved 1048576K
Event: 29.988 GC heap after
Heap after GC invocations=16 (full 3):
 PSYoungGen      total 213504K, used 51413K [0x00000000eab00000, 0x0000000100000000, 0x0000000100000000)
  eden space 161792K, 0% used [0x00000000eab00000,0x00000000eab00000,0x00000000f4900000)
  from space 51712K, 99% used [0x00000000f4900000,0x00000000f7b35508,0x00000000f7b80000)
  to   space 94720K, 0% used [0x00000000fa380000,0x00000000fa380000,0x0000000100000000)
 ParOldGen       total 299520K, used 175015K [0x00000000c0000000, 0x00000000d2480000, 0x00000000eab00000)
  object space 299520K, 58% used [0x00000000c0000000,0x00000000caae9db0,0x00000000d2480000)
 Metaspace       used 6324K, capacity 7152K, committed 7296K, reserved 1056768K
  class space    used 594K, capacity 616K, committed 640K, reserved 1048576K
}
Event: 33.554 GC heap before
{Heap before GC invocations=17 (full 3):
 PSYoungGen      total 213504K, used 213205K [0x00000000eab00000, 0x0000000100000000, 0x0000000100000000)
  eden space 161792K, 100% used [0x00000000eab00000,0x00000000f4900000,0x00000000f4900000)
  from space 51712K, 99% used [0x00000000f4900000,0x00000000f7b35508,0x00000000f7b80000)
  to   space 94720K, 0% used [0x00000000fa380000,0x00000000fa380000,0x0000000100000000)
 ParOldGen       total 299520K, used 175015K [0x00000000c0000000, 0x00000000d2480000, 0x00000000eab00000)
  object space 299520K, 58% used [0x00000000c0000000,0x00000000caae9db0,0x00000000d2480000)
 Metaspace       used 6418K, capacity 7216K, committed 7296K, reserved 1056768K
  class space    used 594K, capacity 616K, committed 640K, reserved 1048576K
Event: 34.293 GC heap after
Heap after GC invocations=17 (full 3):
 PSYoungGen      total 211456K, used 94701K [0x00000000eab00000, 0x0000000100000000, 0x0000000100000000)
  eden space 116736K, 0% used [0x00000000eab00000,0x00000000eab00000,0x00000000f1d00000)
  from space 94720K, 99% used [0x00000000fa380000,0x00000000ffffb660,0x0000000100000000)
  to   space 116224K, 0% used [0x00000000f1d00000,0x00000000f1d00000,0x00000000f8e80000)
 ParOldGen       total 299520K, used 195051K [0x00000000c0000000, 0x00000000d2480000, 0x00000000eab00000)
  object space 299520K, 65% used [0x00000000c0000000,0x00000000cbe7acb0,0x00000000d2480000)
 Metaspace       used 6418K, capacity 7216K, committed 7296K, reserved 1056768K
  class space    used 594K, capacity 616K, committed 640K, reserved 1048576K
}
Event: 35.052 GC heap before
{Heap before GC invocations=18 (full 3):
 PSYoungGen      total 211456K, used 211437K [0x00000000eab00000, 0x0000000100000000, 0x0000000100000000)
  eden space 116736K, 100% used [0x00000000eab00000,0x00000000f1d00000,0x00000000f1d00000)
  from space 94720K, 99% used [0x00000000fa380000,0x00000000ffffb660,0x0000000100000000)
  to   space 116224K, 0% used [0x00000000f1d00000,0x00000000f1d00000,0x00000000f8e80000)
 ParOldGen       total 299520K, used 195051K [0x00000000c0000000, 0x00000000d2480000, 0x00000000eab00000)
  object space 299520K, 65% used [0x00000000c0000000,0x00000000cbe7acb0,0x00000000d2480000)
 Metaspace       used 6426K, capacity 7216K, committed 7296K, reserved 1056768K
  class space    used 594K, capacity 616K, committed 640K, reserved 1048576K
Event: 35.621 GC heap after
Heap after GC invocations=18 (full 3):
 PSYoungGen      total 232960K, used 106845K [0x00000000eab00000, 0x0000000100000000, 0x0000000100000000)
  eden space 116736K, 0% used [0x00000000eab00000,0x00000000eab00000,0x00000000f1d00000)
  from space 116224K, 91% used [0x00000000f1d00000,0x00000000f8557568,0x00000000f8e80000)
  to   space 116224K, 0% used [0x00000000f8e80000,0x00000000f8e80000,0x0000000100000000)
 ParOldGen       total 299520K, used 236254K [0x00000000c0000000, 0x00000000d2480000, 0x00000000eab00000)
  object space 299520K, 78% used [0x00000000c0000000,0x00000000ce6b7a98,0x00000000d2480000)
 Metaspace       used 6426K, capacity 7216K, committed 7296K, reserved 1056768K
  class space    used 594K, capacity 616K, committed 640K, reserved 1048576K
}
Event: 36.060 GC heap before
{Heap before GC invocations=19 (full 3):
 PSYoungGen      total 232960K, used 223581K [0x00000000eab00000, 0x0000000100000000, 0x0000000100000000)
  eden space 116736K, 100% used [0x00000000eab00000,0x00000000f1d00000,0x00000000f1d00000)
  from space 116224K, 91% used [0x00000000f1d00000,0x00000000f8557568,0x00000000f8e80000)
  to   space 116224K, 0% used [0x00000000f8e80000,0x00000000f8e80000,0x0000000100000000)
 ParOldGen       total 299520K, used 236254K [0x00000000c0000000, 0x00000000d2480000, 0x00000000eab00000)
  object space 299520K, 78% used [0x00000000c0000000,0x00000000ce6b7a98,0x00000000d2480000)
 Metaspace       used 6426K, capacity 7216K, committed 7296K, reserved 1056768K
  class space    used 594K, capacity 616K, committed 640K, reserved 1048576K

Deoptimization events (10 events):
Event: 20.975 Thread 0x00007f5134149000 Uncommon trap: reason=class_check action=maybe_recompile pc=0x00007f51248ff940 method=com.android.dx.ssa.back.InterferenceGraph.add(II)V @ 19
Event: 20.975 Thread 0x00007f5134149000 Uncommon trap: reason=class_check action=maybe_recompile pc=0x00007f51248ff940 method=com.android.dx.ssa.back.InterferenceGraph.add(II)V @ 19
Event: 27.505 Thread 0x00007f513400a000 Uncommon trap: reason=unstable_if action=reinterpret pc=0x00007f5124b41f54 method=com.android.dx.cf.code.ByteCatchList.typeNotFound(Lcom/android/dx/cf/code/ByteCatchList$Item;[Lcom/android/dx/cf/code/ByteCatchList$Item;I)Z @ 26
Event: 27.506 Thread 0x00007f513400a000 Uncommon trap: reason=class_check action=maybe_recompile pc=0x00007f5124b77100 method=com.android.dx.cf.code.RopperMachine.run(Lcom/android/dx/cf/code/Frame;II)V @ 310
Event: 32.050 Thread 0x00007f513400a000 Uncommon trap: reason=unstable_if action=reinterpret pc=0x00007f5124d98764 method=com.android.dx.cf.code.ByteCatchList.typeNotFound(Lcom/android/dx/cf/code/ByteCatchList$Item;[Lcom/android/dx/cf/code/ByteCatchList$Item;I)Z @ 34
Event: 32.938 Thread 0x00007f513400a000 Uncommon trap: reason=bimorphic action=maybe_recompile pc=0x00007f5124dd62c0 method=com.android.dx.ssa.SCCP.setLatticeValueTo(IILcom/android/dx/rop/cst/Constant;)Z @ 43
Event: 35.905 Thread 0x00007f513400a000 Uncommon trap: reason=bimorphic action=maybe_recompile pc=0x00007f5124dd62c0 method=com.android.dx.ssa.SCCP.setLatticeValueTo(IILcom/android/dx/rop/cst/Constant;)Z @ 43
Event: 35.905 Thread 0x00007f513400a000 Uncommon trap: reason=bimorphic action=maybe_recompile pc=0x00007f5124dd62c0 method=com.android.dx.ssa.SCCP.setLatticeValueTo(IILcom/android/dx/rop/cst/Constant;)Z @ 43
Event: 35.905 Thread 0x00007f513400a000 Uncommon trap: reason=bimorphic action=maybe_recompile pc=0x00007f5124dd0d20 method=com.android.dx.ssa.SCCP.setLatticeValueTo(IILcom/android/dx/rop/cst/Constant;)Z @ 43
Event: 35.909 Thread 0x00007f513400a000 Uncommon trap: reason=bimorphic action=maybe_recompile pc=0x00007f5124dd62c0 method=com.android.dx.ssa.SCCP.setLatticeValueTo(IILcom/android/dx/rop/cst/Constant;)Z @ 43

Internal exceptions (5 events):
Event: 0.037 Thread 0x00007f513400a000 Exception <a 'java/lang/NoSuchMethodError': Method sun.misc.Unsafe.defineClass(Ljava/lang/String;[BII)Ljava/lang/Class; name or signature does not match> (0x00000000eab07cc0) thrown at [/ssd/Android/AOSP-openjdk/external/jetbrains/jdk/hotspot/src/share/vm
Event: 0.037 Thread 0x00007f513400a000 Exception <a 'java/lang/NoSuchMethodError': Method sun.misc.Unsafe.prefetchRead(Ljava/lang/Object;J)V name or signature does not match> (0x00000000eab07fa8) thrown at [/ssd/Android/AOSP-openjdk/external/jetbrains/jdk/hotspot/src/share/vm/prims/jni.cpp, li
Event: 4.456 Thread 0x00007f5134152000 Exception <a 'java/lang/ArrayIndexOutOfBoundsException': 18> (0x00000000eb21d7a0) thrown at [/ssd/Android/AOSP-openjdk/external/jetbrains/jdk/hotspot/src/share/vm/interpreter/interpreterRuntime.cpp, line 366]
Event: 4.456 Thread 0x00007f5134152000 Exception <a 'java/lang/ArrayIndexOutOfBoundsException': 145> (0x00000000eb21f320) thrown at [/ssd/Android/AOSP-openjdk/external/jetbrains/jdk/hotspot/src/share/vm/interpreter/interpreterRuntime.cpp, line 366]
Event: 4.457 Thread 0x00007f5134152000 Exception <a 'java/lang/ArrayIndexOutOfBoundsException': 40> (0x00000000eb220608) thrown at [/ssd/Android/AOSP-openjdk/external/jetbrains/jdk/hotspot/src/share/vm/interpreter/interpreterRuntime.cpp, line 366]

Events (10 events):
Event: 35.909 Thread 0x00007f513400a000 Uncommon trap: trap_request=0xffffffc6 fr.pc=0x00007f5124dd62c0
Event: 35.909 Thread 0x00007f513400a000 DEOPT PACKING pc=0x00007f5124dd62c0 sp=0x00007f513a41b760
Event: 35.909 Thread 0x00007f513400a000 DEOPT UNPACKING pc=0x00007f5124588f69 sp=0x00007f513a41b638 mode 2
Event: 35.951 Thread 0x00007f513414e800 DEOPT PACKING pc=0x00007f51248673a0 sp=0x00007f511262fe50
Event: 35.951 Thread 0x00007f513414e800 DEOPT UNPACKING pc=0x00007f51245cb373 sp=0x00007f511262fc50 mode 0
Event: 35.980 Thread 0x00007f5134150000 DEOPT PACKING pc=0x00007f5124a80a6d sp=0x00007f511252ef60
Event: 35.980 Thread 0x00007f5134150000 DEOPT UNPACKING pc=0x00007f51245cb373 sp=0x00007f511252edc0 mode 0
Event: 36.009 Thread 0x00007f513400a000 DEOPT PACKING pc=0x00007f51248673a0 sp=0x00007f513a41b760
Event: 36.009 Thread 0x00007f513400a000 DEOPT UNPACKING pc=0x00007f51245cb373 sp=0x00007f513a41b560 mode 0
Event: 36.052 Executing VM operation: ParallelGCFailedAllocation


Dynamic libraries:
00400000-00401000 r-xp 00000000 08:05 1506559                            /home/victorhugo/Programs/android-studio/jre/bin/java
00600000-00601000 r--p 00000000 08:05 1506559                            /home/victorhugo/Programs/android-studio/jre/bin/java
00601000-00602000 rw-p 00001000 08:05 1506559                            /home/victorhugo/Programs/android-studio/jre/bin/java
02541000-02562000 rw-p 00000000 00:00 0                                  [heap]
c0000000-d3a80000 rw-p 00000000 00:00 0 
d3b00000-eab00000 ---p 00000000 00:00 0 
eab00000-100000000 rw-p 00000000 00:00 0 
100000000-1000a0000 rw-p 00000000 00:00 0 
1000a0000-140000000 ---p 00000000 00:00 0 
7f50d0000000-7f50d003e000 rw-p 00000000 00:00 0 
7f50d003e000-7f50d4000000 ---p 00000000 00:00 0 
7f50d8000000-7f50d802e000 rw-p 00000000 00:00 0 
7f50d802e000-7f50dc000000 ---p 00000000 00:00 0 
7f50dc000000-7f50dc025000 rw-p 00000000 00:00 0 
7f50dc025000-7f50e0000000 ---p 00000000 00:00 0 
7f50e0000000-7f50e0032000 rw-p 00000000 00:00 0 
7f50e0032000-7f50e4000000 ---p 00000000 00:00 0 
7f50e4000000-7f50e4021000 rw-p 00000000 00:00 0 
7f50e4021000-7f50e8000000 ---p 00000000 00:00 0 
7f50e8000000-7f50e8021000 rw-p 00000000 00:00 0 
7f50e8021000-7f50ec000000 ---p 00000000 00:00 0 
7f50ec000000-7f50ec021000 rw-p 00000000 00:00 0 
7f50ec021000-7f50f0000000 ---p 00000000 00:00 0 
7f50f0000000-7f50f0c70000 rw-p 00000000 00:00 0 
7f50f0c70000-7f50f4000000 ---p 00000000 00:00 0 
7f50f4000000-7f50f4a3c000 rw-p 00000000 00:00 0 
7f50f4a3c000-7f50f8000000 ---p 00000000 00:00 0 
7f50f8000000-7f50f8021000 rw-p 00000000 00:00 0 
7f50f8021000-7f50fc000000 ---p 00000000 00:00 0 
7f50fc000000-7f50fd9a1000 rw-p 00000000 00:00 0 
7f50fd9a1000-7f5100000000 ---p 00000000 00:00 0 
7f5100000000-7f5100021000 rw-p 00000000 00:00 0 
7f5100021000-7f5104000000 ---p 00000000 00:00 0 
7f5104000000-7f5104021000 rw-p 00000000 00:00 0 
7f5104021000-7f5108000000 ---p 00000000 00:00 0 
7f5108000000-7f5108033000 rw-p 00000000 00:00 0 
7f5108033000-7f510c000000 ---p 00000000 00:00 0 
7f510c000000-7f510c021000 rw-p 00000000 00:00 0 
7f510c021000-7f5110000000 ---p 00000000 00:00 0 
7f511232f000-7f5112332000 ---p 00000000 00:00 0 
7f5112332000-7f5112430000 rw-p 00000000 00:00 0                          [stack:25245]
7f5112430000-7f5112433000 ---p 00000000 00:00 0 
7f5112433000-7f5112531000 rw-p 00000000 00:00 0                          [stack:25244]
7f5112531000-7f5112534000 ---p 00000000 00:00 0 
7f5112534000-7f5112632000 rw-p 00000000 00:00 0                          [stack:25243]
7f5112632000-7f5112635000 ---p 00000000 00:00 0 
7f5112635000-7f5112733000 rw-p 00000000 00:00 0                          [stack:25242]
7f5112733000-7f5112736000 ---p 00000000 00:00 0 
7f5112736000-7f5112834000 rw-p 00000000 00:00 0                          [stack:25241]
7f5112834000-7f5112835000 ---p 00000000 00:00 0 
7f5112835000-7f5112935000 rw-p 00000000 00:00 0                          [stack:25232]
7f5112935000-7f5112938000 ---p 00000000 00:00 0 
7f5112938000-7f5112a36000 rw-p 00000000 00:00 0                          [stack:25231]
7f5112a36000-7f5112a39000 ---p 00000000 00:00 0 
7f5112a39000-7f5112b37000 rw-p 00000000 00:00 0                          [stack:25230]
7f5112b37000-7f5112b3a000 ---p 00000000 00:00 0 
7f5112b3a000-7f5112c38000 rw-p 00000000 00:00 0                          [stack:25229]
7f5112c38000-7f5112c3b000 ---p 00000000 00:00 0 
7f5112c3b000-7f5112d39000 rw-p 00000000 00:00 0                          [stack:25228]
7f5112d39000-7f5112d3c000 ---p 00000000 00:00 0 
7f5112d3c000-7f5112e3a000 rw-p 00000000 00:00 0                          [stack:25227]
7f5112e3a000-7f5113afb000 r--p 00000000 08:05 272679                     /usr/lib/locale/locale-archive
7f5113afb000-7f5113afe000 ---p 00000000 00:00 0 
7f5113afe000-7f5113bfc000 rw-p 00000000 00:00 0                          [stack:25226]
7f5113bfc000-7f5113bff000 ---p 00000000 00:00 0 
7f5113bff000-7f5113cfd000 rw-p 00000000 00:00 0                          [stack:25225]
7f5113cfd000-7f5113cfe000 ---p 00000000 00:00 0 
7f5113cfe000-7f5114000000 rw-p 00000000 00:00 0                          [stack:25223]
7f5114000000-7f5114285000 rw-p 00000000 00:00 0 
7f5114285000-7f5118000000 ---p 00000000 00:00 0 
7f5118000000-7f5118021000 rw-p 00000000 00:00 0 
7f5118021000-7f511c000000 ---p 00000000 00:00 0 
7f511c000000-7f511c021000 rw-p 00000000 00:00 0 
7f511c021000-7f5120000000 ---p 00000000 00:00 0 
7f512004d000-7f5120065000 r--s 000f5000 08:05 1468473                    /home/victorhugo/Toci/app/build/intermediates/exploded-aar/com.google.android.gms/play-services-ads/8.4.0/jars/classes.jar
7f5120065000-7f5120074000 r--s 000df000 08:05 1832506                    /home/victorhugo/Programs/AndroidSDK/build-tools/23.0.2/lib/dx.jar
7f5120074000-7f5120e26000 rw-p 00000000 00:00 0 
7f5120e26000-7f5120ff3000 r--s 03bec000 08:05 1523188                    /home/victorhugo/Programs/android-studio/jre/jre/lib/rt.jar
7f5120ff3000-7f51216e9000 rw-p 00000000 00:00 0 
7f51216e9000-7f5121869000 ---p 00000000 00:00 0 
7f5121869000-7f5123a69000 rw-p 00000000 00:00 0 
7f5123a69000-7f5123a6a000 ---p 00000000 00:00 0 
7f5123a6a000-7f5123b6a000 rw-p 00000000 00:00 0                          [stack:25222]
7f5123b6a000-7f5123b6b000 ---p 00000000 00:00 0 
7f5123b6b000-7f5123c6b000 rw-p 00000000 00:00 0                          [stack:25221]
7f5123c6b000-7f5123c6c000 ---p 00000000 00:00 0 
7f5123c6c000-7f5123d6c000 rw-p 00000000 00:00 0                          [stack:25220]
7f5123d6c000-7f5123d6d000 ---p 00000000 00:00 0 
7f5123d6d000-7f5123f0b000 rw-p 00000000 00:00 0                          [stack:25219]
7f5123f0b000-7f5123fc3000 ---p 00000000 00:00 0 
7f5123fc3000-7f5124061000 rw-p 00000000 00:00 0 
7f5124061000-7f5124118000 ---p 00000000 00:00 0 
7f5124118000-7f51241c3000 rw-p 00000000 00:00 0 
7f51241c3000-7f51241e7000 rw-p 00000000 00:00 0 
7f51241e7000-7f5124584000 ---p 00000000 00:00 0 
7f5124584000-7f5124e14000 rwxp 00000000 00:00 0 
7f5124e14000-7f5133584000 ---p 00000000 00:00 0 
7f5133584000-7f513359e000 r-xp 00000000 08:05 1523215                    /home/victorhugo/Programs/android-studio/jre/jre/lib/amd64/libzip.so
7f513359e000-7f513379e000 ---p 0001a000 08:05 1523215                    /home/victorhugo/Programs/android-studio/jre/jre/lib/amd64/libzip.so
7f513379e000-7f513379f000 r--p 0001a000 08:05 1523215                    /home/victorhugo/Programs/android-studio/jre/jre/lib/amd64/libzip.so
7f513379f000-7f51337a0000 rw-p 0001b000 08:05 1523215                    /home/victorhugo/Programs/android-studio/jre/jre/lib/amd64/libzip.so
7f51337a0000-7f51337aa000 r-xp 00000000 08:05 1846494                    /lib/x86_64-linux-gnu/libnss_files-2.19.so
7f51337aa000-7f51339a9000 ---p 0000a000 08:05 1846494                    /lib/x86_64-linux-gnu/libnss_files-2.19.so
7f51339a9000-7f51339aa000 r--p 00009000 08:05 1846494                    /lib/x86_64-linux-gnu/libnss_files-2.19.so
7f51339aa000-7f51339ab000 rw-p 0000a000 08:05 1846494                    /lib/x86_64-linux-gnu/libnss_files-2.19.so
7f51339ab000-7f51339b6000 r-xp 00000000 08:05 1846486                    /lib/x86_64-linux-gnu/libnss_nis-2.19.so
7f51339b6000-7f5133bb5000 ---p 0000b000 08:05 1846486                    /lib/x86_64-linux-gnu/libnss_nis-2.19.so
7f5133bb5000-7f5133bb6000 r--p 0000a000 08:05 1846486                    /lib/x86_64-linux-gnu/libnss_nis-2.19.so
7f5133bb6000-7f5133bb7000 rw-p 0000b000 08:05 1846486                    /lib/x86_64-linux-gnu/libnss_nis-2.19.so
7f5133bb7000-7f5133bce000 r-xp 00000000 08:05 1846482                    /lib/x86_64-linux-gnu/libnsl-2.19.so
7f5133bce000-7f5133dcd000 ---p 00017000 08:05 1846482                    /lib/x86_64-linux-gnu/libnsl-2.19.so
7f5133dcd000-7f5133dce000 r--p 00016000 08:05 1846482                    /lib/x86_64-linux-gnu/libnsl-2.19.so
7f5133dce000-7f5133dcf000 rw-p 00017000 08:05 1846482                    /lib/x86_64-linux-gnu/libnsl-2.19.so
7f5133dcf000-7f5133dd1000 rw-p 00000000 00:00 0 
7f5133dd1000-7f5133dfe000 r-xp 00000000 08:05 1523228                    /home/victorhugo/Programs/android-studio/jre/jre/lib/amd64/libjava.so
7f5133dfe000-7f5133ffd000 ---p 0002d000 08:05 1523228                    /home/victorhugo/Programs/android-studio/jre/jre/lib/amd64/libjava.so
7f5133ffd000-7f5133ffe000 r--p 0002c000 08:05 1523228                    /home/victorhugo/Programs/android-studio/jre/jre/lib/amd64/libjava.so
7f5133ffe000-7f5134000000 rw-p 0002d000 08:05 1523228                    /home/victorhugo/Programs/android-studio/jre/jre/lib/amd64/libjava.so
7f5134000000-7f513437e000 rw-p 00000000 00:00 0 
7f513437e000-7f5138000000 ---p 00000000 00:00 0 
7f513800e000-7f5138017000 r-xp 00000000 08:05 1846481                    /lib/x86_64-linux-gnu/libnss_compat-2.19.so
7f5138017000-7f5138216000 ---p 00009000 08:05 1846481                    /lib/x86_64-linux-gnu/libnss_compat-2.19.so
7f5138216000-7f5138217000 r--p 00008000 08:05 1846481                    /lib/x86_64-linux-gnu/libnss_compat-2.19.so
7f5138217000-7f5138218000 rw-p 00009000 08:05 1846481                    /lib/x86_64-linux-gnu/libnss_compat-2.19.so
7f5138218000-7f5138228000 r-xp 00000000 08:05 1523244                    /home/victorhugo/Programs/android-studio/jre/jre/lib/amd64/libverify.so
7f5138228000-7f5138427000 ---p 00010000 08:05 1523244                    /home/victorhugo/Programs/android-studio/jre/jre/lib/amd64/libverify.so
7f5138427000-7f5138429000 r--p 0000f000 08:05 1523244                    /home/victorhugo/Programs/android-studio/jre/jre/lib/amd64/libverify.so
7f5138429000-7f513842a000 rw-p 00011000 08:05 1523244                    /home/victorhugo/Programs/android-studio/jre/jre/lib/amd64/libverify.so
7f513842a000-7f5138431000 r-xp 00000000 08:05 1846490                    /lib/x86_64-linux-gnu/librt-2.19.so
7f5138431000-7f5138630000 ---p 00007000 08:05 1846490                    /lib/x86_64-linux-gnu/librt-2.19.so
7f5138630000-7f5138631000 r--p 00006000 08:05 1846490                    /lib/x86_64-linux-gnu/librt-2.19.so
7f5138631000-7f5138632000 rw-p 00007000 08:05 1846490                    /lib/x86_64-linux-gnu/librt-2.19.so
7f5138632000-7f5138737000 r-xp 00000000 08:05 1846457                    /lib/x86_64-linux-gnu/libm-2.19.so
7f5138737000-7f5138936000 ---p 00105000 08:05 1846457                    /lib/x86_64-linux-gnu/libm-2.19.so
7f5138936000-7f5138937000 r--p 00104000 08:05 1846457                    /lib/x86_64-linux-gnu/libm-2.19.so
7f5138937000-7f5138938000 rw-p 00105000 08:05 1846457                    /lib/x86_64-linux-gnu/libm-2.19.so
7f5138938000-7f513951e000 r-xp 00000000 08:05 1523247                    /home/victorhugo/Programs/android-studio/jre/jre/lib/amd64/server/libjvm.so
7f513951e000-7f513971e000 ---p 00be6000 08:05 1523247                    /home/victorhugo/Programs/android-studio/jre/jre/lib/amd64/server/libjvm.so
7f513971e000-7f51397bd000 r--p 00be6000 08:05 1523247                    /home/victorhugo/Programs/android-studio/jre/jre/lib/amd64/server/libjvm.so
7f51397bd000-7f51397e6000 rw-p 00c85000 08:05 1523247                    /home/victorhugo/Programs/android-studio/jre/jre/lib/amd64/server/libjvm.so
7f51397e6000-7f5139828000 rw-p 00000000 00:00 0 
7f5139828000-7f5139841000 r-xp 00000000 08:05 1846483                    /lib/x86_64-linux-gnu/libpthread-2.19.so
7f5139841000-7f5139a40000 ---p 00019000 08:05 1846483                    /lib/x86_64-linux-gnu/libpthread-2.19.so
7f5139a40000-7f5139a41000 r--p 00018000 08:05 1846483                    /lib/x86_64-linux-gnu/libpthread-2.19.so
7f5139a41000-7f5139a42000 rw-p 00019000 08:05 1846483                    /lib/x86_64-linux-gnu/libpthread-2.19.so
7f5139a42000-7f5139a46000 rw-p 00000000 00:00 0 
7f5139a46000-7f5139a49000 r-xp 00000000 08:05 1846478                    /lib/x86_64-linux-gnu/libdl-2.19.so
7f5139a49000-7f5139c48000 ---p 00003000 08:05 1846478                    /lib/x86_64-linux-gnu/libdl-2.19.so
7f5139c48000-7f5139c49000 r--p 00002000 08:05 1846478                    /lib/x86_64-linux-gnu/libdl-2.19.so
7f5139c49000-7f5139c4a000 rw-p 00003000 08:05 1846478                    /lib/x86_64-linux-gnu/libdl-2.19.so
7f5139c4a000-7f5139e04000 r-xp 00000000 08:05 1846491                    /lib/x86_64-linux-gnu/libc-2.19.so
7f5139e04000-7f513a004000 ---p 001ba000 08:05 1846491                    /lib/x86_64-linux-gnu/libc-2.19.so
7f513a004000-7f513a008000 r--p 001ba000 08:05 1846491                    /lib/x86_64-linux-gnu/libc-2.19.so
7f513a008000-7f513a00a000 rw-p 001be000 08:05 1846491                    /lib/x86_64-linux-gnu/libc-2.19.so
7f513a00a000-7f513a00f000 rw-p 00000000 00:00 0 
7f513a00f000-7f513a025000 r-xp 00000000 08:05 1477665                    /home/victorhugo/Programs/android-studio/jre/lib/amd64/jli/libjli.so
7f513a025000-7f513a224000 ---p 00016000 08:05 1477665                    /home/victorhugo/Programs/android-studio/jre/lib/amd64/jli/libjli.so
7f513a224000-7f513a225000 r--p 00015000 08:05 1477665                    /home/victorhugo/Programs/android-studio/jre/lib/amd64/jli/libjli.so
7f513a225000-7f513a226000 rw-p 00016000 08:05 1477665                    /home/victorhugo/Programs/android-studio/jre/lib/amd64/jli/libjli.so
7f513a226000-7f513a249000 r-xp 00000000 08:05 1846484                    /lib/x86_64-linux-gnu/ld-2.19.so
7f513a24d000-7f513a31d000 rw-p 00000000 00:00 0 
7f513a31d000-7f513a320000 ---p 00000000 00:00 0 
7f513a320000-7f513a422000 rw-p 00000000 00:00 0                          [stack:25217]
7f513a428000-7f513a43c000 rw-p 00000000 00:00 0 
7f513a43c000-7f513a444000 rw-s 00000000 08:05 2360948                    /tmp/hsperfdata_victorhugo/25215
7f513a444000-7f513a445000 rw-p 00000000 00:00 0 
7f513a445000-7f513a446000 ---p 00000000 00:00 0 
7f513a446000-7f513a448000 rw-p 00000000 00:00 0 
7f513a448000-7f513a449000 r--p 00022000 08:05 1846484                    /lib/x86_64-linux-gnu/ld-2.19.so
7f513a449000-7f513a44a000 rw-p 00023000 08:05 1846484                    /lib/x86_64-linux-gnu/ld-2.19.so
7f513a44a000-7f513a44b000 rw-p 00000000 00:00 0 
7ffd7d9c9000-7ffd7d9ea000 rw-p 00000000 00:00 0                          [stack]
7ffd7d9ea000-7ffd7d9ec000 r-xp 00000000 00:00 0                          [vdso]
ffffffffff600000-ffffffffff601000 r-xp 00000000 00:00 0                  [vsyscall]

VM Arguments:
jvm_args: -Djava.awt.headless=true -Xmx1024M -Dfile.encoding=UTF-8 -Duser.country=US -Duser.language=en -Duser.variant 
java_command: com.android.dx.command.Main --dex --force-jumbo --num-threads=4 --multi-dex --output /home/victorhugo/Toci/app/build/intermediates/transforms/dex/debug/folders/1000/10/com.google.android.gms-play-services-ads-8.4.0_a9f52ca56eae00b198d56dcaf8eca62b17a726b1 /home/victorhugo/Toci/app/build/intermediates/exploded-aar/com.google.android.gms/play-services-ads/8.4.0/jars/classes.jar
java_class_path (initial): /home/victorhugo/Programs/AndroidSDK/build-tools/23.0.2/lib/dx.jar
Launcher Type: SUN_STANDARD

Environment Variables:
JAVA_HOME=/usr/lib/jvm/java-8-oracle/jre/bin/java
PATH=/home/victorhugo/.rvm/gems/ruby-2.2.1/bin:/home/victorhugo/.rvm/gems/ruby-2.2.1@global/bin:/home/victorhugo/.rvm/rubies/ruby-2.2.1/bin:/usr/local/sbin:/usr/local/bin:/usr/sbin:/usr/bin:/sbin:/bin:/usr/games:/usr/local/games:/home/victorhugo/.rvm/bin
LD_LIBRARY_PATH=/home/victorhugo/Programs/android-studio/bin:
SHELL=/bin/bash
DISPLAY=:0

Signal Handlers:
SIGSEGV: [libjvm.so+0x9daac0], sa_mask[0]=11111111011111111101111111111110, sa_flags=SA_RESTART|SA_SIGINFO
SIGBUS: [libjvm.so+0x9daac0], sa_mask[0]=11111111011111111101111111111110, sa_flags=SA_RESTART|SA_SIGINFO
SIGFPE: [libjvm.so+0x840d90], sa_mask[0]=11111111011111111101111111111110, sa_flags=SA_RESTART|SA_SIGINFO
SIGPIPE: [libjvm.so+0x840d90], sa_mask[0]=11111111011111111101111111111110, sa_flags=SA_RESTART|SA_SIGINFO
SIGXFSZ: [libjvm.so+0x840d90], sa_mask[0]=11111111011111111101111111111110, sa_flags=SA_RESTART|SA_SIGINFO
SIGILL: [libjvm.so+0x840d90], sa_mask[0]=11111111011111111101111111111110, sa_flags=SA_RESTART|SA_SIGINFO
SIGUSR1: SIG_DFL, sa_mask[0]=00000000000000000000000000000000, sa_flags=none
SIGUSR2: [libjvm.so+0x840c60], sa_mask[0]=00100000000000000000000000000000, sa_flags=SA_RESTART|SA_SIGINFO
SIGHUP: [libjvm.so+0x840e50], sa_mask[0]=11111111011111111101111111111110, sa_flags=SA_RESTART|SA_SIGINFO
SIGINT: [libjvm.so+0x840e50], sa_mask[0]=11111111011111111101111111111110, sa_flags=SA_RESTART|SA_SIGINFO
SIGTERM: [libjvm.so+0x840e50], sa_mask[0]=11111111011111111101111111111110, sa_flags=SA_RESTART|SA_SIGINFO
SIGQUIT: [libjvm.so+0x840e50], sa_mask[0]=11111111011111111101111111111110, sa_flags=SA_RESTART|SA_SIGINFO


---------------  S Y S T E M  ---------------

OS:DISTRIB_ID=Ubuntu
DISTRIB_RELEASE=14.04
DISTRIB_CODENAME=trusty
DISTRIB_DESCRIPTION="Ubuntu 14.04.5 LTS"

uname:Linux 3.13.0-95-generic #142-Ubuntu SMP Fri Aug 12 17:00:09 UTC 2016 x86_64
libc:glibc 2.19 NPTL 2.19 
rlimit: STACK 8192k, CORE 0k, NPROC 29521, NOFILE 4096, AS infinity
load average:16.98 13.51 9.31

/proc/meminfo:
MemTotal:        3800312 kB
MemFree:           83804 kB
Buffers:             140 kB
Cached:           248672 kB
SwapCached:            0 kB
Active:          3324132 kB
Inactive:         243948 kB
Active(anon):    3322764 kB
Inactive(anon):   237240 kB
Active(file):       1368 kB
Inactive(file):     6708 kB
Unevictable:         152 kB
Mlocked:             152 kB
SwapTotal:             0 kB
SwapFree:              0 kB
Dirty:                32 kB
Writeback:             0 kB
AnonPages:       3320012 kB
Mapped:            48488 kB
Shmem:            240164 kB
Slab:              61120 kB
SReclaimable:      28000 kB
SUnreclaim:        33120 kB
KernelStack:        5120 kB
PageTables:        35960 kB
NFS_Unstable:          0 kB
Bounce:                0 kB
WritebackTmp:          0 kB
CommitLimit:     1900156 kB
Committed_AS:    6644040 kB
VmallocTotal:   34359738367 kB
VmallocUsed:      347936 kB
VmallocChunk:   34359348976 kB
HardwareCorrupted:     0 kB
AnonHugePages:   1617920 kB
HugePages_Total:       0
HugePages_Free:        0
HugePages_Rsvd:        0
HugePages_Surp:        0
Hugepagesize:       2048 kB
DirectMap4k:       64568 kB
DirectMap2M:     4014080 kB


CPU:total 4 (2 cores per cpu, 2 threads per core) family 6 model 42 stepping 7, cmov, cx8, fxsr, mmx, sse, sse2, sse3, ssse3, sse4.1, sse4.2, popcnt, avx, aes, clmul, ht, tsc, tscinvbit

/proc/cpuinfo:
processor	: 0
vendor_id	: GenuineIntel
cpu family	: 6
model		: 42
model name	: Intel(R) Core(TM) i5-2467M CPU @ 1.60GHz
stepping	: 7
microcode	: 0x25
cpu MHz		: 2016.000
cache size	: 3072 KB
physical id	: 0
siblings	: 4
core id		: 0
cpu cores	: 2
apicid		: 0
initial apicid	: 0
fpu		: yes
fpu_exception	: yes
cpuid level	: 13
wp		: yes
flags		: fpu vme de pse tsc msr pae mce cx8 apic sep mtrr pge mca cmov pat pse36 clflush dts acpi mmx fxsr sse sse2 ss ht tm pbe syscall nx rdtscp lm constant_tsc arch_perfmon pebs bts nopl xtopology nonstop_tsc aperfmperf eagerfpu pni pclmulqdq dtes64 monitor ds_cpl vmx est tm2 ssse3 cx16 xtpr pdcm pcid sse4_1 sse4_2 x2apic popcnt tsc_deadline_timer aes xsave avx lahf_lm ida arat epb xsaveopt pln pts dtherm tpr_shadow vnmi flexpriority ept vpid
bogomips	: 3192.89
clflush size	: 64
cache_alignment	: 64
address sizes	: 36 bits physical, 48 bits virtual
power management:

processor	: 1
vendor_id	: GenuineIntel
cpu family	: 6
model		: 42
model name	: Intel(R) Core(TM) i5-2467M CPU @ 1.60GHz
stepping	: 7
microcode	: 0x25
cpu MHz		: 2016.000
cache size	: 3072 KB
physical id	: 0
siblings	: 4
core id		: 0
cpu cores	: 2
apicid		: 1
initial apicid	: 1
fpu		: yes
fpu_exception	: yes
cpuid level	: 13
wp		: yes
flags		: fpu vme de pse tsc msr pae mce cx8 apic sep mtrr pge mca cmov pat pse36 clflush dts acpi mmx fxsr sse sse2 ss ht tm pbe syscall nx rdtscp lm constant_tsc arch_perfmon pebs bts nopl xtopology nonstop_tsc aperfmperf eagerfpu pni pclmulqdq dtes64 monitor ds_cpl vmx est tm2 ssse3 cx16 xtpr pdcm pcid sse4_1 sse4_2 x2apic popcnt tsc_deadline_timer aes xsave avx lahf_lm ida arat epb xsaveopt pln pts dtherm tpr_shadow vnmi flexpriority ept vpid
bogomips	: 3192.89
clflush size	: 64
cache_alignment	: 64
address sizes	: 36 bits physical, 48 bits virtual
power management:

processor	: 2
vendor_id	: GenuineIntel
cpu family	: 6
model		: 42
model name	: Intel(R) Core(TM) i5-2467M CPU @ 1.60GHz
stepping	: 7
microcode	: 0x25
cpu MHz		: 1991.000
cache size	: 3072 KB
physical id	: 0
siblings	: 4
core id		: 1
cpu cores	: 2
apicid		: 2
initial apicid	: 2
fpu		: yes
fpu_exception	: yes
cpuid level	: 13
wp		: yes
flags		: fpu vme de pse tsc msr pae mce cx8 apic sep mtrr pge mca cmov pat pse36 clflush dts acpi mmx fxsr sse sse2 ss ht tm pbe syscall nx rdtscp lm constant_tsc arch_perfmon pebs bts nopl xtopology nonstop_tsc aperfmperf eagerfpu pni pclmulqdq dtes64 monitor ds_cpl vmx est tm2 ssse3 cx16 xtpr pdcm pcid sse4_1 sse4_2 x2apic popcnt tsc_deadline_timer aes xsave avx lahf_lm ida arat epb xsaveopt pln pts dtherm tpr_shadow vnmi flexpriority ept vpid
bogomips	: 3192.89
clflush size	: 64
cache_alignment	: 64
address sizes	: 36 bits physical, 48 bits virtual
power management:

processor	: 3
vendor_id	: GenuineIntel
cpu family	: 6
model		: 42
model name	: Intel(R) Core(TM) i5-2467M CPU @ 1.60GHz
stepping	: 7
microcode	: 0x25
cpu MHz		: 2016.000
cache size	: 3072 KB
physical id	: 0
siblings	: 4
core id		: 1
cpu cores	: 2
apicid		: 3
initial apicid	: 3
fpu		: yes
fpu_exception	: yes
cpuid level	: 13
wp		: yes
flags		: fpu vme de pse tsc msr pae mce cx8 apic sep mtrr pge mca cmov pat pse36 clflush dts acpi mmx fxsr sse sse2 ss ht tm pbe syscall nx rdtscp lm constant_tsc arch_perfmon pebs bts nopl xtopology nonstop_tsc aperfmperf eagerfpu pni pclmulqdq dtes64 monitor ds_cpl vmx est tm2 ssse3 cx16 xtpr pdcm pcid sse4_1 sse4_2 x2apic popcnt tsc_deadline_timer aes xsave avx lahf_lm ida arat epb xsaveopt pln pts dtherm tpr_shadow vnmi flexpriority ept vpid
bogomips	: 3192.89
clflush size	: 64
cache_alignment	: 64
address sizes	: 36 bits physical, 48 bits virtual
power management:



Memory: 4k page, physical 3800312k(85620k free), swap 0k(0k free)

vm_info: OpenJDK 64-Bit Server VM (25.76-b03) for linux-amd64 JRE (1.8.0_76-release-b03), built on Jun 29 2016 09:39:19 by "builder" with gcc 4.8.4

time: Sat Sep 24 14:51:40 2016
elapsed time: 37 seconds (0d 0h 0m 37s)

