#
# There is insufficient memory for the Java Runtime Environment to continue.
# Native memory allocation (mmap) failed to map 51380224 bytes for committing reserved memory.
# Possible reasons:
#   The system is out of physical RAM or swap space
#   In 32 bit mode, the process size limit was hit
# Possible solutions:
#   Reduce memory load on the system
#   Increase physical memory or swap space
#   Check if swap backing store is full
#   Use 64 bit Java on a 64 bit OS
#   Decrease Java heap size (-Xmx/-Xms)
#   Decrease number of Java threads
#   Decrease Java thread stack sizes (-Xss)
#   Set larger code cache with -XX:ReservedCodeCacheSize=
# This output file may be truncated or incomplete.
#
#  Out of Memory Error (os_linux.cpp:2627), pid=18544, tid=0x00007fb2f6cfc700
#
# JRE version: OpenJDK Runtime Environment (8.0_76-b03) (build 1.8.0_76-release-b03)
# Java VM: OpenJDK 64-Bit Server VM (25.76-b03 mixed mode linux-amd64 compressed oops)
# Failed to write core dump. Core dumps have been disabled. To enable core dumping, try "ulimit -c unlimited" before starting Java again
#

---------------  T H R E A D  ---------------

Current thread (0x00007fb308077800):  VMThread [stack: 0x00007fb2f6bfc000,0x00007fb2f6cfd000] [id=18553]

Stack: [0x00007fb2f6bfc000,0x00007fb2f6cfd000],  sp=0x00007fb2f6cfb480,  free space=1021k
Native frames: (J=compiled Java code, j=interpreted, Vv=VM code, C=native code)
V  [libjvm.so+0x9d9fcd]  VMError::report_and_die()+0x15d
V  [libjvm.so+0x4b4d4a]  report_vm_out_of_memory(char const*, int, unsigned long, VMErrorType, char const*)+0x8a
V  [libjvm.so+0x845190]  os::pd_commit_memory(char*, unsigned long, unsigned long, bool)+0xf0
V  [libjvm.so+0x83fcbf]  os::commit_memory(char*, unsigned long, unsigned long, bool)+0x1f
V  [libjvm.so+0x8b4d9b]  PSVirtualSpace::expand_by(unsigned long)+0x5b
V  [libjvm.so+0x8b5a10]  PSYoungGen::resize_generation(unsigned long, unsigned long)+0xb0
V  [libjvm.so+0x8b5d2b]  PSYoungGen::resize(unsigned long, unsigned long)+0x1b
V  [libjvm.so+0x8b241c]  PSScavenge::invoke_no_policy()+0xdac
V  [libjvm.so+0x8b2bf8]  PSScavenge::invoke()+0x38
V  [libjvm.so+0x8681f3]  ParallelScavengeHeap::failed_mem_allocate(unsigned long)+0x63
V  [libjvm.so+0x9dba94]  VM_ParallelGCFailedAllocation::doit()+0x84
V  [libjvm.so+0x9dfe47]  VM_Operation::evaluate()+0x47
V  [libjvm.so+0x9de908]  VMThread::evaluate_operation(VM_Operation*)+0x2c8
V  [libjvm.so+0x9ded89]  VMThread::loop()+0x219
V  [libjvm.so+0x9df1d2]  VMThread::run()+0x72
V  [libjvm.so+0x8425b2]  java_start(Thread*)+0xf2

VM_Operation (0x00007fb2f5731010): ParallelGCFailedAllocation, mode: safepoint, requested by thread 0x00007fb308136000


---------------  P R O C E S S  ---------------

Java Threads: ( => current thread )
  0x00007fb308141000 JavaThread "pool-2-thread-4" [_thread_blocked, id=18571, stack(0x00007fb2f522e000,0x00007fb2f532f000)]
  0x00007fb30813f000 JavaThread "pool-2-thread-3" [_thread_blocked, id=18570, stack(0x00007fb2f532f000,0x00007fb2f5430000)]
  0x00007fb30813d000 JavaThread "pool-2-thread-2" [_thread_blocked, id=18569, stack(0x00007fb2f5430000,0x00007fb2f5531000)]
  0x00007fb30813c000 JavaThread "pool-3-thread-1" [_thread_blocked, id=18568, stack(0x00007fb2f5531000,0x00007fb2f5632000)]
  0x00007fb308136000 JavaThread "pool-2-thread-1" [_thread_blocked, id=18567, stack(0x00007fb2f5632000,0x00007fb2f5733000)]
  0x00007fb3080c0800 JavaThread "Service Thread" daemon [_thread_blocked, id=18560, stack(0x00007fb2f5834000,0x00007fb2f5935000)]
  0x00007fb3080bd000 JavaThread "C1 CompilerThread2" daemon [_thread_blocked, id=18559, stack(0x00007fb2f5935000,0x00007fb2f5a36000)]
  0x00007fb3080bb800 JavaThread "C2 CompilerThread1" daemon [_thread_blocked, id=18558, stack(0x00007fb2f5a36000,0x00007fb2f5b37000)]
  0x00007fb3080b8800 JavaThread "C2 CompilerThread0" daemon [_thread_blocked, id=18557, stack(0x00007fb2f5b37000,0x00007fb2f5c38000)]
  0x00007fb3080b7000 JavaThread "Signal Dispatcher" daemon [_thread_blocked, id=18556, stack(0x00007fb2f5c38000,0x00007fb2f5d39000)]
  0x00007fb308084000 JavaThread "Finalizer" daemon [_thread_blocked, id=18555, stack(0x00007fb2f69fa000,0x00007fb2f6afb000)]
  0x00007fb30807f800 JavaThread "Reference Handler" daemon [_thread_blocked, id=18554, stack(0x00007fb2f6afb000,0x00007fb2f6bfc000)]
  0x00007fb30800a000 JavaThread "main" [_thread_blocked, id=18546, stack(0x00007fb311215000,0x00007fb311316000)]

Other Threads:
=>0x00007fb308077800 VMThread [stack: 0x00007fb2f6bfc000,0x00007fb2f6cfd000] [id=18553]
  0x00007fb3080c3000 WatcherThread [stack: 0x00007fb2f5733000,0x00007fb2f5834000] [id=18561]

VM state:at safepoint (normal execution)

VM Mutex/Monitor currently owned by a thread:  ([mutex/lock_event])
[0x00007fb308006700] Threads_lock - owner thread: 0x00007fb308077800
[0x00007fb308006c00] Heap_lock - owner thread: 0x00007fb308136000

Heap:
 PSYoungGen      total 115712K, used 24569K [0x00000000eab00000, 0x00000000f4a80000, 0x0000000100000000)
  eden space 91136K, 0% used [0x00000000eab00000,0x00000000eab00000,0x00000000f0400000)
  from space 24576K, 99% used [0x00000000f1a80000,0x00000000f327e4e8,0x00000000f3280000)
  to   space 17920K, 0% used [0x00000000f3900000,0x00000000f3900000,0x00000000f4a80000)
 ParOldGen       total 74752K, used 47433K [0x00000000c0000000, 0x00000000c4900000, 0x00000000eab00000)
  object space 74752K, 63% used [0x00000000c0000000,0x00000000c2e525d0,0x00000000c4900000)
 Metaspace       used 5799K, capacity 7024K, committed 7296K, reserved 1056768K
  class space    used 554K, capacity 616K, committed 640K, reserved 1048576K

Card table byte_map: [0x00007fb30dec9000,0x00007fb30e0ca000] byte_map_base: 0x00007fb30d8c9000

Marking Bits: (ParMarkBitMap*) 0x00007fb3106f31a0
 Begin Bits: [0x00007fb2f7000000, 0x00007fb2f8000000)
 End Bits:   [0x00007fb2f8000000, 0x00007fb2f9000000)

Polling page: 0x00007fb31133d000

CodeCache: size=245760Kb used=6053Kb max_used=6064Kb free=239706Kb
 bounds [0x00007fb2f9000000, 0x00007fb2f9600000, 0x00007fb308000000]
 total_blobs=1759 nmethods=1498 adapters=175
 compilation: enabled

Compilation events (10 events):
Event: 10.514 Thread 0x00007fb3080b8800 nmethod 1306 0x00007fb2f95efe50 code [0x00007fb2f95effc0, 0x00007fb2f95f0258]
Event: 10.514 Thread 0x00007fb3080b8800 1671       4       com.android.dx.ssa.SsaInsn::<init> (29 bytes)
Event: 10.515 Thread 0x00007fb3080b8800 nmethod 1671 0x00007fb2f94bdc50 code [0x00007fb2f94bdda0, 0x00007fb2f94bde38]
Event: 10.515 Thread 0x00007fb3080b8800 1587       4       com.android.dx.util.FixedSizeList::hashCode (8 bytes)
Event: 10.523 Thread 0x00007fb3080b8800 nmethod 1587 0x00007fb2f95f06d0 code [0x00007fb2f95f0840, 0x00007fb2f95f0ad8]
Event: 10.523 Thread 0x00007fb3080b8800  927       4       java.util.AbstractList::<init> (10 bytes)
Event: 10.523 Thread 0x00007fb3080b8800 nmethod 927 0x00007fb2f92ac790 code [0x00007fb2f92ac8e0, 0x00007fb2f92ac938]
Event: 10.523 Thread 0x00007fb3080b8800 1706       4       com.android.dx.ssa.NormalSsaInsn::<init> (15 bytes)
Event: 10.539 Thread 0x00007fb3080b8800 nmethod 1706 0x00007fb2f95d27d0 code [0x00007fb2f95d2920, 0x00007fb2f95d29f8]
Event: 10.539 Thread 0x00007fb3080b8800 1443       4       com.android.dx.util.IntList::indexOf (16 bytes)

GC Heap History (10 events):
Event: 4.637 GC heap after
Heap after GC invocations=3 (full 0):
 PSYoungGen      total 32768K, used 2036K [0x00000000eab00000, 0x00000000eeb00000, 0x0000000100000000)
  eden space 30720K, 0% used [0x00000000eab00000,0x00000000eab00000,0x00000000ec900000)
  from space 2048K, 99% used [0x00000000ec900000,0x00000000ecafd050,0x00000000ecb00000)
  to   space 2048K, 0% used [0x00000000ee900000,0x00000000ee900000,0x00000000eeb00000)
 ParOldGen       total 39936K, used 11774K [0x00000000c0000000, 0x00000000c2700000, 0x00000000eab00000)
  object space 39936K, 29% used [0x00000000c0000000,0x00000000c0b7fa20,0x00000000c2700000)
 Metaspace       used 5562K, capacity 6832K, committed 7040K, reserved 1056768K
  class space    used 552K, capacity 616K, committed 640K, reserved 1048576K
}
Event: 5.296 GC heap before
{Heap before GC invocations=4 (full 0):
 PSYoungGen      total 32768K, used 32756K [0x00000000eab00000, 0x00000000eeb00000, 0x0000000100000000)
  eden space 30720K, 100% used [0x00000000eab00000,0x00000000ec900000,0x00000000ec900000)
  from space 2048K, 99% used [0x00000000ec900000,0x00000000ecafd050,0x00000000ecb00000)
  to   space 2048K, 0% used [0x00000000ee900000,0x00000000ee900000,0x00000000eeb00000)
 ParOldGen       total 39936K, used 11774K [0x00000000c0000000, 0x00000000c2700000, 0x00000000eab00000)
  object space 39936K, 29% used [0x00000000c0000000,0x00000000c0b7fa20,0x00000000c2700000)
 Metaspace       used 5597K, capacity 6832K, committed 7040K, reserved 1056768K
  class space    used 554K, capacity 616K, committed 640K, reserved 1048576K
Event: 5.402 GC heap after
Heap after GC invocations=4 (full 0):
 PSYoungGen      total 63488K, used 2019K [0x00000000eab00000, 0x00000000eeb00000, 0x0000000100000000)
  eden space 61440K, 0% used [0x00000000eab00000,0x00000000eab00000,0x00000000ee700000)
  from space 2048K, 98% used [0x00000000ee900000,0x00000000eeaf8df8,0x00000000eeb00000)
  to   space 2048K, 0% used [0x00000000ee700000,0x00000000ee700000,0x00000000ee900000)
 ParOldGen       total 39936K, used 20619K [0x00000000c0000000, 0x00000000c2700000, 0x00000000eab00000)
  object space 39936K, 51% used [0x00000000c0000000,0x00000000c1422f40,0x00000000c2700000)
 Metaspace       used 5597K, capacity 6832K, committed 7040K, reserved 1056768K
  class space    used 554K, capacity 616K, committed 640K, reserved 1048576K
}
Event: 6.913 GC heap before
{Heap before GC invocations=5 (full 0):
 PSYoungGen      total 63488K, used 63459K [0x00000000eab00000, 0x00000000eeb00000, 0x0000000100000000)
  eden space 61440K, 100% used [0x00000000eab00000,0x00000000ee700000,0x00000000ee700000)
  from space 2048K, 98% used [0x00000000ee900000,0x00000000eeaf8df8,0x00000000eeb00000)
  to   space 2048K, 0% used [0x00000000ee700000,0x00000000ee700000,0x00000000ee900000)
 ParOldGen       total 39936K, used 20619K [0x00000000c0000000, 0x00000000c2700000, 0x00000000eab00000)
  object space 39936K, 51% used [0x00000000c0000000,0x00000000c1422f40,0x00000000c2700000)
 Metaspace       used 5668K, capacity 6896K, committed 7040K, reserved 1056768K
  class space    used 554K, capacity 616K, committed 640K, reserved 1048576K
Event: 7.110 GC heap after
Heap after GC invocations=5 (full 0):
 PSYoungGen      total 63488K, used 2032K [0x00000000eab00000, 0x00000000f4f00000, 0x0000000100000000)
  eden space 61440K, 0% used [0x00000000eab00000,0x00000000eab00000,0x00000000ee700000)
  from space 2048K, 99% used [0x00000000ee700000,0x00000000ee8fc2e8,0x00000000ee900000)
  to   space 22528K, 0% used [0x00000000f3900000,0x00000000f3900000,0x00000000f4f00000)
 ParOldGen       total 41984K, used 41520K [0x00000000c0000000, 0x00000000c2900000, 0x00000000eab00000)
  object space 41984K, 98% used [0x00000000c0000000,0x00000000c288c3e0,0x00000000c2900000)
 Metaspace       used 5668K, capacity 6896K, committed 7040K, reserved 1056768K
  class space    used 554K, capacity 616K, committed 640K, reserved 1048576K
}
Event: 7.110 GC heap before
{Heap before GC invocations=6 (full 1):
 PSYoungGen      total 63488K, used 2032K [0x00000000eab00000, 0x00000000f4f00000, 0x0000000100000000)
  eden space 61440K, 0% used [0x00000000eab00000,0x00000000eab00000,0x00000000ee700000)
  from space 2048K, 99% used [0x00000000ee700000,0x00000000ee8fc2e8,0x00000000ee900000)
  to   space 22528K, 0% used [0x00000000f3900000,0x00000000f3900000,0x00000000f4f00000)
 ParOldGen       total 41984K, used 41520K [0x00000000c0000000, 0x00000000c2900000, 0x00000000eab00000)
  object space 41984K, 98% used [0x00000000c0000000,0x00000000c288c3e0,0x00000000c2900000)
 Metaspace       used 5668K, capacity 6896K, committed 7040K, reserved 1056768K
  class space    used 554K, capacity 616K, committed 640K, reserved 1048576K
Event: 7.765 GC heap after
Heap after GC invocations=6 (full 1):
 PSYoungGen      total 63488K, used 0K [0x00000000eab00000, 0x00000000f4f00000, 0x0000000100000000)
  eden space 61440K, 0% used [0x00000000eab00000,0x00000000eab00000,0x00000000ee700000)
  from space 2048K, 0% used [0x00000000ee700000,0x00000000ee700000,0x00000000ee900000)
  to   space 22528K, 0% used [0x00000000f3900000,0x00000000f3900000,0x00000000f4f00000)
 ParOldGen       total 74752K, used 30762K [0x00000000c0000000, 0x00000000c4900000, 0x00000000eab00000)
  object space 74752K, 41% used [0x00000000c0000000,0x00000000c1e0ab30,0x00000000c4900000)
 Metaspace       used 5668K, capacity 6896K, committed 7040K, reserved 1056768K
  class space    used 554K, capacity 616K, committed 640K, reserved 1048576K
}
Event: 8.731 GC heap before
{Heap before GC invocations=7 (full 1):
 PSYoungGen      total 63488K, used 61440K [0x00000000eab00000, 0x00000000f4f00000, 0x0000000100000000)
  eden space 61440K, 100% used [0x00000000eab00000,0x00000000ee700000,0x00000000ee700000)
  from space 2048K, 0% used [0x00000000ee700000,0x00000000ee700000,0x00000000ee900000)
  to   space 22528K, 0% used [0x00000000f3900000,0x00000000f3900000,0x00000000f4f00000)
 ParOldGen       total 74752K, used 30762K [0x00000000c0000000, 0x00000000c4900000, 0x00000000eab00000)
  object space 74752K, 41% used [0x00000000c0000000,0x00000000c1e0ab30,0x00000000c4900000)
 Metaspace       used 5727K, capacity 6960K, committed 7040K, reserved 1056768K
  class space    used 554K, capacity 616K, committed 640K, reserved 1048576K
Event: 8.884 GC heap after
Heap after GC invocations=7 (full 1):
 PSYoungGen      total 109056K, used 17713K [0x00000000eab00000, 0x00000000f4a80000, 0x0000000100000000)
  eden space 91136K, 0% used [0x00000000eab00000,0x00000000eab00000,0x00000000f0400000)
  from space 17920K, 98% used [0x00000000f3900000,0x00000000f4a4c6a0,0x00000000f4a80000)
  to   space 24576K, 0% used [0x00000000f1a80000,0x00000000f1a80000,0x00000000f3280000)
 ParOldGen       total 74752K, used 30770K [0x00000000c0000000, 0x00000000c4900000, 0x00000000eab00000)
  object space 74752K, 41% used [0x00000000c0000000,0x00000000c1e0cb30,0x00000000c4900000)
 Metaspace       used 5727K, capacity 6960K, committed 7040K, reserved 1056768K
  class space    used 554K, capacity 616K, committed 640K, reserved 1048576K
}
Event: 10.562 GC heap before
{Heap before GC invocations=8 (full 1):
 PSYoungGen      total 109056K, used 108849K [0x00000000eab00000, 0x00000000f4a80000, 0x0000000100000000)
  eden space 91136K, 100% used [0x00000000eab00000,0x00000000f0400000,0x00000000f0400000)
  from space 17920K, 98% used [0x00000000f3900000,0x00000000f4a4c6a0,0x00000000f4a80000)
  to   space 24576K, 0% used [0x00000000f1a80000,0x00000000f1a80000,0x00000000f3280000)
 ParOldGen       total 74752K, used 30770K [0x00000000c0000000, 0x00000000c4900000, 0x00000000eab00000)
  object space 74752K, 41% used [0x00000000c0000000,0x00000000c1e0cb30,0x00000000c4900000)
 Metaspace       used 5799K, capacity 7024K, committed 7296K, reserved 1056768K
  class space    used 554K, capacity 616K, committed 640K, reserved 1048576K

Deoptimization events (10 events):
Event: 3.511 Thread 0x00007fb30813d000 Uncommon trap: reason=class_check action=maybe_recompile pc=0x00007fb2f9264920 method=com.android.dx.rop.type.Type.equals(Ljava/lang/Object;)Z @ 8
Event: 3.546 Thread 0x00007fb308136000 Uncommon trap: reason=unstable_if action=reinterpret pc=0x00007fb2f916badc method=com.android.dx.rop.cst.Constant.compareTo(Lcom/android/dx/rop/cst/Constant;)I @ 12
Event: 3.662 Thread 0x00007fb30813f000 Uncommon trap: reason=class_check action=maybe_recompile pc=0x00007fb2f9264920 method=com.android.dx.rop.type.Type.equals(Ljava/lang/Object;)Z @ 8
Event: 3.662 Thread 0x00007fb30813f000 Uncommon trap: reason=class_check action=maybe_recompile pc=0x00007fb2f9264920 method=com.android.dx.rop.type.Type.equals(Ljava/lang/Object;)Z @ 8
Event: 3.906 Thread 0x00007fb308136000 Uncommon trap: reason=unstable_if action=reinterpret pc=0x00007fb2f92e24c4 method=com.android.dx.rop.code.RegisterSpec.equals(ILcom/android/dx/rop/type/TypeBearer;Lcom/android/dx/rop/code/LocalItem;)Z @ 16
Event: 3.907 Thread 0x00007fb308136000 Uncommon trap: reason=unstable_if action=reinterpret pc=0x00007fb2f91d3d24 method=java.util.HashMap.getNode(ILjava/lang/Object;)Ljava/util/HashMap$Node; @ 129
Event: 4.351 Thread 0x00007fb30813f000 Uncommon trap: reason=unstable_if action=reinterpret pc=0x00007fb2f9208a78 method=java.util.BitSet.ensureCapacity(I)V @ 6
Event: 5.786 Thread 0x00007fb30800a000 Uncommon trap: reason=null_check action=make_not_entrant pc=0x00007fb2f92ddda0 method=com.android.dx.rop.type.Type.equals(Ljava/lang/Object;)Z @ 8
Event: 8.498 Thread 0x00007fb308141000 Uncommon trap: reason=null_check action=make_not_entrant pc=0x00007fb2f93cabe8 method=com.android.dx.ssa.SsaRenamer.getLocalForNewReg(I)Lcom/android/dx/rop/code/LocalItem; @ 19
Event: 8.903 Thread 0x00007fb308141000 Uncommon trap: reason=unstable_if action=reinterpret pc=0x00007fb2f950d8f4 method=com.android.dx.cf.code.BasicBlocker.addWorkIfNecessary(IZ)V @ 8

Internal exceptions (4 events):
Event: 0.112 Thread 0x00007fb30800a000 Exception <a 'java/lang/NoSuchMethodError': Method sun.misc.Unsafe.defineClass(Ljava/lang/String;[BII)Ljava/lang/Class; name or signature does not match> (0x00000000eab07cc0) thrown at [/ssd/Android/AOSP-openjdk/external/jetbrains/jdk/hotspot/src/share/vm
Event: 0.113 Thread 0x00007fb30800a000 Exception <a 'java/lang/NoSuchMethodError': Method sun.misc.Unsafe.prefetchRead(Ljava/lang/Object;J)V name or signature does not match> (0x00000000eab07fa8) thrown at [/ssd/Android/AOSP-openjdk/external/jetbrains/jdk/hotspot/src/share/vm/prims/jni.cpp, li
Event: 5.786 Thread 0x00007fb30800a000 Implicit null exception at 0x00007fb2f92ddca2 to 0x00007fb2f92ddd93
Event: 8.498 Thread 0x00007fb308141000 Implicit null exception at 0x00007fb2f93c89db to 0x00007fb2f93cab9d

Events (10 events):
Event: 10.309 Thread 0x00007fb30800a000 DEOPT UNPACKING pc=0x00007fb2f9047373 sp=0x00007fb311313430 mode 0
Event: 10.358 Thread 0x00007fb30800a000 DEOPT PACKING pc=0x00007fb2f9422ceb sp=0x00007fb311313500
Event: 10.358 Thread 0x00007fb30800a000 DEOPT UNPACKING pc=0x00007fb2f9047373 sp=0x00007fb311313250 mode 0
Event: 10.416 Thread 0x00007fb30800a000 DEOPT PACKING pc=0x00007fb2f943a0fa sp=0x00007fb311313410
Event: 10.416 Thread 0x00007fb30800a000 DEOPT UNPACKING pc=0x00007fb2f9047373 sp=0x00007fb311313248 mode 0
Event: 10.454 Thread 0x00007fb308136000 DEOPT PACKING pc=0x00007fb2f9489f70 sp=0x00007fb2f5731210
Event: 10.454 Thread 0x00007fb308136000 DEOPT UNPACKING pc=0x00007fb2f9047373 sp=0x00007fb2f5731010 mode 0
Event: 10.501 Thread 0x00007fb30813f000 DEOPT PACKING pc=0x00007fb2f9495b9c sp=0x00007fb2f542e210
Event: 10.502 Thread 0x00007fb30813f000 DEOPT UNPACKING pc=0x00007fb2f9047373 sp=0x00007fb2f542dfc8 mode 0
Event: 10.541 Executing VM operation: ParallelGCFailedAllocation


Dynamic libraries:
00400000-00401000 r-xp 00000000 08:05 1506559                            /home/victorhugo/Programs/android-studio/jre/bin/java
00600000-00601000 r--p 00000000 08:05 1506559                            /home/victorhugo/Programs/android-studio/jre/bin/java
00601000-00602000 rw-p 00001000 08:05 1506559                            /home/victorhugo/Programs/android-studio/jre/bin/java
01f21000-01f42000 rw-p 00000000 00:00 0                                  [heap]
c0000000-c4900000 rw-p 00000000 00:00 0 
c4900000-eab00000 ---p 00000000 00:00 0 
eab00000-f4a80000 rw-p 00000000 00:00 0 
f7b80000-100000000 ---p 00000000 00:00 0 
100000000-1000a0000 rw-p 00000000 00:00 0 
1000a0000-140000000 ---p 00000000 00:00 0 
7fb2a8000000-7fb2a8027000 rw-p 00000000 00:00 0 
7fb2a8027000-7fb2ac000000 ---p 00000000 00:00 0 
7fb2b0000000-7fb2b007a000 rw-p 00000000 00:00 0 
7fb2b007a000-7fb2b4000000 ---p 00000000 00:00 0 
7fb2b4000000-7fb2b4021000 rw-p 00000000 00:00 0 
7fb2b4021000-7fb2b8000000 ---p 00000000 00:00 0 
7fb2b8000000-7fb2b8062000 rw-p 00000000 00:00 0 
7fb2b8062000-7fb2bc000000 ---p 00000000 00:00 0 
7fb2bc000000-7fb2bc021000 rw-p 00000000 00:00 0 
7fb2bc021000-7fb2c0000000 ---p 00000000 00:00 0 
7fb2c0000000-7fb2c0021000 rw-p 00000000 00:00 0 
7fb2c0021000-7fb2c4000000 ---p 00000000 00:00 0 
7fb2c4000000-7fb2c4021000 rw-p 00000000 00:00 0 
7fb2c4021000-7fb2c8000000 ---p 00000000 00:00 0 
7fb2c8000000-7fb2c87bc000 rw-p 00000000 00:00 0 
7fb2c87bc000-7fb2cc000000 ---p 00000000 00:00 0 
7fb2cc000000-7fb2ccc6a000 rw-p 00000000 00:00 0 
7fb2ccc6a000-7fb2d0000000 ---p 00000000 00:00 0 
7fb2d0000000-7fb2d0021000 rw-p 00000000 00:00 0 
7fb2d0021000-7fb2d4000000 ---p 00000000 00:00 0 
7fb2d4000000-7fb2d481f000 rw-p 00000000 00:00 0 
7fb2d481f000-7fb2d8000000 ---p 00000000 00:00 0 
7fb2d8000000-7fb2d8021000 rw-p 00000000 00:00 0 
7fb2d8021000-7fb2dc000000 ---p 00000000 00:00 0 
7fb2dc000000-7fb2dc021000 rw-p 00000000 00:00 0 
7fb2dc021000-7fb2e0000000 ---p 00000000 00:00 0 
7fb2e0000000-7fb2e0021000 rw-p 00000000 00:00 0 
7fb2e0021000-7fb2e4000000 ---p 00000000 00:00 0 
7fb2e4000000-7fb2e427d000 rw-p 00000000 00:00 0 
7fb2e427d000-7fb2e8000000 ---p 00000000 00:00 0 
7fb2e8000000-7fb2e8021000 rw-p 00000000 00:00 0 
7fb2e8021000-7fb2ec000000 ---p 00000000 00:00 0 
7fb2ec000000-7fb2ec021000 rw-p 00000000 00:00 0 
7fb2ec021000-7fb2f0000000 ---p 00000000 00:00 0 
7fb2f0000000-7fb2f0021000 rw-p 00000000 00:00 0 
7fb2f0021000-7fb2f4000000 ---p 00000000 00:00 0 
7fb2f522e000-7fb2f5231000 ---p 00000000 00:00 0 
7fb2f5231000-7fb2f532f000 rw-p 00000000 00:00 0                          [stack:18571]
7fb2f532f000-7fb2f5332000 ---p 00000000 00:00 0 
7fb2f5332000-7fb2f5430000 rw-p 00000000 00:00 0                          [stack:18570]
7fb2f5430000-7fb2f5433000 ---p 00000000 00:00 0 
7fb2f5433000-7fb2f5531000 rw-p 00000000 00:00 0                          [stack:18569]
7fb2f5531000-7fb2f5534000 ---p 00000000 00:00 0 
7fb2f5534000-7fb2f5632000 rw-p 00000000 00:00 0                          [stack:18568]
7fb2f5632000-7fb2f5635000 ---p 00000000 00:00 0 
7fb2f5635000-7fb2f5733000 rw-p 00000000 00:00 0                          [stack:18567]
7fb2f5733000-7fb2f5734000 ---p 00000000 00:00 0 
7fb2f5734000-7fb2f5834000 rw-p 00000000 00:00 0                          [stack:18561]
7fb2f5834000-7fb2f5837000 ---p 00000000 00:00 0 
7fb2f5837000-7fb2f5935000 rw-p 00000000 00:00 0                          [stack:18560]
7fb2f5935000-7fb2f5938000 ---p 00000000 00:00 0 
7fb2f5938000-7fb2f5a36000 rw-p 00000000 00:00 0                          [stack:18559]
7fb2f5a36000-7fb2f5a39000 ---p 00000000 00:00 0 
7fb2f5a39000-7fb2f5b37000 rw-p 00000000 00:00 0                          [stack:18558]
7fb2f5b37000-7fb2f5b3a000 ---p 00000000 00:00 0 
7fb2f5b3a000-7fb2f5c38000 rw-p 00000000 00:00 0                          [stack:18557]
7fb2f5c38000-7fb2f5c3b000 ---p 00000000 00:00 0 
7fb2f5c3b000-7fb2f5d39000 rw-p 00000000 00:00 0                          [stack:18556]
7fb2f5d39000-7fb2f69fa000 r--p 00000000 08:05 272679                     /usr/lib/locale/locale-archive
7fb2f69fa000-7fb2f69fd000 ---p 00000000 00:00 0 
7fb2f69fd000-7fb2f6afb000 rw-p 00000000 00:00 0                          [stack:18555]
7fb2f6afb000-7fb2f6afe000 ---p 00000000 00:00 0 
7fb2f6afe000-7fb2f6bfc000 rw-p 00000000 00:00 0                          [stack:18554]
7fb2f6bfc000-7fb2f6bfd000 ---p 00000000 00:00 0 
7fb2f6bfd000-7fb2f9000000 rw-p 00000000 00:00 0                          [stack:18553]
7fb2f9000000-7fb2f9600000 rwxp 00000000 00:00 0 
7fb2f9600000-7fb308000000 ---p 00000000 00:00 0 
7fb308000000-7fb308396000 rw-p 00000000 00:00 0 
7fb308396000-7fb30c000000 ---p 00000000 00:00 0 
7fb30c06c000-7fb30c07b000 r--s 000df000 08:05 1832506                    /home/victorhugo/Programs/AndroidSDK/build-tools/23.0.2/lib/dx.jar
7fb30c07b000-7fb30cd2c000 rw-p 00000000 00:00 0 
7fb30cd2c000-7fb30cef9000 r--s 03bec000 08:05 1523188                    /home/victorhugo/Programs/android-studio/jre/jre/lib/rt.jar
7fb30cef9000-7fb30d5ef000 rw-p 00000000 00:00 0 
7fb30d5ef000-7fb30d76f000 ---p 00000000 00:00 0 
7fb30d76f000-7fb30d96f000 rw-p 00000000 00:00 0 
7fb30d96f000-7fb30d970000 ---p 00000000 00:00 0 
7fb30d970000-7fb30da70000 rw-p 00000000 00:00 0                          [stack:18552]
7fb30da70000-7fb30da71000 ---p 00000000 00:00 0 
7fb30da71000-7fb30db71000 rw-p 00000000 00:00 0                          [stack:18551]
7fb30db71000-7fb30db72000 ---p 00000000 00:00 0 
7fb30db72000-7fb30dc72000 rw-p 00000000 00:00 0                          [stack:18550]
7fb30dc72000-7fb30dc73000 ---p 00000000 00:00 0 
7fb30dc73000-7fb30dd98000 rw-p 00000000 00:00 0                          [stack:18549]
7fb30dd98000-7fb30dec9000 ---p 00000000 00:00 0 
7fb30dec9000-7fb30deee000 rw-p 00000000 00:00 0 
7fb30deee000-7fb30e01e000 ---p 00000000 00:00 0 
7fb30e01e000-7fb30e06f000 rw-p 00000000 00:00 0 
7fb30e06f000-7fb30e0c9000 ---p 00000000 00:00 0 
7fb30e0c9000-7fb30e0e2000 rw-p 00000000 00:00 0 
7fb30e0e2000-7fb30e48a000 ---p 00000000 00:00 0 
7fb30e48a000-7fb30e4a4000 r-xp 00000000 08:05 1523215                    /home/victorhugo/Programs/android-studio/jre/jre/lib/amd64/libzip.so
7fb30e4a4000-7fb30e6a4000 ---p 0001a000 08:05 1523215                    /home/victorhugo/Programs/android-studio/jre/jre/lib/amd64/libzip.so
7fb30e6a4000-7fb30e6a5000 r--p 0001a000 08:05 1523215                    /home/victorhugo/Programs/android-studio/jre/jre/lib/amd64/libzip.so
7fb30e6a5000-7fb30e6a6000 rw-p 0001b000 08:05 1523215                    /home/victorhugo/Programs/android-studio/jre/jre/lib/amd64/libzip.so
7fb30e6a6000-7fb30e6b0000 r-xp 00000000 08:05 1846494                    /lib/x86_64-linux-gnu/libnss_files-2.19.so
7fb30e6b0000-7fb30e8af000 ---p 0000a000 08:05 1846494                    /lib/x86_64-linux-gnu/libnss_files-2.19.so
7fb30e8af000-7fb30e8b0000 r--p 00009000 08:05 1846494                    /lib/x86_64-linux-gnu/libnss_files-2.19.so
7fb30e8b0000-7fb30e8b1000 rw-p 0000a000 08:05 1846494                    /lib/x86_64-linux-gnu/libnss_files-2.19.so
7fb30e8b1000-7fb30e8bc000 r-xp 00000000 08:05 1846486                    /lib/x86_64-linux-gnu/libnss_nis-2.19.so
7fb30e8bc000-7fb30eabb000 ---p 0000b000 08:05 1846486                    /lib/x86_64-linux-gnu/libnss_nis-2.19.so
7fb30eabb000-7fb30eabc000 r--p 0000a000 08:05 1846486                    /lib/x86_64-linux-gnu/libnss_nis-2.19.so
7fb30eabc000-7fb30eabd000 rw-p 0000b000 08:05 1846486                    /lib/x86_64-linux-gnu/libnss_nis-2.19.so
7fb30eabd000-7fb30ead4000 r-xp 00000000 08:05 1846482                    /lib/x86_64-linux-gnu/libnsl-2.19.so
7fb30ead4000-7fb30ecd3000 ---p 00017000 08:05 1846482                    /lib/x86_64-linux-gnu/libnsl-2.19.so
7fb30ecd3000-7fb30ecd4000 r--p 00016000 08:05 1846482                    /lib/x86_64-linux-gnu/libnsl-2.19.so
7fb30ecd4000-7fb30ecd5000 rw-p 00017000 08:05 1846482                    /lib/x86_64-linux-gnu/libnsl-2.19.so
7fb30ecd5000-7fb30ecd7000 rw-p 00000000 00:00 0 
7fb30ecd7000-7fb30ece0000 r-xp 00000000 08:05 1846481                    /lib/x86_64-linux-gnu/libnss_compat-2.19.so
7fb30ece0000-7fb30eedf000 ---p 00009000 08:05 1846481                    /lib/x86_64-linux-gnu/libnss_compat-2.19.so
7fb30eedf000-7fb30eee0000 r--p 00008000 08:05 1846481                    /lib/x86_64-linux-gnu/libnss_compat-2.19.so
7fb30eee0000-7fb30eee1000 rw-p 00009000 08:05 1846481                    /lib/x86_64-linux-gnu/libnss_compat-2.19.so
7fb30eee1000-7fb30ef0e000 r-xp 00000000 08:05 1523228                    /home/victorhugo/Programs/android-studio/jre/jre/lib/amd64/libjava.so
7fb30ef0e000-7fb30f10d000 ---p 0002d000 08:05 1523228                    /home/victorhugo/Programs/android-studio/jre/jre/lib/amd64/libjava.so
7fb30f10d000-7fb30f10e000 r--p 0002c000 08:05 1523228                    /home/victorhugo/Programs/android-studio/jre/jre/lib/amd64/libjava.so
7fb30f10e000-7fb30f110000 rw-p 0002d000 08:05 1523228                    /home/victorhugo/Programs/android-studio/jre/jre/lib/amd64/libjava.so
7fb30f110000-7fb30f120000 r-xp 00000000 08:05 1523244                    /home/victorhugo/Programs/android-studio/jre/jre/lib/amd64/libverify.so
7fb30f120000-7fb30f31f000 ---p 00010000 08:05 1523244                    /home/victorhugo/Programs/android-studio/jre/jre/lib/amd64/libverify.so
7fb30f31f000-7fb30f321000 r--p 0000f000 08:05 1523244                    /home/victorhugo/Programs/android-studio/jre/jre/lib/amd64/libverify.so
7fb30f321000-7fb30f322000 rw-p 00011000 08:05 1523244                    /home/victorhugo/Programs/android-studio/jre/jre/lib/amd64/libverify.so
7fb30f322000-7fb30f329000 r-xp 00000000 08:05 1846490                    /lib/x86_64-linux-gnu/librt-2.19.so
7fb30f329000-7fb30f528000 ---p 00007000 08:05 1846490                    /lib/x86_64-linux-gnu/librt-2.19.so
7fb30f528000-7fb30f529000 r--p 00006000 08:05 1846490                    /lib/x86_64-linux-gnu/librt-2.19.so
7fb30f529000-7fb30f52a000 rw-p 00007000 08:05 1846490                    /lib/x86_64-linux-gnu/librt-2.19.so
7fb30f52a000-7fb30f62f000 r-xp 00000000 08:05 1846457                    /lib/x86_64-linux-gnu/libm-2.19.so
7fb30f62f000-7fb30f82e000 ---p 00105000 08:05 1846457                    /lib/x86_64-linux-gnu/libm-2.19.so
7fb30f82e000-7fb30f82f000 r--p 00104000 08:05 1846457                    /lib/x86_64-linux-gnu/libm-2.19.so
7fb30f82f000-7fb30f830000 rw-p 00105000 08:05 1846457                    /lib/x86_64-linux-gnu/libm-2.19.so
7fb30f830000-7fb310416000 r-xp 00000000 08:05 1523247                    /home/victorhugo/Programs/android-studio/jre/jre/lib/amd64/server/libjvm.so
7fb310416000-7fb310616000 ---p 00be6000 08:05 1523247                    /home/victorhugo/Programs/android-studio/jre/jre/lib/amd64/server/libjvm.so
7fb310616000-7fb3106b5000 r--p 00be6000 08:05 1523247                    /home/victorhugo/Programs/android-studio/jre/jre/lib/amd64/server/libjvm.so
7fb3106b5000-7fb3106de000 rw-p 00c85000 08:05 1523247                    /home/victorhugo/Programs/android-studio/jre/jre/lib/amd64/server/libjvm.so
7fb3106de000-7fb310720000 rw-p 00000000 00:00 0 
7fb310720000-7fb310739000 r-xp 00000000 08:05 1846483                    /lib/x86_64-linux-gnu/libpthread-2.19.so
7fb310739000-7fb310938000 ---p 00019000 08:05 1846483                    /lib/x86_64-linux-gnu/libpthread-2.19.so
7fb310938000-7fb310939000 r--p 00018000 08:05 1846483                    /lib/x86_64-linux-gnu/libpthread-2.19.so
7fb310939000-7fb31093a000 rw-p 00019000 08:05 1846483                    /lib/x86_64-linux-gnu/libpthread-2.19.so
7fb31093a000-7fb31093e000 rw-p 00000000 00:00 0 
7fb31093e000-7fb310941000 r-xp 00000000 08:05 1846478                    /lib/x86_64-linux-gnu/libdl-2.19.so
7fb310941000-7fb310b40000 ---p 00003000 08:05 1846478                    /lib/x86_64-linux-gnu/libdl-2.19.so
7fb310b40000-7fb310b41000 r--p 00002000 08:05 1846478                    /lib/x86_64-linux-gnu/libdl-2.19.so
7fb310b41000-7fb310b42000 rw-p 00003000 08:05 1846478                    /lib/x86_64-linux-gnu/libdl-2.19.so
7fb310b42000-7fb310cfc000 r-xp 00000000 08:05 1846491                    /lib/x86_64-linux-gnu/libc-2.19.so
7fb310cfc000-7fb310efc000 ---p 001ba000 08:05 1846491                    /lib/x86_64-linux-gnu/libc-2.19.so
7fb310efc000-7fb310f00000 r--p 001ba000 08:05 1846491                    /lib/x86_64-linux-gnu/libc-2.19.so
7fb310f00000-7fb310f02000 rw-p 001be000 08:05 1846491                    /lib/x86_64-linux-gnu/libc-2.19.so
7fb310f02000-7fb310f07000 rw-p 00000000 00:00 0 
7fb310f07000-7fb310f1d000 r-xp 00000000 08:05 1477665                    /home/victorhugo/Programs/android-studio/jre/lib/amd64/jli/libjli.so
7fb310f1d000-7fb31111c000 ---p 00016000 08:05 1477665                    /home/victorhugo/Programs/android-studio/jre/lib/amd64/jli/libjli.so
7fb31111c000-7fb31111d000 r--p 00015000 08:05 1477665                    /home/victorhugo/Programs/android-studio/jre/lib/amd64/jli/libjli.so
7fb31111d000-7fb31111e000 rw-p 00016000 08:05 1477665                    /home/victorhugo/Programs/android-studio/jre/lib/amd64/jli/libjli.so
7fb31111e000-7fb311141000 r-xp 00000000 08:05 1846484                    /lib/x86_64-linux-gnu/ld-2.19.so
7fb311145000-7fb311215000 rw-p 00000000 00:00 0 
7fb311215000-7fb311218000 ---p 00000000 00:00 0 
7fb311218000-7fb31131a000 rw-p 00000000 00:00 0                          [stack:18546]
7fb31131f000-7fb311334000 rw-p 00000000 00:00 0 
7fb311334000-7fb31133c000 rw-s 00000000 08:05 2360974                    /tmp/hsperfdata_victorhugo/18544
7fb31133c000-7fb31133d000 rw-p 00000000 00:00 0 
7fb31133d000-7fb31133e000 ---p 00000000 00:00 0 
7fb31133e000-7fb311340000 rw-p 00000000 00:00 0 
7fb311340000-7fb311341000 r--p 00022000 08:05 1846484                    /lib/x86_64-linux-gnu/ld-2.19.so
7fb311341000-7fb311342000 rw-p 00023000 08:05 1846484                    /lib/x86_64-linux-gnu/ld-2.19.so
7fb311342000-7fb311343000 rw-p 00000000 00:00 0 
7ffe89038000-7ffe89059000 rw-p 00000000 00:00 0                          [stack]
7ffe8908e000-7ffe89090000 r-xp 00000000 00:00 0                          [vdso]
ffffffffff600000-ffffffffff601000 r-xp 00000000 00:00 0                  [vsyscall]

VM Arguments:
jvm_args: -Djava.awt.headless=true -Xmx1024M -Dfile.encoding=UTF-8 -Duser.country=US -Duser.language=en -Duser.variant 
java_command: com.android.dx.command.Main --dex --force-jumbo --num-threads=4 --multi-dex --output /home/victorhugo/Toci/app/build/intermediates/transforms/dex/debug/folders/1000/5/slice_7 /home/victorhugo/Toci/app/build/intermediates/transforms/instantRunSlicer/debug/folders/1/5/slice_7
java_class_path (initial): /home/victorhugo/Programs/AndroidSDK/build-tools/23.0.2/lib/dx.jar
Launcher Type: SUN_STANDARD

Environment Variables:
JAVA_HOME=/usr/lib/jvm/java-8-oracle/jre/bin/java
PATH=/home/victorhugo/.rvm/gems/ruby-2.2.1/bin:/home/victorhugo/.rvm/gems/ruby-2.2.1@global/bin:/home/victorhugo/.rvm/rubies/ruby-2.2.1/bin:/usr/local/sbin:/usr/local/bin:/usr/sbin:/usr/bin:/sbin:/bin:/usr/games:/usr/local/games:/home/victorhugo/.rvm/bin
LD_LIBRARY_PATH=/home/victorhugo/Programs/android-studio/bin:
SHELL=/bin/bash
DISPLAY=:0

Signal Handlers:
SIGSEGV: [libjvm.so+0x9daac0], sa_mask[0]=11111111011111111101111111111110, sa_flags=SA_RESTART|SA_SIGINFO
SIGBUS: [libjvm.so+0x9daac0], sa_mask[0]=11111111011111111101111111111110, sa_flags=SA_RESTART|SA_SIGINFO
SIGFPE: [libjvm.so+0x840d90], sa_mask[0]=11111111011111111101111111111110, sa_flags=SA_RESTART|SA_SIGINFO
SIGPIPE: [libjvm.so+0x840d90], sa_mask[0]=11111111011111111101111111111110, sa_flags=SA_RESTART|SA_SIGINFO
SIGXFSZ: [libjvm.so+0x840d90], sa_mask[0]=11111111011111111101111111111110, sa_flags=SA_RESTART|SA_SIGINFO
SIGILL: [libjvm.so+0x840d90], sa_mask[0]=11111111011111111101111111111110, sa_flags=SA_RESTART|SA_SIGINFO
SIGUSR1: SIG_DFL, sa_mask[0]=00000000000000000000000000000000, sa_flags=none
SIGUSR2: [libjvm.so+0x840c60], sa_mask[0]=00100000000000000000000000000000, sa_flags=SA_RESTART|SA_SIGINFO
SIGHUP: [libjvm.so+0x840e50], sa_mask[0]=11111111011111111101111111111110, sa_flags=SA_RESTART|SA_SIGINFO
SIGINT: [libjvm.so+0x840e50], sa_mask[0]=11111111011111111101111111111110, sa_flags=SA_RESTART|SA_SIGINFO
SIGTERM: [libjvm.so+0x840e50], sa_mask[0]=11111111011111111101111111111110, sa_flags=SA_RESTART|SA_SIGINFO
SIGQUIT: [libjvm.so+0x840e50], sa_mask[0]=11111111011111111101111111111110, sa_flags=SA_RESTART|SA_SIGINFO


---------------  S Y S T E M  ---------------

OS:DISTRIB_ID=Ubuntu
DISTRIB_RELEASE=14.04
DISTRIB_CODENAME=trusty
DISTRIB_DESCRIPTION="Ubuntu 14.04.5 LTS"

uname:Linux 3.13.0-95-generic #142-Ubuntu SMP Fri Aug 12 17:00:09 UTC 2016 x86_64
libc:glibc 2.19 NPTL 2.19 
rlimit: STACK 8192k, CORE 0k, NPROC 29521, NOFILE 4096, AS infinity
load average:12.34 8.16 4.05

/proc/meminfo:
MemTotal:        3800312 kB
MemFree:           87004 kB
Buffers:             288 kB
Cached:           251556 kB
SwapCached:            0 kB
Active:          3320264 kB
Inactive:         241156 kB
Active(anon):    3314520 kB
Inactive(anon):   234004 kB
Active(file):       5744 kB
Inactive(file):     7152 kB
Unevictable:         152 kB
Mlocked:             152 kB
SwapTotal:             0 kB
SwapFree:              0 kB
Dirty:                36 kB
Writeback:             0 kB
AnonPages:       3311000 kB
Mapped:            55272 kB
Shmem:            237676 kB
Slab:              61600 kB
SReclaimable:      28412 kB
SUnreclaim:        33188 kB
KernelStack:        5200 kB
PageTables:        35952 kB
NFS_Unstable:          0 kB
Bounce:                0 kB
WritebackTmp:          0 kB
CommitLimit:     1900156 kB
Committed_AS:    6562776 kB
VmallocTotal:   34359738367 kB
VmallocUsed:      347936 kB
VmallocChunk:   34359354256 kB
HardwareCorrupted:     0 kB
AnonHugePages:   1882112 kB
HugePages_Total:       0
HugePages_Free:        0
HugePages_Rsvd:        0
HugePages_Surp:        0
Hugepagesize:       2048 kB
DirectMap4k:       64568 kB
DirectMap2M:     4014080 kB


CPU:total 4 (2 cores per cpu, 2 threads per core) family 6 model 42 stepping 7, cmov, cx8, fxsr, mmx, sse, sse2, sse3, ssse3, sse4.1, sse4.2, popcnt, avx, aes, clmul, ht, tsc, tscinvbit

/proc/cpuinfo:
processor	: 0
vendor_id	: GenuineIntel
cpu family	: 6
model		: 42
model name	: Intel(R) Core(TM) i5-2467M CPU @ 1.60GHz
stepping	: 7
microcode	: 0x25
cpu MHz		: 2016.000
cache size	: 3072 KB
physical id	: 0
siblings	: 4
core id		: 0
cpu cores	: 2
apicid		: 0
initial apicid	: 0
fpu		: yes
fpu_exception	: yes
cpuid level	: 13
wp		: yes
flags		: fpu vme de pse tsc msr pae mce cx8 apic sep mtrr pge mca cmov pat pse36 clflush dts acpi mmx fxsr sse sse2 ss ht tm pbe syscall nx rdtscp lm constant_tsc arch_perfmon pebs bts nopl xtopology nonstop_tsc aperfmperf eagerfpu pni pclmulqdq dtes64 monitor ds_cpl vmx est tm2 ssse3 cx16 xtpr pdcm pcid sse4_1 sse4_2 x2apic popcnt tsc_deadline_timer aes xsave avx lahf_lm ida arat epb xsaveopt pln pts dtherm tpr_shadow vnmi flexpriority ept vpid
bogomips	: 3192.89
clflush size	: 64
cache_alignment	: 64
address sizes	: 36 bits physical, 48 bits virtual
power management:

processor	: 1
vendor_id	: GenuineIntel
cpu family	: 6
model		: 42
model name	: Intel(R) Core(TM) i5-2467M CPU @ 1.60GHz
stepping	: 7
microcode	: 0x25
cpu MHz		: 2016.000
cache size	: 3072 KB
physical id	: 0
siblings	: 4
core id		: 0
cpu cores	: 2
apicid		: 1
initial apicid	: 1
fpu		: yes
fpu_exception	: yes
cpuid level	: 13
wp		: yes
flags		: fpu vme de pse tsc msr pae mce cx8 apic sep mtrr pge mca cmov pat pse36 clflush dts acpi mmx fxsr sse sse2 ss ht tm pbe syscall nx rdtscp lm constant_tsc arch_perfmon pebs bts nopl xtopology nonstop_tsc aperfmperf eagerfpu pni pclmulqdq dtes64 monitor ds_cpl vmx est tm2 ssse3 cx16 xtpr pdcm pcid sse4_1 sse4_2 x2apic popcnt tsc_deadline_timer aes xsave avx lahf_lm ida arat epb xsaveopt pln pts dtherm tpr_shadow vnmi flexpriority ept vpid
bogomips	: 3192.89
clflush size	: 64
cache_alignment	: 64
address sizes	: 36 bits physical, 48 bits virtual
power management:

processor	: 2
vendor_id	: GenuineIntel
cpu family	: 6
model		: 42
model name	: Intel(R) Core(TM) i5-2467M CPU @ 1.60GHz
stepping	: 7
microcode	: 0x25
cpu MHz		: 2016.000
cache size	: 3072 KB
physical id	: 0
siblings	: 4
core id		: 1
cpu cores	: 2
apicid		: 2
initial apicid	: 2
fpu		: yes
fpu_exception	: yes
cpuid level	: 13
wp		: yes
flags		: fpu vme de pse tsc msr pae mce cx8 apic sep mtrr pge mca cmov pat pse36 clflush dts acpi mmx fxsr sse sse2 ss ht tm pbe syscall nx rdtscp lm constant_tsc arch_perfmon pebs bts nopl xtopology nonstop_tsc aperfmperf eagerfpu pni pclmulqdq dtes64 monitor ds_cpl vmx est tm2 ssse3 cx16 xtpr pdcm pcid sse4_1 sse4_2 x2apic popcnt tsc_deadline_timer aes xsave avx lahf_lm ida arat epb xsaveopt pln pts dtherm tpr_shadow vnmi flexpriority ept vpid
bogomips	: 3192.89
clflush size	: 64
cache_alignment	: 64
address sizes	: 36 bits physical, 48 bits virtual
power management:

processor	: 3
vendor_id	: GenuineIntel
cpu family	: 6
model		: 42
model name	: Intel(R) Core(TM) i5-2467M CPU @ 1.60GHz
stepping	: 7
microcode	: 0x25
cpu MHz		: 2016.000
cache size	: 3072 KB
physical id	: 0
siblings	: 4
core id		: 1
cpu cores	: 2
apicid		: 3
initial apicid	: 3
fpu		: yes
fpu_exception	: yes
cpuid level	: 13
wp		: yes
flags		: fpu vme de pse tsc msr pae mce cx8 apic sep mtrr pge mca cmov pat pse36 clflush dts acpi mmx fxsr sse sse2 ss ht tm pbe syscall nx rdtscp lm constant_tsc arch_perfmon pebs bts nopl xtopology nonstop_tsc aperfmperf eagerfpu pni pclmulqdq dtes64 monitor ds_cpl vmx est tm2 ssse3 cx16 xtpr pdcm pcid sse4_1 sse4_2 x2apic popcnt tsc_deadline_timer aes xsave avx lahf_lm ida arat epb xsaveopt pln pts dtherm tpr_shadow vnmi flexpriority ept vpid
bogomips	: 3192.89
clflush size	: 64
cache_alignment	: 64
address sizes	: 36 bits physical, 48 bits virtual
power management:



Memory: 4k page, physical 3800312k(86796k free), swap 0k(0k free)

vm_info: OpenJDK 64-Bit Server VM (25.76-b03) for linux-amd64 JRE (1.8.0_76-release-b03), built on Jun 29 2016 09:39:19 by "builder" with gcc 4.8.4

time: Sat Sep 24 14:38:04 2016
elapsed time: 13 seconds (0d 0h 0m 13s)

