#
# There is insufficient memory for the Java Runtime Environment to continue.
# Native memory allocation (mmap) failed to map 15728640 bytes for committing reserved memory.
# Possible reasons:
#   The system is out of physical RAM or swap space
#   In 32 bit mode, the process size limit was hit
# Possible solutions:
#   Reduce memory load on the system
#   Increase physical memory or swap space
#   Check if swap backing store is full
#   Use 64 bit Java on a 64 bit OS
#   Decrease Java heap size (-Xmx/-Xms)
#   Decrease number of Java threads
#   Decrease Java thread stack sizes (-Xss)
#   Set larger code cache with -XX:ReservedCodeCacheSize=
# This output file may be truncated or incomplete.
#
#  Out of Memory Error (os_linux.cpp:2627), pid=18651, tid=0x00007f7d7a06c700
#
# JRE version: OpenJDK Runtime Environment (8.0_76-b03) (build 1.8.0_76-release-b03)
# Java VM: OpenJDK 64-Bit Server VM (25.76-b03 mixed mode linux-amd64 compressed oops)
# Failed to write core dump. Core dumps have been disabled. To enable core dumping, try "ulimit -c unlimited" before starting Java again
#

---------------  T H R E A D  ---------------

Current thread (0x00007f7d8c077800):  VMThread [stack: 0x00007f7d79f6c000,0x00007f7d7a06d000] [id=18661]

Stack: [0x00007f7d79f6c000,0x00007f7d7a06d000],  sp=0x00007f7d7a06b480,  free space=1021k
Native frames: (J=compiled Java code, j=interpreted, Vv=VM code, C=native code)
V  [libjvm.so+0x9d9fcd]  VMError::report_and_die()+0x15d
V  [libjvm.so+0x4b4d4a]  report_vm_out_of_memory(char const*, int, unsigned long, VMErrorType, char const*)+0x8a
V  [libjvm.so+0x845190]  os::pd_commit_memory(char*, unsigned long, unsigned long, bool)+0xf0
V  [libjvm.so+0x83fcbf]  os::commit_memory(char*, unsigned long, unsigned long, bool)+0x1f
V  [libjvm.so+0x8b4d9b]  PSVirtualSpace::expand_by(unsigned long)+0x5b
V  [libjvm.so+0x8b5a10]  PSYoungGen::resize_generation(unsigned long, unsigned long)+0xb0
V  [libjvm.so+0x8b5d2b]  PSYoungGen::resize(unsigned long, unsigned long)+0x1b
V  [libjvm.so+0x8b241c]  PSScavenge::invoke_no_policy()+0xdac
V  [libjvm.so+0x8b2bf8]  PSScavenge::invoke()+0x38
V  [libjvm.so+0x8681f3]  ParallelScavengeHeap::failed_mem_allocate(unsigned long)+0x63
V  [libjvm.so+0x9dba94]  VM_ParallelGCFailedAllocation::doit()+0x84
V  [libjvm.so+0x9dfe47]  VM_Operation::evaluate()+0x47
V  [libjvm.so+0x9de908]  VMThread::evaluate_operation(VM_Operation*)+0x2c8
V  [libjvm.so+0x9ded89]  VMThread::loop()+0x219
V  [libjvm.so+0x9df1d2]  VMThread::run()+0x72
V  [libjvm.so+0x8425b2]  java_start(Thread*)+0xf2

VM_Operation (0x00007f7d7869ce00): ParallelGCFailedAllocation, mode: safepoint, requested by thread 0x00007f7d8c129800


---------------  P R O C E S S  ---------------

Java Threads: ( => current thread )
  0x00007f7d8c129800 JavaThread "pool-2-thread-4" [_thread_blocked, id=18677, stack(0x00007f7d7859e000,0x00007f7d7869f000)]
  0x00007f7d8c128000 JavaThread "pool-2-thread-3" [_thread_blocked, id=18676, stack(0x00007f7d7869f000,0x00007f7d787a0000)]
  0x00007f7d8c125000 JavaThread "pool-2-thread-2" [_thread_blocked, id=18675, stack(0x00007f7d787a0000,0x00007f7d788a1000)]
  0x00007f7d8c11c000 JavaThread "pool-3-thread-1" [_thread_blocked, id=18674, stack(0x00007f7d788a1000,0x00007f7d789a2000)]
  0x00007f7d8c117000 JavaThread "pool-2-thread-1" [_thread_blocked, id=18673, stack(0x00007f7d789a2000,0x00007f7d78aa3000)]
  0x00007f7d8c0c0000 JavaThread "Service Thread" daemon [_thread_blocked, id=18671, stack(0x00007f7d78ba4000,0x00007f7d78ca5000)]
  0x00007f7d8c0bd000 JavaThread "C1 CompilerThread2" daemon [_thread_blocked, id=18670, stack(0x00007f7d78ca5000,0x00007f7d78da6000)]
  0x00007f7d8c0bb800 JavaThread "C2 CompilerThread1" daemon [_thread_blocked, id=18669, stack(0x00007f7d78da6000,0x00007f7d78ea7000)]
  0x00007f7d8c0b8800 JavaThread "C2 CompilerThread0" daemon [_thread_blocked, id=18667, stack(0x00007f7d78ea7000,0x00007f7d78fa8000)]
  0x00007f7d8c0b7000 JavaThread "Signal Dispatcher" daemon [_thread_blocked, id=18666, stack(0x00007f7d78fa8000,0x00007f7d790a9000)]
  0x00007f7d8c084000 JavaThread "Finalizer" daemon [_thread_blocked, id=18663, stack(0x00007f7d79d6a000,0x00007f7d79e6b000)]
  0x00007f7d8c07f800 JavaThread "Reference Handler" daemon [_thread_blocked, id=18662, stack(0x00007f7d79e6b000,0x00007f7d79f6c000)]
  0x00007f7d8c00a000 JavaThread "main" [_thread_blocked, id=18654, stack(0x00007f7d9451a000,0x00007f7d9461b000)]

Other Threads:
=>0x00007f7d8c077800 VMThread [stack: 0x00007f7d79f6c000,0x00007f7d7a06d000] [id=18661]
  0x00007f7d8c0c2800 WatcherThread [stack: 0x00007f7d78aa3000,0x00007f7d78ba4000] [id=18672]

VM state:at safepoint (normal execution)

VM Mutex/Monitor currently owned by a thread:  ([mutex/lock_event])
[0x00007f7d8c006700] Threads_lock - owner thread: 0x00007f7d8c077800
[0x00007f7d8c006c00] Heap_lock - owner thread: 0x00007f7d8c129800

Heap:
 PSYoungGen      total 17408K, used 2032K [0x00000000eab00000, 0x00000000ebe00000, 0x0000000100000000)
  eden space 15360K, 0% used [0x00000000eab00000,0x00000000eab00000,0x00000000eba00000)
  from space 2048K, 99% used [0x00000000eba00000,0x00000000ebbfc028,0x00000000ebc00000)
  to   space 2048K, 0% used [0x00000000ebc00000,0x00000000ebc00000,0x00000000ebe00000)
 ParOldGen       total 39936K, used 1845K [0x00000000c0000000, 0x00000000c2700000, 0x00000000eab00000)
  object space 39936K, 4% used [0x00000000c0000000,0x00000000c01cd5b8,0x00000000c2700000)
 Metaspace       used 5381K, capacity 6640K, committed 6784K, reserved 1056768K
  class space    used 546K, capacity 616K, committed 640K, reserved 1048576K

Card table byte_map: [0x00007f7d911ce000,0x00007f7d913cf000] byte_map_base: 0x00007f7d90bce000

Marking Bits: (ParMarkBitMap*) 0x00007f7d939f81a0
 Begin Bits: [0x00007f7d7b000000, 0x00007f7d7c000000)
 End Bits:   [0x00007f7d7c000000, 0x00007f7d7d000000)

Polling page: 0x00007f7d94642000

CodeCache: size=245760Kb used=2266Kb max_used=2266Kb free=243493Kb
 bounds [0x00007f7d7d000000, 0x00007f7d7d270000, 0x00007f7d8c000000]
 total_blobs=814 nmethods=555 adapters=174
 compilation: enabled

Compilation events (10 events):
Event: 2.756 Thread 0x00007f7d8c0bd000  631       3       com.android.dx.ssa.SsaRenamer$BlockRenamer::processResultReg (56 bytes)
Event: 2.757 Thread 0x00007f7d8c0bd000 nmethod 631 0x00007f7d7d230b50 code [0x00007f7d7d230d20, 0x00007f7d7d2315d8]
Event: 2.766 Thread 0x00007f7d8c0bd000  618       3       com.android.dx.ssa.SCCP::addBlockToWorklist (47 bytes)
Event: 2.829 Thread 0x00007f7d8c0bd000 nmethod 618 0x00007f7d7d231910 code [0x00007f7d7d231b40, 0x00007f7d7d232718]
Event: 2.833 Thread 0x00007f7d8c0bd000  641       3       com.android.dx.ssa.MoveParamCombiner$1::visitNonMoveInsn (213 bytes)
Event: 2.836 Thread 0x00007f7d8c0bd000 nmethod 641 0x00007f7d7d232d90 code [0x00007f7d7d233080, 0x00007f7d7d234e78]
Event: 2.836 Thread 0x00007f7d8c0bd000  621       3       com.android.dx.ssa.SsaMethod::blockIndexToRopLabel (21 bytes)
Event: 2.837 Thread 0x00007f7d8c0bd000 nmethod 621 0x00007f7d7d235d10 code [0x00007f7d7d235ec0, 0x00007f7d7d236478]
Event: 2.837 Thread 0x00007f7d8c0bd000  645       3       com.android.dx.ssa.InterferenceRegisterMapper::interferes (78 bytes)
Event: 2.893 Thread 0x00007f7d8c0bd000 nmethod 645 0x00007f7d7d2367d0 code [0x00007f7d7d236a00, 0x00007f7d7d2375e8]

GC Heap History (1 events):
Event: 3.109 GC heap before
{Heap before GC invocations=1 (full 0):
 PSYoungGen      total 17408K, used 15360K [0x00000000eab00000, 0x00000000ebe00000, 0x0000000100000000)
  eden space 15360K, 100% used [0x00000000eab00000,0x00000000eba00000,0x00000000eba00000)
  from space 2048K, 0% used [0x00000000ebc00000,0x00000000ebc00000,0x00000000ebe00000)
  to   space 2048K, 0% used [0x00000000eba00000,0x00000000eba00000,0x00000000ebc00000)
 ParOldGen       total 39936K, used 0K [0x00000000c0000000, 0x00000000c2700000, 0x00000000eab00000)
  object space 39936K, 0% used [0x00000000c0000000,0x00000000c0000000,0x00000000c2700000)
 Metaspace       used 5381K, capacity 6640K, committed 6784K, reserved 1056768K
  class space    used 546K, capacity 616K, committed 640K, reserved 1048576K

Deoptimization events (3 events):
Event: 1.164 Thread 0x00007f7d8c00a000 Uncommon trap: reason=unstable_if action=reinterpret pc=0x00007f7d7d13df84 method=java.lang.String.indexOf(II)I @ 49
Event: 1.905 Thread 0x00007f7d8c129800 Uncommon trap: reason=unstable_if action=reinterpret pc=0x00007f7d7d189e68 method=java.util.HashMap.getNode(ILjava/lang/Object;)Ljava/util/HashMap$Node; @ 62
Event: 2.358 Thread 0x00007f7d8c128000 Uncommon trap: reason=unstable_if action=reinterpret pc=0x00007f7d7d1ef220 method=java.util.HashMap.getNode(ILjava/lang/Object;)Ljava/util/HashMap$Node; @ 129

Internal exceptions (2 events):
Event: 0.177 Thread 0x00007f7d8c00a000 Exception <a 'java/lang/NoSuchMethodError': Method sun.misc.Unsafe.defineClass(Ljava/lang/String;[BII)Ljava/lang/Class; name or signature does not match> (0x00000000eab07cc0) thrown at [/ssd/Android/AOSP-openjdk/external/jetbrains/jdk/hotspot/src/share/vm
Event: 0.177 Thread 0x00007f7d8c00a000 Exception <a 'java/lang/NoSuchMethodError': Method sun.misc.Unsafe.prefetchRead(Ljava/lang/Object;J)V name or signature does not match> (0x00000000eab07fa8) thrown at [/ssd/Android/AOSP-openjdk/external/jetbrains/jdk/hotspot/src/share/vm/prims/jni.cpp, li

Events (10 events):
Event: 2.722 Thread 0x00007f7d8c117000 DEOPT UNPACKING pc=0x00007f7d7d047373 sp=0x00007f7d78aa0f20 mode 0
Event: 2.722 Thread 0x00007f7d8c117000 DEOPT PACKING pc=0x00007f7d7d16f955 sp=0x00007f7d78aa1210
Event: 2.722 Thread 0x00007f7d8c117000 DEOPT UNPACKING pc=0x00007f7d7d047373 sp=0x00007f7d78aa0f20 mode 0
Event: 2.723 Thread 0x00007f7d8c117000 DEOPT PACKING pc=0x00007f7d7d16f955 sp=0x00007f7d78aa1210
Event: 2.723 Thread 0x00007f7d8c117000 DEOPT UNPACKING pc=0x00007f7d7d047373 sp=0x00007f7d78aa0f20 mode 0
Event: 2.724 Thread 0x00007f7d8c117000 DEOPT PACKING pc=0x00007f7d7d16f955 sp=0x00007f7d78aa1260
Event: 2.724 Thread 0x00007f7d8c117000 DEOPT UNPACKING pc=0x00007f7d7d047373 sp=0x00007f7d78aa0f70 mode 0
Event: 2.851 loading class com/android/dx/cf/code/BytecodeArray$ConstantParserVisitor
Event: 2.854 loading class com/android/dx/cf/code/BytecodeArray$ConstantParserVisitor done
Event: 2.934 Executing VM operation: ParallelGCFailedAllocation


Dynamic libraries:
00400000-00401000 r-xp 00000000 08:05 1506559                            /home/victorhugo/Programs/android-studio/jre/bin/java
00600000-00601000 r--p 00000000 08:05 1506559                            /home/victorhugo/Programs/android-studio/jre/bin/java
00601000-00602000 rw-p 00001000 08:05 1506559                            /home/victorhugo/Programs/android-studio/jre/bin/java
02327000-02348000 rw-p 00000000 00:00 0                                  [heap]
c0000000-c2700000 rw-p 00000000 00:00 0 
c2700000-eab00000 ---p 00000000 00:00 0 
eab00000-ebe00000 rw-p 00000000 00:00 0 
ecd00000-100000000 ---p 00000000 00:00 0 
100000000-1000a0000 rw-p 00000000 00:00 0 
1000a0000-140000000 ---p 00000000 00:00 0 
7f7d2c000000-7f7d2c046000 rw-p 00000000 00:00 0 
7f7d2c046000-7f7d30000000 ---p 00000000 00:00 0 
7f7d34000000-7f7d34021000 rw-p 00000000 00:00 0 
7f7d34021000-7f7d38000000 ---p 00000000 00:00 0 
7f7d38000000-7f7d38021000 rw-p 00000000 00:00 0 
7f7d38021000-7f7d3c000000 ---p 00000000 00:00 0 
7f7d3c000000-7f7d3c03e000 rw-p 00000000 00:00 0 
7f7d3c03e000-7f7d40000000 ---p 00000000 00:00 0 
7f7d40000000-7f7d40021000 rw-p 00000000 00:00 0 
7f7d40021000-7f7d44000000 ---p 00000000 00:00 0 
7f7d44000000-7f7d44021000 rw-p 00000000 00:00 0 
7f7d44021000-7f7d48000000 ---p 00000000 00:00 0 
7f7d48000000-7f7d48021000 rw-p 00000000 00:00 0 
7f7d48021000-7f7d4c000000 ---p 00000000 00:00 0 
7f7d4c000000-7f7d4c235000 rw-p 00000000 00:00 0 
7f7d4c235000-7f7d50000000 ---p 00000000 00:00 0 
7f7d50000000-7f7d503eb000 rw-p 00000000 00:00 0 
7f7d503eb000-7f7d54000000 ---p 00000000 00:00 0 
7f7d54000000-7f7d54021000 rw-p 00000000 00:00 0 
7f7d54021000-7f7d58000000 ---p 00000000 00:00 0 
7f7d58000000-7f7d5810a000 rw-p 00000000 00:00 0 
7f7d5810a000-7f7d5c000000 ---p 00000000 00:00 0 
7f7d5c000000-7f7d5c021000 rw-p 00000000 00:00 0 
7f7d5c021000-7f7d60000000 ---p 00000000 00:00 0 
7f7d60000000-7f7d60021000 rw-p 00000000 00:00 0 
7f7d60021000-7f7d64000000 ---p 00000000 00:00 0 
7f7d64000000-7f7d64021000 rw-p 00000000 00:00 0 
7f7d64021000-7f7d68000000 ---p 00000000 00:00 0 
7f7d68000000-7f7d6827c000 rw-p 00000000 00:00 0 
7f7d6827c000-7f7d6c000000 ---p 00000000 00:00 0 
7f7d6c000000-7f7d6c021000 rw-p 00000000 00:00 0 
7f7d6c021000-7f7d70000000 ---p 00000000 00:00 0 
7f7d70000000-7f7d70021000 rw-p 00000000 00:00 0 
7f7d70021000-7f7d74000000 ---p 00000000 00:00 0 
7f7d74000000-7f7d74021000 rw-p 00000000 00:00 0 
7f7d74021000-7f7d78000000 ---p 00000000 00:00 0 
7f7d7859e000-7f7d785a1000 ---p 00000000 00:00 0 
7f7d785a1000-7f7d7869f000 rw-p 00000000 00:00 0                          [stack:18677]
7f7d7869f000-7f7d786a2000 ---p 00000000 00:00 0 
7f7d786a2000-7f7d787a0000 rw-p 00000000 00:00 0                          [stack:18676]
7f7d787a0000-7f7d787a3000 ---p 00000000 00:00 0 
7f7d787a3000-7f7d788a1000 rw-p 00000000 00:00 0                          [stack:18675]
7f7d788a1000-7f7d788a4000 ---p 00000000 00:00 0 
7f7d788a4000-7f7d789a2000 rw-p 00000000 00:00 0                          [stack:18674]
7f7d789a2000-7f7d789a5000 ---p 00000000 00:00 0 
7f7d789a5000-7f7d78aa3000 rw-p 00000000 00:00 0                          [stack:18673]
7f7d78aa3000-7f7d78aa4000 ---p 00000000 00:00 0 
7f7d78aa4000-7f7d78ba4000 rw-p 00000000 00:00 0                          [stack:18672]
7f7d78ba4000-7f7d78ba7000 ---p 00000000 00:00 0 
7f7d78ba7000-7f7d78ca5000 rw-p 00000000 00:00 0                          [stack:18671]
7f7d78ca5000-7f7d78ca8000 ---p 00000000 00:00 0 
7f7d78ca8000-7f7d78da6000 rw-p 00000000 00:00 0                          [stack:18670]
7f7d78da6000-7f7d78da9000 ---p 00000000 00:00 0 
7f7d78da9000-7f7d78ea7000 rw-p 00000000 00:00 0                          [stack:18669]
7f7d78ea7000-7f7d78eaa000 ---p 00000000 00:00 0 
7f7d78eaa000-7f7d78fa8000 rw-p 00000000 00:00 0                          [stack:18667]
7f7d78fa8000-7f7d78fab000 ---p 00000000 00:00 0 
7f7d78fab000-7f7d790a9000 rw-p 00000000 00:00 0                          [stack:18666]
7f7d790a9000-7f7d79d6a000 r--p 00000000 08:05 272679                     /usr/lib/locale/locale-archive
7f7d79d6a000-7f7d79d6d000 ---p 00000000 00:00 0 
7f7d79d6d000-7f7d79e6b000 rw-p 00000000 00:00 0                          [stack:18663]
7f7d79e6b000-7f7d79e6e000 ---p 00000000 00:00 0 
7f7d79e6e000-7f7d79f6c000 rw-p 00000000 00:00 0                          [stack:18662]
7f7d79f6c000-7f7d79f6d000 ---p 00000000 00:00 0 
7f7d79f6d000-7f7d7d000000 rw-p 00000000 00:00 0                          [stack:18661]
7f7d7d000000-7f7d7d270000 rwxp 00000000 00:00 0 
7f7d7d270000-7f7d8c000000 ---p 00000000 00:00 0 
7f7d8c000000-7f7d8c37e000 rw-p 00000000 00:00 0 
7f7d8c37e000-7f7d90000000 ---p 00000000 00:00 0 
7f7d90001000-7f7d90010000 r--s 000df000 08:05 1832506                    /home/victorhugo/Programs/AndroidSDK/build-tools/23.0.2/lib/dx.jar
7f7d90010000-7f7d90031000 rw-p 00000000 00:00 0 
7f7d90031000-7f7d901fe000 r--s 03bec000 08:05 1523188                    /home/victorhugo/Programs/android-studio/jre/jre/lib/rt.jar
7f7d901fe000-7f7d90874000 rw-p 00000000 00:00 0 
7f7d90874000-7f7d90a74000 ---p 00000000 00:00 0 
7f7d90a74000-7f7d90c74000 rw-p 00000000 00:00 0 
7f7d90c74000-7f7d90c75000 ---p 00000000 00:00 0 
7f7d90c75000-7f7d90d75000 rw-p 00000000 00:00 0                          [stack:18660]
7f7d90d75000-7f7d90d76000 ---p 00000000 00:00 0 
7f7d90d76000-7f7d90e76000 rw-p 00000000 00:00 0                          [stack:18659]
7f7d90e76000-7f7d90e77000 ---p 00000000 00:00 0 
7f7d90e77000-7f7d90f77000 rw-p 00000000 00:00 0                          [stack:18658]
7f7d90f77000-7f7d90f78000 ---p 00000000 00:00 0 
7f7d90f78000-7f7d9108c000 rw-p 00000000 00:00 0                          [stack:18657]
7f7d9108c000-7f7d911ce000 ---p 00000000 00:00 0 
7f7d911ce000-7f7d911e2000 rw-p 00000000 00:00 0 
7f7d911e2000-7f7d91323000 ---p 00000000 00:00 0 
7f7d91323000-7f7d9132d000 rw-p 00000000 00:00 0 
7f7d9132d000-7f7d913ce000 ---p 00000000 00:00 0 
7f7d913ce000-7f7d913d9000 rw-p 00000000 00:00 0 
7f7d913d9000-7f7d9178f000 ---p 00000000 00:00 0 
7f7d9178f000-7f7d917a9000 r-xp 00000000 08:05 1523215                    /home/victorhugo/Programs/android-studio/jre/jre/lib/amd64/libzip.so
7f7d917a9000-7f7d919a9000 ---p 0001a000 08:05 1523215                    /home/victorhugo/Programs/android-studio/jre/jre/lib/amd64/libzip.so
7f7d919a9000-7f7d919aa000 r--p 0001a000 08:05 1523215                    /home/victorhugo/Programs/android-studio/jre/jre/lib/amd64/libzip.so
7f7d919aa000-7f7d919ab000 rw-p 0001b000 08:05 1523215                    /home/victorhugo/Programs/android-studio/jre/jre/lib/amd64/libzip.so
7f7d919ab000-7f7d919b5000 r-xp 00000000 08:05 1846494                    /lib/x86_64-linux-gnu/libnss_files-2.19.so
7f7d919b5000-7f7d91bb4000 ---p 0000a000 08:05 1846494                    /lib/x86_64-linux-gnu/libnss_files-2.19.so
7f7d91bb4000-7f7d91bb5000 r--p 00009000 08:05 1846494                    /lib/x86_64-linux-gnu/libnss_files-2.19.so
7f7d91bb5000-7f7d91bb6000 rw-p 0000a000 08:05 1846494                    /lib/x86_64-linux-gnu/libnss_files-2.19.so
7f7d91bb6000-7f7d91bc1000 r-xp 00000000 08:05 1846486                    /lib/x86_64-linux-gnu/libnss_nis-2.19.so
7f7d91bc1000-7f7d91dc0000 ---p 0000b000 08:05 1846486                    /lib/x86_64-linux-gnu/libnss_nis-2.19.so
7f7d91dc0000-7f7d91dc1000 r--p 0000a000 08:05 1846486                    /lib/x86_64-linux-gnu/libnss_nis-2.19.so
7f7d91dc1000-7f7d91dc2000 rw-p 0000b000 08:05 1846486                    /lib/x86_64-linux-gnu/libnss_nis-2.19.so
7f7d91dc2000-7f7d91dd9000 r-xp 00000000 08:05 1846482                    /lib/x86_64-linux-gnu/libnsl-2.19.so
7f7d91dd9000-7f7d91fd8000 ---p 00017000 08:05 1846482                    /lib/x86_64-linux-gnu/libnsl-2.19.so
7f7d91fd8000-7f7d91fd9000 r--p 00016000 08:05 1846482                    /lib/x86_64-linux-gnu/libnsl-2.19.so
7f7d91fd9000-7f7d91fda000 rw-p 00017000 08:05 1846482                    /lib/x86_64-linux-gnu/libnsl-2.19.so
7f7d91fda000-7f7d91fdc000 rw-p 00000000 00:00 0 
7f7d91fdc000-7f7d91fe5000 r-xp 00000000 08:05 1846481                    /lib/x86_64-linux-gnu/libnss_compat-2.19.so
7f7d91fe5000-7f7d921e4000 ---p 00009000 08:05 1846481                    /lib/x86_64-linux-gnu/libnss_compat-2.19.so
7f7d921e4000-7f7d921e5000 r--p 00008000 08:05 1846481                    /lib/x86_64-linux-gnu/libnss_compat-2.19.so
7f7d921e5000-7f7d921e6000 rw-p 00009000 08:05 1846481                    /lib/x86_64-linux-gnu/libnss_compat-2.19.so
7f7d921e6000-7f7d92213000 r-xp 00000000 08:05 1523228                    /home/victorhugo/Programs/android-studio/jre/jre/lib/amd64/libjava.so
7f7d92213000-7f7d92412000 ---p 0002d000 08:05 1523228                    /home/victorhugo/Programs/android-studio/jre/jre/lib/amd64/libjava.so
7f7d92412000-7f7d92413000 r--p 0002c000 08:05 1523228                    /home/victorhugo/Programs/android-studio/jre/jre/lib/amd64/libjava.so
7f7d92413000-7f7d92415000 rw-p 0002d000 08:05 1523228                    /home/victorhugo/Programs/android-studio/jre/jre/lib/amd64/libjava.so
7f7d92415000-7f7d92425000 r-xp 00000000 08:05 1523244                    /home/victorhugo/Programs/android-studio/jre/jre/lib/amd64/libverify.so
7f7d92425000-7f7d92624000 ---p 00010000 08:05 1523244                    /home/victorhugo/Programs/android-studio/jre/jre/lib/amd64/libverify.so
7f7d92624000-7f7d92626000 r--p 0000f000 08:05 1523244                    /home/victorhugo/Programs/android-studio/jre/jre/lib/amd64/libverify.so
7f7d92626000-7f7d92627000 rw-p 00011000 08:05 1523244                    /home/victorhugo/Programs/android-studio/jre/jre/lib/amd64/libverify.so
7f7d92627000-7f7d9262e000 r-xp 00000000 08:05 1846490                    /lib/x86_64-linux-gnu/librt-2.19.so
7f7d9262e000-7f7d9282d000 ---p 00007000 08:05 1846490                    /lib/x86_64-linux-gnu/librt-2.19.so
7f7d9282d000-7f7d9282e000 r--p 00006000 08:05 1846490                    /lib/x86_64-linux-gnu/librt-2.19.so
7f7d9282e000-7f7d9282f000 rw-p 00007000 08:05 1846490                    /lib/x86_64-linux-gnu/librt-2.19.so
7f7d9282f000-7f7d92934000 r-xp 00000000 08:05 1846457                    /lib/x86_64-linux-gnu/libm-2.19.so
7f7d92934000-7f7d92b33000 ---p 00105000 08:05 1846457                    /lib/x86_64-linux-gnu/libm-2.19.so
7f7d92b33000-7f7d92b34000 r--p 00104000 08:05 1846457                    /lib/x86_64-linux-gnu/libm-2.19.so
7f7d92b34000-7f7d92b35000 rw-p 00105000 08:05 1846457                    /lib/x86_64-linux-gnu/libm-2.19.so
7f7d92b35000-7f7d9371b000 r-xp 00000000 08:05 1523247                    /home/victorhugo/Programs/android-studio/jre/jre/lib/amd64/server/libjvm.so
7f7d9371b000-7f7d9391b000 ---p 00be6000 08:05 1523247                    /home/victorhugo/Programs/android-studio/jre/jre/lib/amd64/server/libjvm.so
7f7d9391b000-7f7d939ba000 r--p 00be6000 08:05 1523247                    /home/victorhugo/Programs/android-studio/jre/jre/lib/amd64/server/libjvm.so
7f7d939ba000-7f7d939e3000 rw-p 00c85000 08:05 1523247                    /home/victorhugo/Programs/android-studio/jre/jre/lib/amd64/server/libjvm.so
7f7d939e3000-7f7d93a25000 rw-p 00000000 00:00 0 
7f7d93a25000-7f7d93a3e000 r-xp 00000000 08:05 1846483                    /lib/x86_64-linux-gnu/libpthread-2.19.so
7f7d93a3e000-7f7d93c3d000 ---p 00019000 08:05 1846483                    /lib/x86_64-linux-gnu/libpthread-2.19.so
7f7d93c3d000-7f7d93c3e000 r--p 00018000 08:05 1846483                    /lib/x86_64-linux-gnu/libpthread-2.19.so
7f7d93c3e000-7f7d93c3f000 rw-p 00019000 08:05 1846483                    /lib/x86_64-linux-gnu/libpthread-2.19.so
7f7d93c3f000-7f7d93c43000 rw-p 00000000 00:00 0 
7f7d93c43000-7f7d93c46000 r-xp 00000000 08:05 1846478                    /lib/x86_64-linux-gnu/libdl-2.19.so
7f7d93c46000-7f7d93e45000 ---p 00003000 08:05 1846478                    /lib/x86_64-linux-gnu/libdl-2.19.so
7f7d93e45000-7f7d93e46000 r--p 00002000 08:05 1846478                    /lib/x86_64-linux-gnu/libdl-2.19.so
7f7d93e46000-7f7d93e47000 rw-p 00003000 08:05 1846478                    /lib/x86_64-linux-gnu/libdl-2.19.so
7f7d93e47000-7f7d94001000 r-xp 00000000 08:05 1846491                    /lib/x86_64-linux-gnu/libc-2.19.so
7f7d94001000-7f7d94201000 ---p 001ba000 08:05 1846491                    /lib/x86_64-linux-gnu/libc-2.19.so
7f7d94201000-7f7d94205000 r--p 001ba000 08:05 1846491                    /lib/x86_64-linux-gnu/libc-2.19.so
7f7d94205000-7f7d94207000 rw-p 001be000 08:05 1846491                    /lib/x86_64-linux-gnu/libc-2.19.so
7f7d94207000-7f7d9420c000 rw-p 00000000 00:00 0 
7f7d9420c000-7f7d94222000 r-xp 00000000 08:05 1477665                    /home/victorhugo/Programs/android-studio/jre/lib/amd64/jli/libjli.so
7f7d94222000-7f7d94421000 ---p 00016000 08:05 1477665                    /home/victorhugo/Programs/android-studio/jre/lib/amd64/jli/libjli.so
7f7d94421000-7f7d94422000 r--p 00015000 08:05 1477665                    /home/victorhugo/Programs/android-studio/jre/lib/amd64/jli/libjli.so
7f7d94422000-7f7d94423000 rw-p 00016000 08:05 1477665                    /home/victorhugo/Programs/android-studio/jre/lib/amd64/jli/libjli.so
7f7d94423000-7f7d94446000 r-xp 00000000 08:05 1846484                    /lib/x86_64-linux-gnu/ld-2.19.so
7f7d9444a000-7f7d9451a000 rw-p 00000000 00:00 0 
7f7d9451a000-7f7d9451d000 ---p 00000000 00:00 0 
7f7d9451d000-7f7d9461f000 rw-p 00000000 00:00 0                          [stack:18654]
7f7d94624000-7f7d94639000 rw-p 00000000 00:00 0 
7f7d94639000-7f7d94641000 rw-s 00000000 08:05 2360973                    /tmp/hsperfdata_victorhugo/18651
7f7d94641000-7f7d94642000 rw-p 00000000 00:00 0 
7f7d94642000-7f7d94643000 ---p 00000000 00:00 0 
7f7d94643000-7f7d94645000 rw-p 00000000 00:00 0 
7f7d94645000-7f7d94646000 r--p 00022000 08:05 1846484                    /lib/x86_64-linux-gnu/ld-2.19.so
7f7d94646000-7f7d94647000 rw-p 00023000 08:05 1846484                    /lib/x86_64-linux-gnu/ld-2.19.so
7f7d94647000-7f7d94648000 rw-p 00000000 00:00 0 
7fff85b28000-7fff85b49000 rw-p 00000000 00:00 0                          [stack]
7fff85b68000-7fff85b6a000 r-xp 00000000 00:00 0                          [vdso]
ffffffffff600000-ffffffffff601000 r-xp 00000000 00:00 0                  [vsyscall]

VM Arguments:
jvm_args: -Djava.awt.headless=true -Xmx1024M -Dfile.encoding=UTF-8 -Duser.country=US -Duser.language=en -Duser.variant 
java_command: com.android.dx.command.Main --dex --force-jumbo --num-threads=4 --multi-dex --output /home/victorhugo/Toci/app/build/intermediates/transforms/dex/debug/folders/1000/5/slice_3 /home/victorhugo/Toci/app/build/intermediates/transforms/instantRunSlicer/debug/folders/1/5/slice_3
java_class_path (initial): /home/victorhugo/Programs/AndroidSDK/build-tools/23.0.2/lib/dx.jar
Launcher Type: SUN_STANDARD

Environment Variables:
JAVA_HOME=/usr/lib/jvm/java-8-oracle/jre/bin/java
PATH=/home/victorhugo/.rvm/gems/ruby-2.2.1/bin:/home/victorhugo/.rvm/gems/ruby-2.2.1@global/bin:/home/victorhugo/.rvm/rubies/ruby-2.2.1/bin:/usr/local/sbin:/usr/local/bin:/usr/sbin:/usr/bin:/sbin:/bin:/usr/games:/usr/local/games:/home/victorhugo/.rvm/bin
LD_LIBRARY_PATH=/home/victorhugo/Programs/android-studio/bin:
SHELL=/bin/bash
DISPLAY=:0

Signal Handlers:
SIGSEGV: [libjvm.so+0x9daac0], sa_mask[0]=11111111011111111101111111111110, sa_flags=SA_RESTART|SA_SIGINFO
SIGBUS: [libjvm.so+0x9daac0], sa_mask[0]=11111111011111111101111111111110, sa_flags=SA_RESTART|SA_SIGINFO
SIGFPE: [libjvm.so+0x840d90], sa_mask[0]=11111111011111111101111111111110, sa_flags=SA_RESTART|SA_SIGINFO
SIGPIPE: [libjvm.so+0x840d90], sa_mask[0]=11111111011111111101111111111110, sa_flags=SA_RESTART|SA_SIGINFO
SIGXFSZ: [libjvm.so+0x840d90], sa_mask[0]=11111111011111111101111111111110, sa_flags=SA_RESTART|SA_SIGINFO
SIGILL: [libjvm.so+0x840d90], sa_mask[0]=11111111011111111101111111111110, sa_flags=SA_RESTART|SA_SIGINFO
SIGUSR1: SIG_DFL, sa_mask[0]=00000000000000000000000000000000, sa_flags=none
SIGUSR2: [libjvm.so+0x840c60], sa_mask[0]=00100000000000000000000000000000, sa_flags=SA_RESTART|SA_SIGINFO
SIGHUP: [libjvm.so+0x840e50], sa_mask[0]=11111111011111111101111111111110, sa_flags=SA_RESTART|SA_SIGINFO
SIGINT: [libjvm.so+0x840e50], sa_mask[0]=11111111011111111101111111111110, sa_flags=SA_RESTART|SA_SIGINFO
SIGTERM: [libjvm.so+0x840e50], sa_mask[0]=11111111011111111101111111111110, sa_flags=SA_RESTART|SA_SIGINFO
SIGQUIT: [libjvm.so+0x840e50], sa_mask[0]=11111111011111111101111111111110, sa_flags=SA_RESTART|SA_SIGINFO


---------------  S Y S T E M  ---------------

OS:DISTRIB_ID=Ubuntu
DISTRIB_RELEASE=14.04
DISTRIB_CODENAME=trusty
DISTRIB_DESCRIPTION="Ubuntu 14.04.5 LTS"

uname:Linux 3.13.0-95-generic #142-Ubuntu SMP Fri Aug 12 17:00:09 UTC 2016 x86_64
libc:glibc 2.19 NPTL 2.19 
rlimit: STACK 8192k, CORE 0k, NPROC 29521, NOFILE 4096, AS infinity
load average:12.34 8.16 4.05

/proc/meminfo:
MemTotal:        3800312 kB
MemFree:          313512 kB
Buffers:             884 kB
Cached:           263108 kB
SwapCached:            0 kB
Active:          3079612 kB
Inactive:         258932 kB
Active(anon):    3079000 kB
Inactive(anon):   234004 kB
Active(file):        612 kB
Inactive(file):    24928 kB
Unevictable:         152 kB
Mlocked:             152 kB
SwapTotal:             0 kB
SwapFree:              0 kB
Dirty:                36 kB
Writeback:             0 kB
AnonPages:       3075480 kB
Mapped:            56896 kB
Shmem:            237676 kB
Slab:              61600 kB
SReclaimable:      28412 kB
SUnreclaim:        33188 kB
KernelStack:        5200 kB
PageTables:        35512 kB
NFS_Unstable:          0 kB
Bounce:                0 kB
WritebackTmp:          0 kB
CommitLimit:     1900156 kB
Committed_AS:    6237172 kB
VmallocTotal:   34359738367 kB
VmallocUsed:      347936 kB
VmallocChunk:   34359354256 kB
HardwareCorrupted:     0 kB
AnonHugePages:   1769472 kB
HugePages_Total:       0
HugePages_Free:        0
HugePages_Rsvd:        0
HugePages_Surp:        0
Hugepagesize:       2048 kB
DirectMap4k:       64568 kB
DirectMap2M:     4014080 kB


CPU:total 4 (2 cores per cpu, 2 threads per core) family 6 model 42 stepping 7, cmov, cx8, fxsr, mmx, sse, sse2, sse3, ssse3, sse4.1, sse4.2, popcnt, avx, aes, clmul, ht, tsc, tscinvbit

/proc/cpuinfo:
processor	: 0
vendor_id	: GenuineIntel
cpu family	: 6
model		: 42
model name	: Intel(R) Core(TM) i5-2467M CPU @ 1.60GHz
stepping	: 7
microcode	: 0x25
cpu MHz		: 1991.000
cache size	: 3072 KB
physical id	: 0
siblings	: 4
core id		: 0
cpu cores	: 2
apicid		: 0
initial apicid	: 0
fpu		: yes
fpu_exception	: yes
cpuid level	: 13
wp		: yes
flags		: fpu vme de pse tsc msr pae mce cx8 apic sep mtrr pge mca cmov pat pse36 clflush dts acpi mmx fxsr sse sse2 ss ht tm pbe syscall nx rdtscp lm constant_tsc arch_perfmon pebs bts nopl xtopology nonstop_tsc aperfmperf eagerfpu pni pclmulqdq dtes64 monitor ds_cpl vmx est tm2 ssse3 cx16 xtpr pdcm pcid sse4_1 sse4_2 x2apic popcnt tsc_deadline_timer aes xsave avx lahf_lm ida arat epb xsaveopt pln pts dtherm tpr_shadow vnmi flexpriority ept vpid
bogomips	: 3192.89
clflush size	: 64
cache_alignment	: 64
address sizes	: 36 bits physical, 48 bits virtual
power management:

processor	: 1
vendor_id	: GenuineIntel
cpu family	: 6
model		: 42
model name	: Intel(R) Core(TM) i5-2467M CPU @ 1.60GHz
stepping	: 7
microcode	: 0x25
cpu MHz		: 2016.000
cache size	: 3072 KB
physical id	: 0
siblings	: 4
core id		: 0
cpu cores	: 2
apicid		: 1
initial apicid	: 1
fpu		: yes
fpu_exception	: yes
cpuid level	: 13
wp		: yes
flags		: fpu vme de pse tsc msr pae mce cx8 apic sep mtrr pge mca cmov pat pse36 clflush dts acpi mmx fxsr sse sse2 ss ht tm pbe syscall nx rdtscp lm constant_tsc arch_perfmon pebs bts nopl xtopology nonstop_tsc aperfmperf eagerfpu pni pclmulqdq dtes64 monitor ds_cpl vmx est tm2 ssse3 cx16 xtpr pdcm pcid sse4_1 sse4_2 x2apic popcnt tsc_deadline_timer aes xsave avx lahf_lm ida arat epb xsaveopt pln pts dtherm tpr_shadow vnmi flexpriority ept vpid
bogomips	: 3192.89
clflush size	: 64
cache_alignment	: 64
address sizes	: 36 bits physical, 48 bits virtual
power management:

processor	: 2
vendor_id	: GenuineIntel
cpu family	: 6
model		: 42
model name	: Intel(R) Core(TM) i5-2467M CPU @ 1.60GHz
stepping	: 7
microcode	: 0x25
cpu MHz		: 2016.000
cache size	: 3072 KB
physical id	: 0
siblings	: 4
core id		: 1
cpu cores	: 2
apicid		: 2
initial apicid	: 2
fpu		: yes
fpu_exception	: yes
cpuid level	: 13
wp		: yes
flags		: fpu vme de pse tsc msr pae mce cx8 apic sep mtrr pge mca cmov pat pse36 clflush dts acpi mmx fxsr sse sse2 ss ht tm pbe syscall nx rdtscp lm constant_tsc arch_perfmon pebs bts nopl xtopology nonstop_tsc aperfmperf eagerfpu pni pclmulqdq dtes64 monitor ds_cpl vmx est tm2 ssse3 cx16 xtpr pdcm pcid sse4_1 sse4_2 x2apic popcnt tsc_deadline_timer aes xsave avx lahf_lm ida arat epb xsaveopt pln pts dtherm tpr_shadow vnmi flexpriority ept vpid
bogomips	: 3192.89
clflush size	: 64
cache_alignment	: 64
address sizes	: 36 bits physical, 48 bits virtual
power management:

processor	: 3
vendor_id	: GenuineIntel
cpu family	: 6
model		: 42
model name	: Intel(R) Core(TM) i5-2467M CPU @ 1.60GHz
stepping	: 7
microcode	: 0x25
cpu MHz		: 1991.000
cache size	: 3072 KB
physical id	: 0
siblings	: 4
core id		: 1
cpu cores	: 2
apicid		: 3
initial apicid	: 3
fpu		: yes
fpu_exception	: yes
cpuid level	: 13
wp		: yes
flags		: fpu vme de pse tsc msr pae mce cx8 apic sep mtrr pge mca cmov pat pse36 clflush dts acpi mmx fxsr sse sse2 ss ht tm pbe syscall nx rdtscp lm constant_tsc arch_perfmon pebs bts nopl xtopology nonstop_tsc aperfmperf eagerfpu pni pclmulqdq dtes64 monitor ds_cpl vmx est tm2 ssse3 cx16 xtpr pdcm pcid sse4_1 sse4_2 x2apic popcnt tsc_deadline_timer aes xsave avx lahf_lm ida arat epb xsaveopt pln pts dtherm tpr_shadow vnmi flexpriority ept vpid
bogomips	: 3192.89
clflush size	: 64
cache_alignment	: 64
address sizes	: 36 bits physical, 48 bits virtual
power management:



Memory: 4k page, physical 3800312k(313512k free), swap 0k(0k free)

vm_info: OpenJDK 64-Bit Server VM (25.76-b03) for linux-amd64 JRE (1.8.0_76-release-b03), built on Jun 29 2016 09:39:19 by "builder" with gcc 4.8.4

time: Sat Sep 24 14:38:04 2016
elapsed time: 5 seconds (0d 0h 0m 5s)

