#
# There is insufficient memory for the Java Runtime Environment to continue.
# Native memory allocation (mmap) failed to map 65536 bytes for committing reserved memory.
# Possible reasons:
#   The system is out of physical RAM or swap space
#   In 32 bit mode, the process size limit was hit
# Possible solutions:
#   Reduce memory load on the system
#   Increase physical memory or swap space
#   Check if swap backing store is full
#   Use 64 bit Java on a 64 bit OS
#   Decrease Java heap size (-Xmx/-Xms)
#   Decrease number of Java threads
#   Decrease Java thread stack sizes (-Xss)
#   Set larger code cache with -XX:ReservedCodeCacheSize=
# This output file may be truncated or incomplete.
#
#  Out of Memory Error (os_linux.cpp:2627), pid=25558, tid=0x00007f139de39700
#
# JRE version: OpenJDK Runtime Environment (8.0_76-b03) (build 1.8.0_76-release-b03)
# Java VM: OpenJDK 64-Bit Server VM (25.76-b03 mixed mode linux-amd64 compressed oops)
# Failed to write core dump. Core dumps have been disabled. To enable core dumping, try "ulimit -c unlimited" before starting Java again
#

---------------  T H R E A D  ---------------

Current thread (0x00007f13b00bd000):  JavaThread "C1 CompilerThread2" daemon [_thread_in_vm, id=25573, stack(0x00007f139dd39000,0x00007f139de3a000)]

Stack: [0x00007f139dd39000,0x00007f139de3a000],  sp=0x00007f139de38080,  free space=1020k
Native frames: (J=compiled Java code, j=interpreted, Vv=VM code, C=native code)
V  [libjvm.so+0x9d9fcd]  VMError::report_and_die()+0x15d
V  [libjvm.so+0x4b4d4a]  report_vm_out_of_memory(char const*, int, unsigned long, VMErrorType, char const*)+0x8a
V  [libjvm.so+0x845190]  os::pd_commit_memory(char*, unsigned long, unsigned long, bool)+0xf0
V  [libjvm.so+0x83fcbf]  os::commit_memory(char*, unsigned long, unsigned long, bool)+0x1f
V  [libjvm.so+0x9d6e84]  VirtualSpace::expand_by(unsigned long, bool)+0x1b4
V  [libjvm.so+0x5b99cc]  CodeHeap::expand_by(unsigned long)+0x6c
V  [libjvm.so+0x442e86]  CodeCache::allocate(int, bool)+0x46
V  [libjvm.so+0x816226]  nmethod::new_nmethod(methodHandle, int, int, CodeOffsets*, int, DebugInformationRecorder*, Dependencies*, CodeBuffer*, int, OopMapSet*, ExceptionHandlerTable*, ImplicitExceptionTable*, AbstractCompiler*, int)+0x146
V  [libjvm.so+0x3e5ff9]  ciEnv::register_method(ciMethod*, int, CodeOffsets*, int, CodeBuffer*, int, OopMapSet*, ExceptionHandlerTable*, ImplicitExceptionTable*, AbstractCompiler*, int, bool, bool, RTMState)+0x3b9
V  [libjvm.so+0x331099]  Compilation::compile_method()+0x1e9
V  [libjvm.so+0x3313e3]  Compilation::Compilation(AbstractCompiler*, ciEnv*, ciMethod*, int, BufferBlob*)+0x243
V  [libjvm.so+0x3320f8]  Compiler::compile_method(ciEnv*, ciMethod*, int)+0xa8
V  [libjvm.so+0x46d832]  CompileBroker::invoke_compiler_on_method(CompileTask*)+0x8b2
V  [libjvm.so+0x46e6e8]  CompileBroker::compiler_thread_loop()+0x4e8
V  [libjvm.so+0x986ec0]  JavaThread::thread_main_inner()+0xf0
V  [libjvm.so+0x8425b2]  java_start(Thread*)+0xf2
C  [libpthread.so.0+0x8184]  start_thread+0xc4


Current CompileTask:
C1:   6831  690       1       com.android.dx.rop.code.Rop::getSources (5 bytes)


---------------  P R O C E S S  ---------------

Java Threads: ( => current thread )
  0x00007f13b0148800 JavaThread "pool-2-thread-4" [_thread_blocked, id=25600, stack(0x00007f139d632000,0x00007f139d733000)]
  0x00007f13b0147800 JavaThread "pool-2-thread-3" [_thread_blocked, id=25599, stack(0x00007f139d733000,0x00007f139d834000)]
  0x00007f13b0145800 JavaThread "pool-2-thread-2" [_thread_blocked, id=25598, stack(0x00007f139d834000,0x00007f139d935000)]
  0x00007f13b0143800 JavaThread "pool-3-thread-1" [_thread_blocked, id=25597, stack(0x00007f139d935000,0x00007f139da36000)]
  0x00007f13b0143000 JavaThread "pool-2-thread-1" [_thread_blocked, id=25596, stack(0x00007f139da36000,0x00007f139db37000)]
  0x00007f13b00c0800 JavaThread "Service Thread" daemon [_thread_blocked, id=25574, stack(0x00007f139dc38000,0x00007f139dd39000)]
=>0x00007f13b00bd000 JavaThread "C1 CompilerThread2" daemon [_thread_in_vm, id=25573, stack(0x00007f139dd39000,0x00007f139de3a000)]
  0x00007f13b00bb800 JavaThread "C2 CompilerThread1" daemon [_thread_blocked, id=25572, stack(0x00007f139de3a000,0x00007f139df3b000)]
  0x00007f13b00b8800 JavaThread "C2 CompilerThread0" daemon [_thread_blocked, id=25571, stack(0x00007f139df3b000,0x00007f139e03c000)]
  0x00007f13b00b7000 JavaThread "Signal Dispatcher" daemon [_thread_blocked, id=25570, stack(0x00007f139e03c000,0x00007f139e13d000)]
  0x00007f13b0084000 JavaThread "Finalizer" daemon [_thread_blocked, id=25569, stack(0x00007f139edfe000,0x00007f139eeff000)]
  0x00007f13b007f800 JavaThread "Reference Handler" daemon [_thread_blocked, id=25568, stack(0x00007f139eeff000,0x00007f139f000000)]
  0x00007f13b000a000 JavaThread "main" [_thread_blocked, id=25561, stack(0x00007f13b95de000,0x00007f13b96df000)]

Other Threads:
  0x00007f13b0077800 VMThread [stack: 0x00007f13b4040000,0x00007f13b4141000] [id=25567]
  0x00007f13b00c3000 WatcherThread [stack: 0x00007f139db37000,0x00007f139dc38000] [id=25575]

VM state:synchronizing (normal execution)

VM Mutex/Monitor currently owned by a thread:  ([mutex/lock_event])
[0x00007f13b0005b40] CodeCache_lock - owner thread: 0x00007f13b00bd000
[0x00007f13b00067c0] Threads_lock - owner thread: 0x00007f13b0077800
[0x00007f13b00071c0] Compile_lock - owner thread: 0x00007f13b00bd000
[0x00007f13b00072c0] MethodCompileQueue_lock - owner thread: 0x00007f13b00bd000

Heap:
 PSYoungGen      total 32768K, used 18369K [0x00000000eab00000, 0x00000000ecd00000, 0x0000000100000000)
  eden space 30720K, 53% used [0x00000000eab00000,0x00000000ebaf8620,0x00000000ec900000)
  from space 2048K, 98% used [0x00000000ecb00000,0x00000000eccf8018,0x00000000ecd00000)
  to   space 2048K, 0% used [0x00000000ec900000,0x00000000ec900000,0x00000000ecb00000)
 ParOldGen       total 39936K, used 7957K [0x00000000c0000000, 0x00000000c2700000, 0x00000000eab00000)
  object space 39936K, 19% used [0x00000000c0000000,0x00000000c07c54d8,0x00000000c2700000)
 Metaspace       used 5815K, capacity 6832K, committed 7040K, reserved 1056768K
  class space    used 574K, capacity 616K, committed 640K, reserved 1048576K

Card table byte_map: [0x00007f13b6292000,0x00007f13b6493000] byte_map_base: 0x00007f13b5c92000

Marking Bits: (ParMarkBitMap*) 0x00007f13b8abc1a0
 Begin Bits: [0x00007f139f000000, 0x00007f13a0000000)
 End Bits:   [0x00007f13a0000000, 0x00007f13a1000000)

Polling page: 0x00007f13b9706000

CodeCache: size=245760Kb used=3565Kb max_used=3565Kb free=242194Kb
 bounds [0x00007f13a1000000, 0x00007f13a1380000, 0x00007f13b0000000]
 total_blobs=1271 nmethods=1003 adapters=182
 compilation: enabled

Compilation events (10 events):
Event: 5.754 Thread 0x00007f13b00bd000 nmethod 704 0x00007f13a137f050 code [0x00007f13a137f1a0, 0x00007f13a137f2b0]
Event: 5.754 Thread 0x00007f13b00bd000  622       1       com.android.dx.dex.file.DexFile::getMethodIds (5 bytes)
Event: 5.756 Thread 0x00007f13b00bd000 nmethod 622 0x00007f13a137f310 code [0x00007f13a137f460, 0x00007f13a137f570]
Event: 5.756 Thread 0x00007f13b00bd000  670       1       com.android.dx.cf.code.BaseMachine::getPrototype (5 bytes)
Event: 5.756 Thread 0x00007f13b00bd000 nmethod 670 0x00007f13a137f5d0 code [0x00007f13a137f720, 0x00007f13a137f830]
Event: 5.756 Thread 0x00007f13b00bd000  688       1       com.android.dx.cf.code.RopperMachine::getReturnOp (5 bytes)
Event: 5.756 Thread 0x00007f13b00bd000 nmethod 688 0x00007f13a137f890 code [0x00007f13a137f9e0, 0x00007f13a137faf0]
Event: 5.756 Thread 0x00007f13b00bd000  689       1       com.android.dx.cf.code.RopperMachine::getReturnPosition (5 bytes)
Event: 5.756 Thread 0x00007f13b00bd000 nmethod 689 0x00007f13a137fb50 code [0x00007f13a137fca0, 0x00007f13a137fdb0]
Event: 5.756 Thread 0x00007f13b00bd000  690       1       com.android.dx.rop.code.Rop::getSources (5 bytes)

GC Heap History (8 events):
Event: 2.428 GC heap before
{Heap before GC invocations=1 (full 0):
 PSYoungGen      total 17408K, used 15360K [0x00000000eab00000, 0x00000000ebe00000, 0x0000000100000000)
  eden space 15360K, 100% used [0x00000000eab00000,0x00000000eba00000,0x00000000eba00000)
  from space 2048K, 0% used [0x00000000ebc00000,0x00000000ebc00000,0x00000000ebe00000)
  to   space 2048K, 0% used [0x00000000eba00000,0x00000000eba00000,0x00000000ebc00000)
 ParOldGen       total 39936K, used 0K [0x00000000c0000000, 0x00000000c2700000, 0x00000000eab00000)
  object space 39936K, 0% used [0x00000000c0000000,0x00000000c0000000,0x00000000c2700000)
 Metaspace       used 5322K, capacity 6448K, committed 6528K, reserved 1056768K
  class space    used 562K, capacity 616K, committed 640K, reserved 1048576K
Event: 2.445 GC heap after
Heap after GC invocations=1 (full 0):
 PSYoungGen      total 17408K, used 2032K [0x00000000eab00000, 0x00000000ebe00000, 0x0000000100000000)
  eden space 15360K, 0% used [0x00000000eab00000,0x00000000eab00000,0x00000000eba00000)
  from space 2048K, 99% used [0x00000000eba00000,0x00000000ebbfc078,0x00000000ebc00000)
  to   space 2048K, 0% used [0x00000000ebc00000,0x00000000ebc00000,0x00000000ebe00000)
 ParOldGen       total 39936K, used 1174K [0x00000000c0000000, 0x00000000c2700000, 0x00000000eab00000)
  object space 39936K, 2% used [0x00000000c0000000,0x00000000c01258a8,0x00000000c2700000)
 Metaspace       used 5322K, capacity 6448K, committed 6528K, reserved 1056768K
  class space    used 562K, capacity 616K, committed 640K, reserved 1048576K
}
Event: 3.395 GC heap before
{Heap before GC invocations=2 (full 0):
 PSYoungGen      total 17408K, used 17392K [0x00000000eab00000, 0x00000000ebe00000, 0x0000000100000000)
  eden space 15360K, 100% used [0x00000000eab00000,0x00000000eba00000,0x00000000eba00000)
  from space 2048K, 99% used [0x00000000eba00000,0x00000000ebbfc078,0x00000000ebc00000)
  to   space 2048K, 0% used [0x00000000ebc00000,0x00000000ebc00000,0x00000000ebe00000)
 ParOldGen       total 39936K, used 1174K [0x00000000c0000000, 0x00000000c2700000, 0x00000000eab00000)
  object space 39936K, 2% used [0x00000000c0000000,0x00000000c01258a8,0x00000000c2700000)
 Metaspace       used 5660K, capacity 6704K, committed 6784K, reserved 1056768K
  class space    used 567K, capacity 616K, committed 640K, reserved 1048576K
Event: 3.420 GC heap after
Heap after GC invocations=2 (full 0):
 PSYoungGen      total 17408K, used 2032K [0x00000000eab00000, 0x00000000ecd00000, 0x0000000100000000)
  eden space 15360K, 0% used [0x00000000eab00000,0x00000000eab00000,0x00000000eba00000)
  from space 2048K, 99% used [0x00000000ebc00000,0x00000000ebdfc028,0x00000000ebe00000)
  to   space 2048K, 0% used [0x00000000eba00000,0x00000000eba00000,0x00000000ebc00000)
 ParOldGen       total 39936K, used 3368K [0x00000000c0000000, 0x00000000c2700000, 0x00000000eab00000)
  object space 39936K, 8% used [0x00000000c0000000,0x00000000c034a0b8,0x00000000c2700000)
 Metaspace       used 5660K, capacity 6704K, committed 6784K, reserved 1056768K
  class space    used 567K, capacity 616K, committed 640K, reserved 1048576K
}
Event: 4.325 GC heap before
{Heap before GC invocations=3 (full 0):
 PSYoungGen      total 17408K, used 17392K [0x00000000eab00000, 0x00000000ecd00000, 0x0000000100000000)
  eden space 15360K, 100% used [0x00000000eab00000,0x00000000eba00000,0x00000000eba00000)
  from space 2048K, 99% used [0x00000000ebc00000,0x00000000ebdfc028,0x00000000ebe00000)
  to   space 2048K, 0% used [0x00000000eba00000,0x00000000eba00000,0x00000000ebc00000)
 ParOldGen       total 39936K, used 3368K [0x00000000c0000000, 0x00000000c2700000, 0x00000000eab00000)
  object space 39936K, 8% used [0x00000000c0000000,0x00000000c034a0b8,0x00000000c2700000)
 Metaspace       used 5727K, capacity 6768K, committed 7040K, reserved 1056768K
  class space    used 571K, capacity 616K, committed 640K, reserved 1048576K
Event: 4.350 GC heap after
Heap after GC invocations=3 (full 0):
 PSYoungGen      total 17408K, used 2016K [0x00000000eab00000, 0x00000000ecd00000, 0x0000000100000000)
  eden space 15360K, 0% used [0x00000000eab00000,0x00000000eab00000,0x00000000eba00000)
  from space 2048K, 98% used [0x00000000eba00000,0x00000000ebbf8018,0x00000000ebc00000)
  to   space 2048K, 0% used [0x00000000ecb00000,0x00000000ecb00000,0x00000000ecd00000)
 ParOldGen       total 39936K, used 5513K [0x00000000c0000000, 0x00000000c2700000, 0x00000000eab00000)
  object space 39936K, 13% used [0x00000000c0000000,0x00000000c0562668,0x00000000c2700000)
 Metaspace       used 5727K, capacity 6768K, committed 7040K, reserved 1056768K
  class space    used 571K, capacity 616K, committed 640K, reserved 1048576K
}
Event: 5.075 GC heap before
{Heap before GC invocations=4 (full 0):
 PSYoungGen      total 17408K, used 17376K [0x00000000eab00000, 0x00000000ecd00000, 0x0000000100000000)
  eden space 15360K, 100% used [0x00000000eab00000,0x00000000eba00000,0x00000000eba00000)
  from space 2048K, 98% used [0x00000000eba00000,0x00000000ebbf8018,0x00000000ebc00000)
  to   space 2048K, 0% used [0x00000000ecb00000,0x00000000ecb00000,0x00000000ecd00000)
 ParOldGen       total 39936K, used 5513K [0x00000000c0000000, 0x00000000c2700000, 0x00000000eab00000)
  object space 39936K, 13% used [0x00000000c0000000,0x00000000c0562668,0x00000000c2700000)
 Metaspace       used 5773K, capacity 6832K, committed 7040K, reserved 1056768K
  class space    used 573K, capacity 616K, committed 640K, reserved 1048576K
Event: 5.115 GC heap after
Heap after GC invocations=4 (full 0):
 PSYoungGen      total 32768K, used 2016K [0x00000000eab00000, 0x00000000ecd00000, 0x0000000100000000)
  eden space 30720K, 0% used [0x00000000eab00000,0x00000000eab00000,0x00000000ec900000)
  from space 2048K, 98% used [0x00000000ecb00000,0x00000000eccf8018,0x00000000ecd00000)
  to   space 2048K, 0% used [0x00000000ec900000,0x00000000ec900000,0x00000000ecb00000)
 ParOldGen       total 39936K, used 7957K [0x00000000c0000000, 0x00000000c2700000, 0x00000000eab00000)
  object space 39936K, 19% used [0x00000000c0000000,0x00000000c07c54d8,0x00000000c2700000)
 Metaspace       used 5773K, capacity 6832K, committed 7040K, reserved 1056768K
  class space    used 573K, capacity 616K, committed 640K, reserved 1048576K
}

Deoptimization events (7 events):
Event: 1.528 Thread 0x00007f13b000a000 Uncommon trap: reason=unstable_if action=reinterpret pc=0x00007f13a113d808 method=java.lang.String.indexOf(II)I @ 49
Event: 1.657 Thread 0x00007f13b0148800 Uncommon trap: reason=unstable_if action=reinterpret pc=0x00007f13a1159858 method=java.lang.String.compareTo(Ljava/lang/String;)I @ 38
Event: 2.558 Thread 0x00007f13b0143000 Uncommon trap: reason=unstable_if action=reinterpret pc=0x00007f13a11e87cc method=java.util.HashMap.getNode(ILjava/lang/Object;)Ljava/util/HashMap$Node; @ 129
Event: 2.622 Thread 0x00007f13b0143000 Uncommon trap: reason=unstable_if action=reinterpret pc=0x00007f13a11f7eec method=java.util.BitSet.nextSetBit(I)I @ 87
Event: 2.965 Thread 0x00007f13b0145800 Uncommon trap: reason=unstable_if action=reinterpret pc=0x00007f13a1241b1c method=com.android.dx.rop.cst.Constant.compareTo(Lcom/android/dx/rop/cst/Constant;)I @ 12
Event: 3.804 Thread 0x00007f13b0145800 Uncommon trap: reason=null_check action=make_not_entrant pc=0x00007f13a12a9010 method=com.android.dx.ssa.SsaRenamer.getLocalForNewReg(I)Lcom/android/dx/rop/code/LocalItem; @ 19
Event: 5.695 Thread 0x00007f13b0147800 Uncommon trap: reason=unstable_if action=reinterpret pc=0x00007f13a12b249c method=com.android.dx.rop.code.RegisterSpecSet.<init>(I)V @ 2

Internal exceptions (3 events):
Event: 0.175 Thread 0x00007f13b000a000 Exception <a 'java/lang/NoSuchMethodError': Method sun.misc.Unsafe.defineClass(Ljava/lang/String;[BII)Ljava/lang/Class; name or signature does not match> (0x00000000eab07cc0) thrown at [/ssd/Android/AOSP-openjdk/external/jetbrains/jdk/hotspot/src/share/vm
Event: 0.175 Thread 0x00007f13b000a000 Exception <a 'java/lang/NoSuchMethodError': Method sun.misc.Unsafe.prefetchRead(Ljava/lang/Object;J)V name or signature does not match> (0x00000000eab07fa8) thrown at [/ssd/Android/AOSP-openjdk/external/jetbrains/jdk/hotspot/src/share/vm/prims/jni.cpp, li
Event: 3.804 Thread 0x00007f13b0145800 Implicit null exception at 0x00007f13a12a6234 to 0x00007f13a12a8fcd

Events (10 events):
Event: 4.567 Executing VM operation: EnableBiasedLocking done
Event: 4.734 loading class com/android/dx/cf/code/SwitchList
Event: 4.734 loading class com/android/dx/cf/code/SwitchList done
Event: 5.075 Executing VM operation: ParallelGCFailedAllocation
Event: 5.115 Executing VM operation: ParallelGCFailedAllocation done
Event: 5.578 loading class com/android/dx/rop/code/RegisterSpec$1
Event: 5.582 loading class com/android/dx/rop/code/RegisterSpec$1 done
Event: 5.686 Thread 0x00007f13b0147800 Uncommon trap: trap_request=0xffffff65 fr.pc=0x00007f13a12b249c
Event: 5.696 Thread 0x00007f13b0147800 DEOPT PACKING pc=0x00007f13a12b249c sp=0x00007f139d8322c0
Event: 5.696 Thread 0x00007f13b0147800 DEOPT UNPACKING pc=0x00007f13a1004f69 sp=0x00007f139d832210 mode 2


Dynamic libraries:
00400000-00401000 r-xp 00000000 08:05 1506559                            /home/victorhugo/Programs/android-studio/jre/bin/java
00600000-00601000 r--p 00000000 08:05 1506559                            /home/victorhugo/Programs/android-studio/jre/bin/java
00601000-00602000 rw-p 00001000 08:05 1506559                            /home/victorhugo/Programs/android-studio/jre/bin/java
00bc3000-00be4000 rw-p 00000000 00:00 0                                  [heap]
c0000000-c2700000 rw-p 00000000 00:00 0 
c2700000-eab00000 ---p 00000000 00:00 0 
eab00000-ecd00000 rw-p 00000000 00:00 0 
ecd00000-100000000 ---p 00000000 00:00 0 
100000000-1000a0000 rw-p 00000000 00:00 0 
1000a0000-140000000 ---p 00000000 00:00 0 
7f1350000000-7f135002f000 rw-p 00000000 00:00 0 
7f135002f000-7f1354000000 ---p 00000000 00:00 0 
7f1358000000-7f1358027000 rw-p 00000000 00:00 0 
7f1358027000-7f135c000000 ---p 00000000 00:00 0 
7f135c000000-7f135c021000 rw-p 00000000 00:00 0 
7f135c021000-7f1360000000 ---p 00000000 00:00 0 
7f1360000000-7f136002b000 rw-p 00000000 00:00 0 
7f136002b000-7f1364000000 ---p 00000000 00:00 0 
7f1364000000-7f1364021000 rw-p 00000000 00:00 0 
7f1364021000-7f1368000000 ---p 00000000 00:00 0 
7f1368000000-7f1368021000 rw-p 00000000 00:00 0 
7f1368021000-7f136c000000 ---p 00000000 00:00 0 
7f136c000000-7f136c021000 rw-p 00000000 00:00 0 
7f136c021000-7f1370000000 ---p 00000000 00:00 0 
7f1370000000-7f13702a6000 rw-p 00000000 00:00 0 
7f13702a6000-7f1374000000 ---p 00000000 00:00 0 
7f1374000000-7f13748a8000 rw-p 00000000 00:00 0 
7f13748a8000-7f1378000000 ---p 00000000 00:00 0 
7f1378000000-7f1378021000 rw-p 00000000 00:00 0 
7f1378021000-7f137c000000 ---p 00000000 00:00 0 
7f137c000000-7f137c7ac000 rw-p 00000000 00:00 0 
7f137c7ac000-7f1380000000 ---p 00000000 00:00 0 
7f1380000000-7f1380021000 rw-p 00000000 00:00 0 
7f1380021000-7f1384000000 ---p 00000000 00:00 0 
7f1384000000-7f1384021000 rw-p 00000000 00:00 0 
7f1384021000-7f1388000000 ---p 00000000 00:00 0 
7f1388000000-7f1388021000 rw-p 00000000 00:00 0 
7f1388021000-7f138c000000 ---p 00000000 00:00 0 
7f138c000000-7f138c021000 rw-p 00000000 00:00 0 
7f138c021000-7f1390000000 ---p 00000000 00:00 0 
7f1390000000-7f1390021000 rw-p 00000000 00:00 0 
7f1390021000-7f1394000000 ---p 00000000 00:00 0 
7f1394000000-7f1394021000 rw-p 00000000 00:00 0 
7f1394021000-7f1398000000 ---p 00000000 00:00 0 
7f1398000000-7f1398021000 rw-p 00000000 00:00 0 
7f1398021000-7f139c000000 ---p 00000000 00:00 0 
7f139d632000-7f139d635000 ---p 00000000 00:00 0 
7f139d635000-7f139d733000 rw-p 00000000 00:00 0                          [stack:25600]
7f139d733000-7f139d736000 ---p 00000000 00:00 0 
7f139d736000-7f139d834000 rw-p 00000000 00:00 0                          [stack:25599]
7f139d834000-7f139d837000 ---p 00000000 00:00 0 
7f139d837000-7f139d935000 rw-p 00000000 00:00 0                          [stack:25598]
7f139d935000-7f139d938000 ---p 00000000 00:00 0 
7f139d938000-7f139da36000 rw-p 00000000 00:00 0                          [stack:25597]
7f139da36000-7f139da39000 ---p 00000000 00:00 0 
7f139da39000-7f139db37000 rw-p 00000000 00:00 0                          [stack:25596]
7f139db37000-7f139db38000 ---p 00000000 00:00 0 
7f139db38000-7f139dc38000 rw-p 00000000 00:00 0                          [stack:25575]
7f139dc38000-7f139dc3b000 ---p 00000000 00:00 0 
7f139dc3b000-7f139dd39000 rw-p 00000000 00:00 0                          [stack:25574]
7f139dd39000-7f139dd3c000 ---p 00000000 00:00 0 
7f139dd3c000-7f139de3a000 rw-p 00000000 00:00 0                          [stack:25573]
7f139de3a000-7f139de3d000 ---p 00000000 00:00 0 
7f139de3d000-7f139df3b000 rw-p 00000000 00:00 0                          [stack:25572]
7f139df3b000-7f139df3e000 ---p 00000000 00:00 0 
7f139df3e000-7f139e03c000 rw-p 00000000 00:00 0                          [stack:25571]
7f139e03c000-7f139e03f000 ---p 00000000 00:00 0 
7f139e03f000-7f139e13d000 rw-p 00000000 00:00 0                          [stack:25570]
7f139e13d000-7f139edfe000 r--p 00000000 08:05 272679                     /usr/lib/locale/locale-archive
7f139edfe000-7f139ee01000 ---p 00000000 00:00 0 
7f139ee01000-7f139eeff000 rw-p 00000000 00:00 0                          [stack:25569]
7f139eeff000-7f139ef02000 ---p 00000000 00:00 0 
7f139ef02000-7f13a1000000 rw-p 00000000 00:00 0                          [stack:25568]
7f13a1000000-7f13a1380000 rwxp 00000000 00:00 0 
7f13a1390000-7f13b0000000 ---p 00000000 00:00 0 
7f13b0000000-7f13b0386000 rw-p 00000000 00:00 0 
7f13b0386000-7f13b4000000 ---p 00000000 00:00 0 
7f13b4027000-7f13b4031000 r--s 00045000 08:05 1459841                    /home/victorhugo/Toci/app/build/intermediates/exploded-aar/com.android.support/support-v4/23.2.0/jars/libs/internal_impl-23.2.0.jar
7f13b4031000-7f13b4040000 r--s 000df000 08:05 1832506                    /home/victorhugo/Programs/AndroidSDK/build-tools/23.0.2/lib/dx.jar
7f13b4040000-7f13b4041000 ---p 00000000 00:00 0 
7f13b4041000-7f13b50f5000 rw-p 00000000 00:00 0                          [stack:25567]
7f13b50f5000-7f13b52c2000 r--s 03bec000 08:05 1523188                    /home/victorhugo/Programs/android-studio/jre/jre/lib/rt.jar
7f13b52c2000-7f13b5978000 rw-p 00000000 00:00 0 
7f13b5978000-7f13b5b38000 ---p 00000000 00:00 0 
7f13b5b38000-7f13b5d38000 rw-p 00000000 00:00 0 
7f13b5d38000-7f13b5d39000 ---p 00000000 00:00 0 
7f13b5d39000-7f13b5e39000 rw-p 00000000 00:00 0                          [stack:25566]
7f13b5e39000-7f13b5e3a000 ---p 00000000 00:00 0 
7f13b5e3a000-7f13b5f3a000 rw-p 00000000 00:00 0                          [stack:25565]
7f13b5f3a000-7f13b5f3b000 ---p 00000000 00:00 0 
7f13b5f3b000-7f13b603b000 rw-p 00000000 00:00 0                          [stack:25564]
7f13b603b000-7f13b603c000 ---p 00000000 00:00 0 
7f13b603c000-7f13b6150000 rw-p 00000000 00:00 0                          [stack:25563]
7f13b6150000-7f13b6292000 ---p 00000000 00:00 0 
7f13b6292000-7f13b62a6000 rw-p 00000000 00:00 0 
7f13b62a6000-7f13b63e7000 ---p 00000000 00:00 0 
7f13b63e7000-7f13b63f9000 rw-p 00000000 00:00 0 
7f13b63f9000-7f13b6492000 ---p 00000000 00:00 0 
7f13b6492000-7f13b64a1000 rw-p 00000000 00:00 0 
7f13b64a1000-7f13b6853000 ---p 00000000 00:00 0 
7f13b6853000-7f13b686d000 r-xp 00000000 08:05 1523215                    /home/victorhugo/Programs/android-studio/jre/jre/lib/amd64/libzip.so
7f13b686d000-7f13b6a6d000 ---p 0001a000 08:05 1523215                    /home/victorhugo/Programs/android-studio/jre/jre/lib/amd64/libzip.so
7f13b6a6d000-7f13b6a6e000 r--p 0001a000 08:05 1523215                    /home/victorhugo/Programs/android-studio/jre/jre/lib/amd64/libzip.so
7f13b6a6e000-7f13b6a6f000 rw-p 0001b000 08:05 1523215                    /home/victorhugo/Programs/android-studio/jre/jre/lib/amd64/libzip.so
7f13b6a6f000-7f13b6a79000 r-xp 00000000 08:05 1846494                    /lib/x86_64-linux-gnu/libnss_files-2.19.so
7f13b6a79000-7f13b6c78000 ---p 0000a000 08:05 1846494                    /lib/x86_64-linux-gnu/libnss_files-2.19.so
7f13b6c78000-7f13b6c79000 r--p 00009000 08:05 1846494                    /lib/x86_64-linux-gnu/libnss_files-2.19.so
7f13b6c79000-7f13b6c7a000 rw-p 0000a000 08:05 1846494                    /lib/x86_64-linux-gnu/libnss_files-2.19.so
7f13b6c7a000-7f13b6c85000 r-xp 00000000 08:05 1846486                    /lib/x86_64-linux-gnu/libnss_nis-2.19.so
7f13b6c85000-7f13b6e84000 ---p 0000b000 08:05 1846486                    /lib/x86_64-linux-gnu/libnss_nis-2.19.so
7f13b6e84000-7f13b6e85000 r--p 0000a000 08:05 1846486                    /lib/x86_64-linux-gnu/libnss_nis-2.19.so
7f13b6e85000-7f13b6e86000 rw-p 0000b000 08:05 1846486                    /lib/x86_64-linux-gnu/libnss_nis-2.19.so
7f13b6e86000-7f13b6e9d000 r-xp 00000000 08:05 1846482                    /lib/x86_64-linux-gnu/libnsl-2.19.so
7f13b6e9d000-7f13b709c000 ---p 00017000 08:05 1846482                    /lib/x86_64-linux-gnu/libnsl-2.19.so
7f13b709c000-7f13b709d000 r--p 00016000 08:05 1846482                    /lib/x86_64-linux-gnu/libnsl-2.19.so
7f13b709d000-7f13b709e000 rw-p 00017000 08:05 1846482                    /lib/x86_64-linux-gnu/libnsl-2.19.so
7f13b709e000-7f13b70a0000 rw-p 00000000 00:00 0 
7f13b70a0000-7f13b70a9000 r-xp 00000000 08:05 1846481                    /lib/x86_64-linux-gnu/libnss_compat-2.19.so
7f13b70a9000-7f13b72a8000 ---p 00009000 08:05 1846481                    /lib/x86_64-linux-gnu/libnss_compat-2.19.so
7f13b72a8000-7f13b72a9000 r--p 00008000 08:05 1846481                    /lib/x86_64-linux-gnu/libnss_compat-2.19.so
7f13b72a9000-7f13b72aa000 rw-p 00009000 08:05 1846481                    /lib/x86_64-linux-gnu/libnss_compat-2.19.so
7f13b72aa000-7f13b72d7000 r-xp 00000000 08:05 1523228                    /home/victorhugo/Programs/android-studio/jre/jre/lib/amd64/libjava.so
7f13b72d7000-7f13b74d6000 ---p 0002d000 08:05 1523228                    /home/victorhugo/Programs/android-studio/jre/jre/lib/amd64/libjava.so
7f13b74d6000-7f13b74d7000 r--p 0002c000 08:05 1523228                    /home/victorhugo/Programs/android-studio/jre/jre/lib/amd64/libjava.so
7f13b74d7000-7f13b74d9000 rw-p 0002d000 08:05 1523228                    /home/victorhugo/Programs/android-studio/jre/jre/lib/amd64/libjava.so
7f13b74d9000-7f13b74e9000 r-xp 00000000 08:05 1523244                    /home/victorhugo/Programs/android-studio/jre/jre/lib/amd64/libverify.so
7f13b74e9000-7f13b76e8000 ---p 00010000 08:05 1523244                    /home/victorhugo/Programs/android-studio/jre/jre/lib/amd64/libverify.so
7f13b76e8000-7f13b76ea000 r--p 0000f000 08:05 1523244                    /home/victorhugo/Programs/android-studio/jre/jre/lib/amd64/libverify.so
7f13b76ea000-7f13b76eb000 rw-p 00011000 08:05 1523244                    /home/victorhugo/Programs/android-studio/jre/jre/lib/amd64/libverify.so
7f13b76eb000-7f13b76f2000 r-xp 00000000 08:05 1846490                    /lib/x86_64-linux-gnu/librt-2.19.so
7f13b76f2000-7f13b78f1000 ---p 00007000 08:05 1846490                    /lib/x86_64-linux-gnu/librt-2.19.so
7f13b78f1000-7f13b78f2000 r--p 00006000 08:05 1846490                    /lib/x86_64-linux-gnu/librt-2.19.so
7f13b78f2000-7f13b78f3000 rw-p 00007000 08:05 1846490                    /lib/x86_64-linux-gnu/librt-2.19.so
7f13b78f3000-7f13b79f8000 r-xp 00000000 08:05 1846457                    /lib/x86_64-linux-gnu/libm-2.19.so
7f13b79f8000-7f13b7bf7000 ---p 00105000 08:05 1846457                    /lib/x86_64-linux-gnu/libm-2.19.so
7f13b7bf7000-7f13b7bf8000 r--p 00104000 08:05 1846457                    /lib/x86_64-linux-gnu/libm-2.19.so
7f13b7bf8000-7f13b7bf9000 rw-p 00105000 08:05 1846457                    /lib/x86_64-linux-gnu/libm-2.19.so
7f13b7bf9000-7f13b87df000 r-xp 00000000 08:05 1523247                    /home/victorhugo/Programs/android-studio/jre/jre/lib/amd64/server/libjvm.so
7f13b87df000-7f13b89df000 ---p 00be6000 08:05 1523247                    /home/victorhugo/Programs/android-studio/jre/jre/lib/amd64/server/libjvm.so
7f13b89df000-7f13b8a7e000 r--p 00be6000 08:05 1523247                    /home/victorhugo/Programs/android-studio/jre/jre/lib/amd64/server/libjvm.so
7f13b8a7e000-7f13b8aa7000 rw-p 00c85000 08:05 1523247                    /home/victorhugo/Programs/android-studio/jre/jre/lib/amd64/server/libjvm.so
7f13b8aa7000-7f13b8ae9000 rw-p 00000000 00:00 0 
7f13b8ae9000-7f13b8b02000 r-xp 00000000 08:05 1846483                    /lib/x86_64-linux-gnu/libpthread-2.19.so
7f13b8b02000-7f13b8d01000 ---p 00019000 08:05 1846483                    /lib/x86_64-linux-gnu/libpthread-2.19.so
7f13b8d01000-7f13b8d02000 r--p 00018000 08:05 1846483                    /lib/x86_64-linux-gnu/libpthread-2.19.so
7f13b8d02000-7f13b8d03000 rw-p 00019000 08:05 1846483                    /lib/x86_64-linux-gnu/libpthread-2.19.so
7f13b8d03000-7f13b8d07000 rw-p 00000000 00:00 0 
7f13b8d07000-7f13b8d0a000 r-xp 00000000 08:05 1846478                    /lib/x86_64-linux-gnu/libdl-2.19.so
7f13b8d0a000-7f13b8f09000 ---p 00003000 08:05 1846478                    /lib/x86_64-linux-gnu/libdl-2.19.so
7f13b8f09000-7f13b8f0a000 r--p 00002000 08:05 1846478                    /lib/x86_64-linux-gnu/libdl-2.19.so
7f13b8f0a000-7f13b8f0b000 rw-p 00003000 08:05 1846478                    /lib/x86_64-linux-gnu/libdl-2.19.so
7f13b8f0b000-7f13b90c5000 r-xp 00000000 08:05 1846491                    /lib/x86_64-linux-gnu/libc-2.19.so
7f13b90c5000-7f13b92c5000 ---p 001ba000 08:05 1846491                    /lib/x86_64-linux-gnu/libc-2.19.so
7f13b92c5000-7f13b92c9000 r--p 001ba000 08:05 1846491                    /lib/x86_64-linux-gnu/libc-2.19.so
7f13b92c9000-7f13b92cb000 rw-p 001be000 08:05 1846491                    /lib/x86_64-linux-gnu/libc-2.19.so
7f13b92cb000-7f13b92d0000 rw-p 00000000 00:00 0 
7f13b92d0000-7f13b92e6000 r-xp 00000000 08:05 1477665                    /home/victorhugo/Programs/android-studio/jre/lib/amd64/jli/libjli.so
7f13b92e6000-7f13b94e5000 ---p 00016000 08:05 1477665                    /home/victorhugo/Programs/android-studio/jre/lib/amd64/jli/libjli.so
7f13b94e5000-7f13b94e6000 r--p 00015000 08:05 1477665                    /home/victorhugo/Programs/android-studio/jre/lib/amd64/jli/libjli.so
7f13b94e6000-7f13b94e7000 rw-p 00016000 08:05 1477665                    /home/victorhugo/Programs/android-studio/jre/lib/amd64/jli/libjli.so
7f13b94e7000-7f13b950a000 r-xp 00000000 08:05 1846484                    /lib/x86_64-linux-gnu/ld-2.19.so
7f13b950e000-7f13b95de000 rw-p 00000000 00:00 0 
7f13b95de000-7f13b95e1000 ---p 00000000 00:00 0 
7f13b95e1000-7f13b96e3000 rw-p 00000000 00:00 0                          [stack:25561]
7f13b96e8000-7f13b96fd000 rw-p 00000000 00:00 0 
7f13b96fd000-7f13b9705000 rw-s 00000000 08:05 2360953                    /tmp/hsperfdata_victorhugo/25558
7f13b9705000-7f13b9706000 rw-p 00000000 00:00 0 
7f13b9706000-7f13b9707000 ---p 00000000 00:00 0 
7f13b9707000-7f13b9709000 rw-p 00000000 00:00 0 
7f13b9709000-7f13b970a000 r--p 00022000 08:05 1846484                    /lib/x86_64-linux-gnu/ld-2.19.so
7f13b970a000-7f13b970b000 rw-p 00023000 08:05 1846484                    /lib/x86_64-linux-gnu/ld-2.19.so
7f13b970b000-7f13b970c000 rw-p 00000000 00:00 0 
7fff6d45b000-7fff6d47c000 rw-p 00000000 00:00 0                          [stack]
7fff6d51e000-7fff6d520000 r-xp 00000000 00:00 0                          [vdso]
ffffffffff600000-ffffffffff601000 r-xp 00000000 00:00 0                  [vsyscall]

VM Arguments:
jvm_args: -Djava.awt.headless=true -Xmx1024M -Dfile.encoding=UTF-8 -Duser.country=US -Duser.language=en -Duser.variant 
java_command: com.android.dx.command.Main --dex --force-jumbo --num-threads=4 --multi-dex --output /home/victorhugo/Toci/app/build/intermediates/transforms/dex/debug/folders/1000/10/internal_impl-23.2.0_7d4d8a1699004608ccc2e05eac13681fb53e38c0 /home/victorhugo/Toci/app/build/intermediates/exploded-aar/com.android.support/support-v4/23.2.0/jars/libs/internal_impl-23.2.0.jar
java_class_path (initial): /home/victorhugo/Programs/AndroidSDK/build-tools/23.0.2/lib/dx.jar
Launcher Type: SUN_STANDARD

Environment Variables:
JAVA_HOME=/usr/lib/jvm/java-8-oracle/jre/bin/java
PATH=/home/victorhugo/.rvm/gems/ruby-2.2.1/bin:/home/victorhugo/.rvm/gems/ruby-2.2.1@global/bin:/home/victorhugo/.rvm/rubies/ruby-2.2.1/bin:/usr/local/sbin:/usr/local/bin:/usr/sbin:/usr/bin:/sbin:/bin:/usr/games:/usr/local/games:/home/victorhugo/.rvm/bin
LD_LIBRARY_PATH=/home/victorhugo/Programs/android-studio/bin:
SHELL=/bin/bash
DISPLAY=:0

Signal Handlers:
SIGSEGV: [libjvm.so+0x9daac0], sa_mask[0]=11111111011111111101111111111110, sa_flags=SA_RESTART|SA_SIGINFO
SIGBUS: [libjvm.so+0x9daac0], sa_mask[0]=11111111011111111101111111111110, sa_flags=SA_RESTART|SA_SIGINFO
SIGFPE: [libjvm.so+0x840d90], sa_mask[0]=11111111011111111101111111111110, sa_flags=SA_RESTART|SA_SIGINFO
SIGPIPE: [libjvm.so+0x840d90], sa_mask[0]=11111111011111111101111111111110, sa_flags=SA_RESTART|SA_SIGINFO
SIGXFSZ: [libjvm.so+0x840d90], sa_mask[0]=11111111011111111101111111111110, sa_flags=SA_RESTART|SA_SIGINFO
SIGILL: [libjvm.so+0x840d90], sa_mask[0]=11111111011111111101111111111110, sa_flags=SA_RESTART|SA_SIGINFO
SIGUSR1: SIG_DFL, sa_mask[0]=00000000000000000000000000000000, sa_flags=none
SIGUSR2: [libjvm.so+0x840c60], sa_mask[0]=00100000000000000000000000000000, sa_flags=SA_RESTART|SA_SIGINFO
SIGHUP: [libjvm.so+0x840e50], sa_mask[0]=11111111011111111101111111111110, sa_flags=SA_RESTART|SA_SIGINFO
SIGINT: [libjvm.so+0x840e50], sa_mask[0]=11111111011111111101111111111110, sa_flags=SA_RESTART|SA_SIGINFO
SIGTERM: [libjvm.so+0x840e50], sa_mask[0]=11111111011111111101111111111110, sa_flags=SA_RESTART|SA_SIGINFO
SIGQUIT: [libjvm.so+0x840e50], sa_mask[0]=11111111011111111101111111111110, sa_flags=SA_RESTART|SA_SIGINFO


---------------  S Y S T E M  ---------------

OS:DISTRIB_ID=Ubuntu
DISTRIB_RELEASE=14.04
DISTRIB_CODENAME=trusty
DISTRIB_DESCRIPTION="Ubuntu 14.04.5 LTS"

uname:Linux 3.13.0-95-generic #142-Ubuntu SMP Fri Aug 12 17:00:09 UTC 2016 x86_64
libc:glibc 2.19 NPTL 2.19 
rlimit: STACK 8192k, CORE 0k, NPROC 29521, NOFILE 4096, AS infinity
load average:16.98 13.51 9.31

/proc/meminfo:
MemTotal:        3800312 kB
MemFree:          816904 kB
Buffers:             576 kB
Cached:           263360 kB
SwapCached:            0 kB
Active:          2576496 kB
Inactive:         259024 kB
Active(anon):    2575100 kB
Inactive(anon):   237240 kB
Active(file):       1396 kB
Inactive(file):    21784 kB
Unevictable:         152 kB
Mlocked:             152 kB
SwapTotal:             0 kB
SwapFree:              0 kB
Dirty:                 4 kB
Writeback:             0 kB
AnonPages:       2572328 kB
Mapped:            55432 kB
Shmem:            240164 kB
Slab:              60792 kB
SReclaimable:      27672 kB
SUnreclaim:        33120 kB
KernelStack:        5120 kB
PageTables:        34120 kB
NFS_Unstable:          0 kB
Bounce:                0 kB
WritebackTmp:          0 kB
CommitLimit:     1900156 kB
Committed_AS:    5881804 kB
VmallocTotal:   34359738367 kB
VmallocUsed:      347936 kB
VmallocChunk:   34359348960 kB
HardwareCorrupted:     0 kB
AnonHugePages:   1280000 kB
HugePages_Total:       0
HugePages_Free:        0
HugePages_Rsvd:        0
HugePages_Surp:        0
Hugepagesize:       2048 kB
DirectMap4k:       64568 kB
DirectMap2M:     4014080 kB


CPU:total 4 (2 cores per cpu, 2 threads per core) family 6 model 42 stepping 7, cmov, cx8, fxsr, mmx, sse, sse2, sse3, ssse3, sse4.1, sse4.2, popcnt, avx, aes, clmul, ht, tsc, tscinvbit

/proc/cpuinfo:
processor	: 0
vendor_id	: GenuineIntel
cpu family	: 6
model		: 42
model name	: Intel(R) Core(TM) i5-2467M CPU @ 1.60GHz
stepping	: 7
microcode	: 0x25
cpu MHz		: 1991.000
cache size	: 3072 KB
physical id	: 0
siblings	: 4
core id		: 0
cpu cores	: 2
apicid		: 0
initial apicid	: 0
fpu		: yes
fpu_exception	: yes
cpuid level	: 13
wp		: yes
flags		: fpu vme de pse tsc msr pae mce cx8 apic sep mtrr pge mca cmov pat pse36 clflush dts acpi mmx fxsr sse sse2 ss ht tm pbe syscall nx rdtscp lm constant_tsc arch_perfmon pebs bts nopl xtopology nonstop_tsc aperfmperf eagerfpu pni pclmulqdq dtes64 monitor ds_cpl vmx est tm2 ssse3 cx16 xtpr pdcm pcid sse4_1 sse4_2 x2apic popcnt tsc_deadline_timer aes xsave avx lahf_lm ida arat epb xsaveopt pln pts dtherm tpr_shadow vnmi flexpriority ept vpid
bogomips	: 3192.89
clflush size	: 64
cache_alignment	: 64
address sizes	: 36 bits physical, 48 bits virtual
power management:

processor	: 1
vendor_id	: GenuineIntel
cpu family	: 6
model		: 42
model name	: Intel(R) Core(TM) i5-2467M CPU @ 1.60GHz
stepping	: 7
microcode	: 0x25
cpu MHz		: 2016.000
cache size	: 3072 KB
physical id	: 0
siblings	: 4
core id		: 0
cpu cores	: 2
apicid		: 1
initial apicid	: 1
fpu		: yes
fpu_exception	: yes
cpuid level	: 13
wp		: yes
flags		: fpu vme de pse tsc msr pae mce cx8 apic sep mtrr pge mca cmov pat pse36 clflush dts acpi mmx fxsr sse sse2 ss ht tm pbe syscall nx rdtscp lm constant_tsc arch_perfmon pebs bts nopl xtopology nonstop_tsc aperfmperf eagerfpu pni pclmulqdq dtes64 monitor ds_cpl vmx est tm2 ssse3 cx16 xtpr pdcm pcid sse4_1 sse4_2 x2apic popcnt tsc_deadline_timer aes xsave avx lahf_lm ida arat epb xsaveopt pln pts dtherm tpr_shadow vnmi flexpriority ept vpid
bogomips	: 3192.89
clflush size	: 64
cache_alignment	: 64
address sizes	: 36 bits physical, 48 bits virtual
power management:

processor	: 2
vendor_id	: GenuineIntel
cpu family	: 6
model		: 42
model name	: Intel(R) Core(TM) i5-2467M CPU @ 1.60GHz
stepping	: 7
microcode	: 0x25
cpu MHz		: 2016.000
cache size	: 3072 KB
physical id	: 0
siblings	: 4
core id		: 1
cpu cores	: 2
apicid		: 2
initial apicid	: 2
fpu		: yes
fpu_exception	: yes
cpuid level	: 13
wp		: yes
flags		: fpu vme de pse tsc msr pae mce cx8 apic sep mtrr pge mca cmov pat pse36 clflush dts acpi mmx fxsr sse sse2 ss ht tm pbe syscall nx rdtscp lm constant_tsc arch_perfmon pebs bts nopl xtopology nonstop_tsc aperfmperf eagerfpu pni pclmulqdq dtes64 monitor ds_cpl vmx est tm2 ssse3 cx16 xtpr pdcm pcid sse4_1 sse4_2 x2apic popcnt tsc_deadline_timer aes xsave avx lahf_lm ida arat epb xsaveopt pln pts dtherm tpr_shadow vnmi flexpriority ept vpid
bogomips	: 3192.89
clflush size	: 64
cache_alignment	: 64
address sizes	: 36 bits physical, 48 bits virtual
power management:

processor	: 3
vendor_id	: GenuineIntel
cpu family	: 6
model		: 42
model name	: Intel(R) Core(TM) i5-2467M CPU @ 1.60GHz
stepping	: 7
microcode	: 0x25
cpu MHz		: 1991.000
cache size	: 3072 KB
physical id	: 0
siblings	: 4
core id		: 1
cpu cores	: 2
apicid		: 3
initial apicid	: 3
fpu		: yes
fpu_exception	: yes
cpuid level	: 13
wp		: yes
flags		: fpu vme de pse tsc msr pae mce cx8 apic sep mtrr pge mca cmov pat pse36 clflush dts acpi mmx fxsr sse sse2 ss ht tm pbe syscall nx rdtscp lm constant_tsc arch_perfmon pebs bts nopl xtopology nonstop_tsc aperfmperf eagerfpu pni pclmulqdq dtes64 monitor ds_cpl vmx est tm2 ssse3 cx16 xtpr pdcm pcid sse4_1 sse4_2 x2apic popcnt tsc_deadline_timer aes xsave avx lahf_lm ida arat epb xsaveopt pln pts dtherm tpr_shadow vnmi flexpriority ept vpid
bogomips	: 3192.89
clflush size	: 64
cache_alignment	: 64
address sizes	: 36 bits physical, 48 bits virtual
power management:



Memory: 4k page, physical 3800312k(814812k free), swap 0k(0k free)

vm_info: OpenJDK 64-Bit Server VM (25.76-b03) for linux-amd64 JRE (1.8.0_76-release-b03), built on Jun 29 2016 09:39:19 by "builder" with gcc 4.8.4

time: Sat Sep 24 14:51:40 2016
elapsed time: 6 seconds (0d 0h 0m 6s)

