#
# There is insufficient memory for the Java Runtime Environment to continue.
# Native memory allocation (mmap) failed to map 131072 bytes for committing reserved memory.
# Possible reasons:
#   The system is out of physical RAM or swap space
#   In 32 bit mode, the process size limit was hit
# Possible solutions:
#   Reduce memory load on the system
#   Increase physical memory or swap space
#   Check if swap backing store is full
#   Use 64 bit Java on a 64 bit OS
#   Decrease Java heap size (-Xmx/-Xms)
#   Decrease number of Java threads
#   Decrease Java thread stack sizes (-Xss)
#   Set larger code cache with -XX:ReservedCodeCacheSize=
# This output file may be truncated or incomplete.
#
#  Out of Memory Error (os_linux.cpp:2627), pid=19249, tid=0x00007f79d4cb8700
#
# JRE version: OpenJDK Runtime Environment (8.0_76-b03) (build 1.8.0_76-release-b03)
# Java VM: OpenJDK 64-Bit Server VM (25.76-b03 mixed mode linux-amd64 compressed oops)
# Failed to write core dump. Core dumps have been disabled. To enable core dumping, try "ulimit -c unlimited" before starting Java again
#

---------------  T H R E A D  ---------------

Current thread (0x00007f79e8159000):  JavaThread "pool-1-thread-1" [_thread_in_vm, id=19319, stack(0x00007f79d4bb8000,0x00007f79d4cb9000)]

Stack: [0x00007f79d4bb8000,0x00007f79d4cb9000],  sp=0x00007f79d4cb3a00,  free space=1006k
Native frames: (J=compiled Java code, j=interpreted, Vv=VM code, C=native code)
V  [libjvm.so+0x9d9fcd]  VMError::report_and_die()+0x15d
V  [libjvm.so+0x4b4d4a]  report_vm_out_of_memory(char const*, int, unsigned long, VMErrorType, char const*)+0x8a
V  [libjvm.so+0x845190]  os::pd_commit_memory(char*, unsigned long, unsigned long, bool)+0xf0
V  [libjvm.so+0x83fcbf]  os::commit_memory(char*, unsigned long, unsigned long, bool)+0x1f
V  [libjvm.so+0x9d6e84]  VirtualSpace::expand_by(unsigned long, bool)+0x1b4
V  [libjvm.so+0x7d6303]  VirtualSpaceList::expand_by(unsigned long, unsigned long)+0x123
V  [libjvm.so+0x7d6581]  VirtualSpaceList::get_new_chunk(unsigned long, unsigned long, unsigned long)+0xa1
V  [libjvm.so+0x7d7190]  SpaceManager::grow_and_allocate(unsigned long)+0x150
V  [libjvm.so+0x7d727b]  SpaceManager::allocate_work(unsigned long)+0xab
V  [libjvm.so+0x7d769e]  SpaceManager::allocate(unsigned long)+0x6e
V  [libjvm.so+0x7d7b67]  Metaspace::allocate(ClassLoaderData*, unsigned long, bool, MetaspaceObj::Type, Thread*)+0xb7
V  [libjvm.so+0x5e6434]  InstanceKlass::allocate_instance_klass(ClassLoaderData*, int, int, int, int, ReferenceType, AccessFlags, Symbol*, Klass*, bool, Thread*)+0xe4
V  [libjvm.so+0x428354]  ClassFileParser::parseClassFile(Symbol*, ClassLoaderData*, Handle, KlassHandle, GrowableArray<Handle>*, TempNewSymbol&, bool, Thread*)+0x1374
V  [libjvm.so+0x42ed32]  ClassLoader::load_classfile(Symbol*, Thread*)+0x412
V  [libjvm.so+0x954a32]  SystemDictionary::load_instance_class(Symbol*, Handle, Thread*)+0x322
V  [libjvm.so+0x955366]  SystemDictionary::resolve_instance_class_or_null(Symbol*, Handle, Handle, Thread*)+0x896
V  [libjvm.so+0x9557c8]  SystemDictionary::resolve_or_fail(Symbol*, Handle, Handle, bool, Thread*)+0x28
V  [libjvm.so+0x4abfa6]  ConstantPool::klass_at_impl(constantPoolHandle, int, Thread*)+0x1e6
V  [libjvm.so+0x61bd39]  InterpreterRuntime::_new(JavaThread*, ConstantPool*, int)+0x89
j  java.net.URL.toURI()Ljava/net/URI;+0
j  sun.security.provider.SunEntries.getDeviceFile(Ljava/net/URL;)Ljava/io/File;+1
j  sun.security.provider.NativePRNG$1.run()Lsun/security/provider/NativePRNG$RandomIO;+48
j  sun.security.provider.NativePRNG$1.run()Ljava/lang/Object;+1
v  ~StubRoutines::call_stub
V  [libjvm.so+0x6257fa]  JavaCalls::call_helper(JavaValue*, methodHandle*, JavaCallArguments*, Thread*)+0xeea
V  [libjvm.so+0x6720eb]  JVM_DoPrivileged+0x54b
j  java.security.AccessController.doPrivileged(Ljava/security/PrivilegedAction;)Ljava/lang/Object;+0
j  sun.security.provider.NativePRNG.initIO(Lsun/security/provider/NativePRNG$Variant;)Lsun/security/provider/NativePRNG$RandomIO;+8
j  sun.security.provider.NativePRNG.<clinit>()V+11
v  ~StubRoutines::call_stub
V  [libjvm.so+0x6257fa]  JavaCalls::call_helper(JavaValue*, methodHandle*, JavaCallArguments*, Thread*)+0xeea
V  [libjvm.so+0x5e9219]  InstanceKlass::call_class_initializer_impl(instanceKlassHandle, Thread*)+0x129
V  [libjvm.so+0x5e9671]  InstanceKlass::initialize_impl(instanceKlassHandle, Thread*)+0x1d1
V  [libjvm.so+0x5e9aaa]  InstanceKlass::initialize(Thread*)+0x3a
V  [libjvm.so+0x736c4e]  LinkResolver::resolve_static_call(CallInfo&, KlassHandle&, Symbol*, Symbol*, KlassHandle, bool, bool, Thread*)+0xee
V  [libjvm.so+0x737017]  LinkResolver::resolve_invokestatic(CallInfo&, constantPoolHandle, int, Thread*)+0x237
V  [libjvm.so+0x739a20]  LinkResolver::resolve_invoke(CallInfo&, Handle, constantPoolHandle, int, Bytecodes::Code, Thread*)+0x160
V  [libjvm.so+0x61ce5c]  InterpreterRuntime::resolve_invoke(JavaThread*, Bytecodes::Code)+0x16c
j  sun.security.provider.SunEntries.putEntries(Ljava/util/Map;)V+0
j  sun.security.provider.Sun.<init>()V+18
v  ~StubRoutines::call_stub
V  [libjvm.so+0x6257fa]  JavaCalls::call_helper(JavaValue*, methodHandle*, JavaCallArguments*, Thread*)+0xeea
V  [libjvm.so+0x8bf7e2]  Reflection::invoke(instanceKlassHandle, methodHandle, Handle, bool, objArrayHandle, BasicType, objArrayHandle, bool, Thread*)+0x752
V  [libjvm.so+0x8c07ac]  Reflection::invoke_constructor(oopDesc*, objArrayHandle, Thread*)+0x2ec
V  [libjvm.so+0x66f2a0]  JVM_NewInstanceFromConstructor+0xb0
j  sun.reflect.NativeConstructorAccessorImpl.newInstance0(Ljava/lang/reflect/Constructor;[Ljava/lang/Object;)Ljava/lang/Object;+0
j  sun.reflect.NativeConstructorAccessorImpl.newInstance([Ljava/lang/Object;)Ljava/lang/Object;+85
j  sun.reflect.DelegatingConstructorAccessorImpl.newInstance([Ljava/lang/Object;)Ljava/lang/Object;+5
j  java.lang.reflect.Constructor.newInstance([Ljava/lang/Object;)Ljava/lang/Object;+79
j  java.lang.Class.newInstance()Ljava/lang/Object;+138
j  sun.security.jca.ProviderConfig$2.run()Ljava/security/Provider;+79
j  sun.security.jca.ProviderConfig$2.run()Ljava/lang/Object;+1
v  ~StubRoutines::call_stub
V  [libjvm.so+0x6257fa]  JavaCalls::call_helper(JavaValue*, methodHandle*, JavaCallArguments*, Thread*)+0xeea
V  [libjvm.so+0x6720eb]  JVM_DoPrivileged+0x54b
j  java.security.AccessController.doPrivileged(Ljava/security/PrivilegedAction;)Ljava/lang/Object;+0
j  sun.security.jca.ProviderConfig.doLoadProvider()Ljava/security/Provider;+8
j  sun.security.jca.ProviderConfig.getProvider()Ljava/security/Provider;+88
j  sun.security.jca.ProviderList.getProvider(I)Ljava/security/Provider;+6
j  sun.security.jca.ProviderList.getService(Ljava/lang/String;Ljava/lang/String;)Ljava/security/Provider$Service;+13
j  sun.security.jca.GetInstance.getInstance(Ljava/lang/String;Ljava/lang/Class;Ljava/lang/String;)Lsun/security/jca/GetInstance$Instance;+7
j  java.security.Security.getImpl(Ljava/lang/String;Ljava/lang/String;Ljava/lang/String;)[Ljava/lang/Object;+10
j  java.security.MessageDigest.getInstance(Ljava/lang/String;)Ljava/security/MessageDigest;+7
j  com.android.dx.dex.file.DexFile.calcSignature([B)V+2
j  com.android.dx.dex.file.DexFile.toDex0(ZZ)Lcom/android/dx/util/ByteArrayAnnotatedOutput;+464
j  com.android.dx.dex.file.DexFile.toDex(Ljava/io/Writer;Z)[B+13
j  com.android.dx.command.dexer.Main.writeDex(Lcom/android/dx/dex/file/DexFile;)[B+44
j  com.android.dx.command.dexer.Main.access$3000(Lcom/android/dx/dex/file/DexFile;)[B+1
j  com.android.dx.command.dexer.Main$DexWriter.call()[B+4
j  com.android.dx.command.dexer.Main$DexWriter.call()Ljava/lang/Object;+1
J 1861 C1 java.util.concurrent.FutureTask.run()V (126 bytes) @ 0x00007f79d952d7dc [0x00007f79d952d700+0xdc]
j  java.util.concurrent.ThreadPoolExecutor.runWorker(Ljava/util/concurrent/ThreadPoolExecutor$Worker;)V+95
j  java.util.concurrent.ThreadPoolExecutor$Worker.run()V+5
j  java.lang.Thread.run()V+11
v  ~StubRoutines::call_stub
V  [libjvm.so+0x6257fa]  JavaCalls::call_helper(JavaValue*, methodHandle*, JavaCallArguments*, Thread*)+0xeea
V  [libjvm.so+0x622ed4]  JavaCalls::call_virtual(JavaValue*, KlassHandle, Symbol*, Symbol*, JavaCallArguments*, Thread*)+0x2a4
V  [libjvm.so+0x6234ca]  JavaCalls::call_virtual(JavaValue*, Handle, KlassHandle, Symbol*, Symbol*, Thread*)+0x4a
V  [libjvm.so+0x663efe]  thread_entry(JavaThread*, Thread*)+0x8e
V  [libjvm.so+0x986ec0]  JavaThread::thread_main_inner()+0xf0
V  [libjvm.so+0x8425b2]  java_start(Thread*)+0xf2
C  [libpthread.so.0+0x8184]  start_thread+0xc4

Java frames: (J=compiled Java code, j=interpreted, Vv=VM code)
j  java.net.URL.toURI()Ljava/net/URI;+0
j  sun.security.provider.SunEntries.getDeviceFile(Ljava/net/URL;)Ljava/io/File;+1
j  sun.security.provider.NativePRNG$1.run()Lsun/security/provider/NativePRNG$RandomIO;+48
j  sun.security.provider.NativePRNG$1.run()Ljava/lang/Object;+1
v  ~StubRoutines::call_stub
j  java.security.AccessController.doPrivileged(Ljava/security/PrivilegedAction;)Ljava/lang/Object;+0
j  sun.security.provider.NativePRNG.initIO(Lsun/security/provider/NativePRNG$Variant;)Lsun/security/provider/NativePRNG$RandomIO;+8
j  sun.security.provider.NativePRNG.<clinit>()V+11
v  ~StubRoutines::call_stub
j  sun.security.provider.SunEntries.putEntries(Ljava/util/Map;)V+0
j  sun.security.provider.Sun.<init>()V+18
v  ~StubRoutines::call_stub
j  sun.reflect.NativeConstructorAccessorImpl.newInstance0(Ljava/lang/reflect/Constructor;[Ljava/lang/Object;)Ljava/lang/Object;+0
j  sun.reflect.NativeConstructorAccessorImpl.newInstance([Ljava/lang/Object;)Ljava/lang/Object;+85
j  sun.reflect.DelegatingConstructorAccessorImpl.newInstance([Ljava/lang/Object;)Ljava/lang/Object;+5
j  java.lang.reflect.Constructor.newInstance([Ljava/lang/Object;)Ljava/lang/Object;+79
j  java.lang.Class.newInstance()Ljava/lang/Object;+138
j  sun.security.jca.ProviderConfig$2.run()Ljava/security/Provider;+79
j  sun.security.jca.ProviderConfig$2.run()Ljava/lang/Object;+1
v  ~StubRoutines::call_stub
j  java.security.AccessController.doPrivileged(Ljava/security/PrivilegedAction;)Ljava/lang/Object;+0
j  sun.security.jca.ProviderConfig.doLoadProvider()Ljava/security/Provider;+8
j  sun.security.jca.ProviderConfig.getProvider()Ljava/security/Provider;+88
j  sun.security.jca.ProviderList.getProvider(I)Ljava/security/Provider;+6
j  sun.security.jca.ProviderList.getService(Ljava/lang/String;Ljava/lang/String;)Ljava/security/Provider$Service;+13
j  sun.security.jca.GetInstance.getInstance(Ljava/lang/String;Ljava/lang/Class;Ljava/lang/String;)Lsun/security/jca/GetInstance$Instance;+7
j  java.security.Security.getImpl(Ljava/lang/String;Ljava/lang/String;Ljava/lang/String;)[Ljava/lang/Object;+10
j  java.security.MessageDigest.getInstance(Ljava/lang/String;)Ljava/security/MessageDigest;+7
j  com.android.dx.dex.file.DexFile.calcSignature([B)V+2
j  com.android.dx.dex.file.DexFile.toDex0(ZZ)Lcom/android/dx/util/ByteArrayAnnotatedOutput;+464
j  com.android.dx.dex.file.DexFile.toDex(Ljava/io/Writer;Z)[B+13
j  com.android.dx.command.dexer.Main.writeDex(Lcom/android/dx/dex/file/DexFile;)[B+44
j  com.android.dx.command.dexer.Main.access$3000(Lcom/android/dx/dex/file/DexFile;)[B+1
j  com.android.dx.command.dexer.Main$DexWriter.call()[B+4
j  com.android.dx.command.dexer.Main$DexWriter.call()Ljava/lang/Object;+1
J 1861 C1 java.util.concurrent.FutureTask.run()V (126 bytes) @ 0x00007f79d952d7dc [0x00007f79d952d700+0xdc]
j  java.util.concurrent.ThreadPoolExecutor.runWorker(Ljava/util/concurrent/ThreadPoolExecutor$Worker;)V+95
j  java.util.concurrent.ThreadPoolExecutor$Worker.run()V+5
j  java.lang.Thread.run()V+11
v  ~StubRoutines::call_stub

---------------  P R O C E S S  ---------------

Java Threads: ( => current thread )
=>0x00007f79e8159000 JavaThread "pool-1-thread-1" [_thread_in_vm, id=19319, stack(0x00007f79d4bb8000,0x00007f79d4cb9000)]
  0x00007f79e80c0800 JavaThread "Service Thread" daemon [_thread_blocked, id=19288, stack(0x00007f79d4ec8000,0x00007f79d4fc9000)]
  0x00007f79e80bd000 JavaThread "C1 CompilerThread2" daemon [_thread_blocked, id=19287, stack(0x00007f79d4fc9000,0x00007f79d50ca000)]
  0x00007f79e80bb800 JavaThread "C2 CompilerThread1" daemon [_thread_blocked, id=19284, stack(0x00007f79d50ca000,0x00007f79d51cb000)]
  0x00007f79e80b8800 JavaThread "C2 CompilerThread0" daemon [_thread_blocked, id=19282, stack(0x00007f79d51cb000,0x00007f79d52cc000)]
  0x00007f79e80b7000 JavaThread "Signal Dispatcher" daemon [_thread_blocked, id=19279, stack(0x00007f79d52cc000,0x00007f79d53cd000)]
  0x00007f79e8084000 JavaThread "Finalizer" daemon [_thread_blocked, id=19274, stack(0x00007f79d608e000,0x00007f79d618f000)]
  0x00007f79e807f800 JavaThread "Reference Handler" daemon [_thread_blocked, id=19271, stack(0x00007f79d618f000,0x00007f79d6290000)]
  0x00007f79e800a000 JavaThread "main" [_thread_blocked, id=19251, stack(0x00007f79f083f000,0x00007f79f0940000)]

Other Threads:
  0x00007f79e8077800 VMThread [stack: 0x00007f79d6290000,0x00007f79d6391000] [id=19264]
  0x00007f79e80c3000 WatcherThread [stack: 0x00007f79d4dc7000,0x00007f79d4ec8000] [id=19289]

VM state:synchronizing (normal execution)

VM Mutex/Monitor currently owned by a thread:  ([mutex/lock_event])
[0x00007f79e80067e0] Threads_lock - owner thread: 0x00007f79e8077800

Heap:
 PSYoungGen      total 134144K, used 20585K [0x00000000eab00000, 0x00000000f3f00000, 0x0000000100000000)
  eden space 121344K, 7% used [0x00000000eab00000,0x00000000eb45d250,0x00000000f2180000)
  from space 12800K, 85% used [0x00000000f2f80000,0x00000000f3a3d238,0x00000000f3c00000)
  to   space 14336K, 0% used [0x00000000f2180000,0x00000000f2180000,0x00000000f2f80000)
 ParOldGen       total 39936K, used 22144K [0x00000000c0000000, 0x00000000c2700000, 0x00000000eab00000)
  object space 39936K, 55% used [0x00000000c0000000,0x00000000c15a0188,0x00000000c2700000)
 Metaspace       used 6751K, capacity 7480K, committed 7552K, reserved 1056768K
  class space    used 617K, capacity 624K, committed 640K, reserved 1048576K

Card table byte_map: [0x00007f79ed4f3000,0x00007f79ed6f4000] byte_map_base: 0x00007f79ecef3000

Marking Bits: (ParMarkBitMap*) 0x00007f79efd1d1a0
 Begin Bits: [0x00007f79d7000000, 0x00007f79d8000000)
 End Bits:   [0x00007f79d8000000, 0x00007f79d9000000)

Polling page: 0x00007f79f0967000

CodeCache: size=245760Kb used=6847Kb max_used=6847Kb free=238912Kb
 bounds [0x00007f79d9000000, 0x00007f79d96c0000, 0x00007f79e8000000]
 total_blobs=2234 nmethods=1959 adapters=189
 compilation: enabled

Compilation events (10 events):
Event: 14.815 Thread 0x00007f79e80bd000 2347       3       com.android.dx.dex.file.ClassDataItem::writeTo0 (31 bytes)
Event: 14.816 Thread 0x00007f79e80bd000 nmethod 2347 0x00007f79d96b26d0 code [0x00007f79d96b2880, 0x00007f79d96b2cd8]
Event: 14.930 Thread 0x00007f79e80bd000 2348       3       java.lang.Character::toLowerCase (9 bytes)
Event: 14.930 Thread 0x00007f79e80bd000 nmethod 2348 0x00007f79d96b2ed0 code [0x00007f79d96b3040, 0x00007f79d96b3278]
Event: 14.945 Thread 0x00007f79e80bd000 2349       3       sun.misc.FDBigInteger::mult (64 bytes)
Event: 14.945 Thread 0x00007f79e80bd000 nmethod 2349 0x00007f79d96b3350 code [0x00007f79d96b34c0, 0x00007f79d96b3750]
Event: 14.945 Thread 0x00007f79e80bd000 2350       3       sun.misc.FDBigInteger::<init> (30 bytes)
Event: 14.946 Thread 0x00007f79e80bd000 nmethod 2350 0x00007f79d96b3a10 code [0x00007f79d96b3b80, 0x00007f79d96b3d88]
Event: 14.946 Thread 0x00007f79e80bd000 2351       3       sun.misc.FDBigInteger::trimLeadingZeros (57 bytes)
Event: 14.946 Thread 0x00007f79e80bd000 nmethod 2351 0x00007f79d96b3e90 code [0x00007f79d96b4000, 0x00007f79d96b4330]

GC Heap History (10 events):
Event: 4.026 GC heap before
{Heap before GC invocations=2 (full 0):
 PSYoungGen      total 17408K, used 17380K [0x00000000eab00000, 0x00000000ecd00000, 0x0000000100000000)
  eden space 15360K, 100% used [0x00000000eab00000,0x00000000eba00000,0x00000000eba00000)
  from space 2048K, 98% used [0x00000000eba00000,0x00000000ebbf92d8,0x00000000ebc00000)
  to   space 2048K, 0% used [0x00000000ecb00000,0x00000000ecb00000,0x00000000ecd00000)
 ParOldGen       total 39936K, used 598K [0x00000000c0000000, 0x00000000c2700000, 0x00000000eab00000)
  object space 39936K, 1% used [0x00000000c0000000,0x00000000c00958d0,0x00000000c2700000)
 Metaspace       used 5719K, capacity 6768K, committed 7040K, reserved 1056768K
  class space    used 568K, capacity 616K, committed 640K, reserved 1048576K
Event: 4.059 GC heap after
Heap after GC invocations=2 (full 0):
 PSYoungGen      total 32768K, used 2039K [0x00000000eab00000, 0x00000000ecd00000, 0x0000000100000000)
  eden space 30720K, 0% used [0x00000000eab00000,0x00000000eab00000,0x00000000ec900000)
  from space 2048K, 99% used [0x00000000ecb00000,0x00000000eccfdc60,0x00000000ecd00000)
  to   space 2048K, 0% used [0x00000000ec900000,0x00000000ec900000,0x00000000ecb00000)
 ParOldGen       total 39936K, used 2653K [0x00000000c0000000, 0x00000000c2700000, 0x00000000eab00000)
  object space 39936K, 6% used [0x00000000c0000000,0x00000000c02977c8,0x00000000c2700000)
 Metaspace       used 5719K, capacity 6768K, committed 7040K, reserved 1056768K
  class space    used 568K, capacity 616K, committed 640K, reserved 1048576K
}
Event: 6.142 GC heap before
{Heap before GC invocations=3 (full 0):
 PSYoungGen      total 32768K, used 32759K [0x00000000eab00000, 0x00000000ecd00000, 0x0000000100000000)
  eden space 30720K, 100% used [0x00000000eab00000,0x00000000ec900000,0x00000000ec900000)
  from space 2048K, 99% used [0x00000000ecb00000,0x00000000eccfdc60,0x00000000ecd00000)
  to   space 2048K, 0% used [0x00000000ec900000,0x00000000ec900000,0x00000000ecb00000)
 ParOldGen       total 39936K, used 2653K [0x00000000c0000000, 0x00000000c2700000, 0x00000000eab00000)
  object space 39936K, 6% used [0x00000000c0000000,0x00000000c02977c8,0x00000000c2700000)
 Metaspace       used 5835K, capacity 6832K, committed 7040K, reserved 1056768K
  class space    used 568K, capacity 616K, committed 640K, reserved 1048576K
Event: 6.213 GC heap after
Heap after GC invocations=3 (full 0):
 PSYoungGen      total 32768K, used 2016K [0x00000000eab00000, 0x00000000eeb00000, 0x0000000100000000)
  eden space 30720K, 0% used [0x00000000eab00000,0x00000000eab00000,0x00000000ec900000)
  from space 2048K, 98% used [0x00000000ec900000,0x00000000ecaf8010,0x00000000ecb00000)
  to   space 2048K, 0% used [0x00000000ee900000,0x00000000ee900000,0x00000000eeb00000)
 ParOldGen       total 39936K, used 7771K [0x00000000c0000000, 0x00000000c2700000, 0x00000000eab00000)
  object space 39936K, 19% used [0x00000000c0000000,0x00000000c0796d70,0x00000000c2700000)
 Metaspace       used 5835K, capacity 6832K, committed 7040K, reserved 1056768K
  class space    used 568K, capacity 616K, committed 640K, reserved 1048576K
}
Event: 7.317 GC heap before
{Heap before GC invocations=4 (full 0):
 PSYoungGen      total 32768K, used 32736K [0x00000000eab00000, 0x00000000eeb00000, 0x0000000100000000)
  eden space 30720K, 100% used [0x00000000eab00000,0x00000000ec900000,0x00000000ec900000)
  from space 2048K, 98% used [0x00000000ec900000,0x00000000ecaf8010,0x00000000ecb00000)
  to   space 2048K, 0% used [0x00000000ee900000,0x00000000ee900000,0x00000000eeb00000)
 ParOldGen       total 39936K, used 7771K [0x00000000c0000000, 0x00000000c2700000, 0x00000000eab00000)
  object space 39936K, 19% used [0x00000000c0000000,0x00000000c0796d70,0x00000000c2700000)
 Metaspace       used 5860K, capacity 6896K, committed 7040K, reserved 1056768K
  class space    used 568K, capacity 616K, committed 640K, reserved 1048576K
Event: 7.453 GC heap after
Heap after GC invocations=4 (full 0):
 PSYoungGen      total 63488K, used 2036K [0x00000000eab00000, 0x00000000eeb00000, 0x0000000100000000)
  eden space 61440K, 0% used [0x00000000eab00000,0x00000000eab00000,0x00000000ee700000)
  from space 2048K, 99% used [0x00000000ee900000,0x00000000eeafd228,0x00000000eeb00000)
  to   space 2048K, 0% used [0x00000000ee700000,0x00000000ee700000,0x00000000ee900000)
 ParOldGen       total 39936K, used 12378K [0x00000000c0000000, 0x00000000c2700000, 0x00000000eab00000)
  object space 39936K, 30% used [0x00000000c0000000,0x00000000c0c168b8,0x00000000c2700000)
 Metaspace       used 5860K, capacity 6896K, committed 7040K, reserved 1056768K
  class space    used 568K, capacity 616K, committed 640K, reserved 1048576K
}
Event: 9.199 GC heap before
{Heap before GC invocations=5 (full 0):
 PSYoungGen      total 63488K, used 63476K [0x00000000eab00000, 0x00000000eeb00000, 0x0000000100000000)
  eden space 61440K, 100% used [0x00000000eab00000,0x00000000ee700000,0x00000000ee700000)
  from space 2048K, 99% used [0x00000000ee900000,0x00000000eeafd228,0x00000000eeb00000)
  to   space 2048K, 0% used [0x00000000ee700000,0x00000000ee700000,0x00000000ee900000)
 ParOldGen       total 39936K, used 12378K [0x00000000c0000000, 0x00000000c2700000, 0x00000000eab00000)
  object space 39936K, 30% used [0x00000000c0000000,0x00000000c0c168b8,0x00000000c2700000)
 Metaspace       used 5938K, capacity 6960K, committed 7040K, reserved 1056768K
  class space    used 569K, capacity 616K, committed 640K, reserved 1048576K
Event: 9.330 GC heap after
Heap after GC invocations=5 (full 0):
 PSYoungGen      total 63488K, used 2048K [0x00000000eab00000, 0x00000000f3c00000, 0x0000000100000000)
  eden space 61440K, 0% used [0x00000000eab00000,0x00000000eab00000,0x00000000ee700000)
  from space 2048K, 100% used [0x00000000ee700000,0x00000000ee900000,0x00000000ee900000)
  to   space 12800K, 0% used [0x00000000f2f80000,0x00000000f2f80000,0x00000000f3c00000)
 ParOldGen       total 39936K, used 22136K [0x00000000c0000000, 0x00000000c2700000, 0x00000000eab00000)
  object space 39936K, 55% used [0x00000000c0000000,0x00000000c159e188,0x00000000c2700000)
 Metaspace       used 5938K, capacity 6960K, committed 7040K, reserved 1056768K
  class space    used 569K, capacity 616K, committed 640K, reserved 1048576K
}
Event: 11.103 GC heap before
{Heap before GC invocations=6 (full 0):
 PSYoungGen      total 63488K, used 63488K [0x00000000eab00000, 0x00000000f3c00000, 0x0000000100000000)
  eden space 61440K, 100% used [0x00000000eab00000,0x00000000ee700000,0x00000000ee700000)
  from space 2048K, 100% used [0x00000000ee700000,0x00000000ee900000,0x00000000ee900000)
  to   space 12800K, 0% used [0x00000000f2f80000,0x00000000f2f80000,0x00000000f3c00000)
 ParOldGen       total 39936K, used 22136K [0x00000000c0000000, 0x00000000c2700000, 0x00000000eab00000)
  object space 39936K, 55% used [0x00000000c0000000,0x00000000c159e188,0x00000000c2700000)
 Metaspace       used 6131K, capacity 7088K, committed 7296K, reserved 1056768K
  class space    used 574K, capacity 616K, committed 640K, reserved 1048576K
Event: 11.268 GC heap after
Heap after GC invocations=6 (full 0):
 PSYoungGen      total 134144K, used 10996K [0x00000000eab00000, 0x00000000f3f00000, 0x0000000100000000)
  eden space 121344K, 0% used [0x00000000eab00000,0x00000000eab00000,0x00000000f2180000)
  from space 12800K, 85% used [0x00000000f2f80000,0x00000000f3a3d238,0x00000000f3c00000)
  to   space 14336K, 0% used [0x00000000f2180000,0x00000000f2180000,0x00000000f2f80000)
 ParOldGen       total 39936K, used 22144K [0x00000000c0000000, 0x00000000c2700000, 0x00000000eab00000)
  object space 39936K, 55% used [0x00000000c0000000,0x00000000c15a0188,0x00000000c2700000)
 Metaspace       used 6131K, capacity 7088K, committed 7296K, reserved 1056768K
  class space    used 574K, capacity 616K, committed 640K, reserved 1048576K
}

Deoptimization events (10 events):
Event: 10.819 Thread 0x00007f79e8159000 Uncommon trap: reason=class_check action=maybe_recompile pc=0x00007f79d939d87c method=java.util.Arrays.hashCode([Ljava/lang/Object;)I @ 43
Event: 10.819 Thread 0x00007f79e8159000 Uncommon trap: reason=class_check action=maybe_recompile pc=0x00007f79d939d87c method=java.util.Arrays.hashCode([Ljava/lang/Object;)I @ 43
Event: 10.819 Thread 0x00007f79e8159000 Uncommon trap: reason=class_check action=maybe_recompile pc=0x00007f79d93a1574 method=java.util.Arrays.hashCode([Ljava/lang/Object;)I @ 43
Event: 10.840 Thread 0x00007f79e8159000 Uncommon trap: reason=bimorphic action=maybe_recompile pc=0x00007f79d928fd3c method=java.util.HashMap.getNode(ILjava/lang/Object;)Ljava/util/HashMap$Node; @ 126
Event: 10.865 Thread 0x00007f79e8159000 Uncommon trap: reason=bimorphic action=maybe_recompile pc=0x00007f79d928fd3c method=java.util.HashMap.getNode(ILjava/lang/Object;)Ljava/util/HashMap$Node; @ 126
Event: 10.874 Thread 0x00007f79e8159000 Uncommon trap: reason=bimorphic action=maybe_recompile pc=0x00007f79d928fd3c method=java.util.HashMap.getNode(ILjava/lang/Object;)Ljava/util/HashMap$Node; @ 126
Event: 12.232 Thread 0x00007f79e8159000 Uncommon trap: reason=unstable_if action=reinterpret pc=0x00007f79d92ccb4c method=java.util.Arrays.equals([Ljava/lang/Object;[Ljava/lang/Object;)Z @ 23
Event: 14.104 Thread 0x00007f79e8159000 Uncommon trap: reason=unstable_if action=reinterpret pc=0x00007f79d961b84c method=com.android.dx.util.ByteArrayAnnotatedOutput.writeByte(I)V @ 13
Event: 14.946 Thread 0x00007f79e8159000 Uncommon trap: reason=unstable_if action=reinterpret pc=0x00007f79d92eb0e0 method=java.util.Arrays.copyOf([Ljava/lang/Object;ILjava/lang/Class;)[Ljava/lang/Object; @ 3
Event: 14.969 Thread 0x00007f79e8159000 Uncommon trap: reason=unstable_if action=reinterpret pc=0x00007f79d917a5e4 method=java.lang.String.replace(CC)Ljava/lang/String; @ 2

Internal exceptions (2 events):
Event: 0.204 Thread 0x00007f79e800a000 Exception <a 'java/lang/NoSuchMethodError': Method sun.misc.Unsafe.defineClass(Ljava/lang/String;[BII)Ljava/lang/Class; name or signature does not match> (0x00000000eab07cc0) thrown at [/ssd/Android/AOSP-openjdk/external/jetbrains/jdk/hotspot/src/share/vm
Event: 0.204 Thread 0x00007f79e800a000 Exception <a 'java/lang/NoSuchMethodError': Method sun.misc.Unsafe.prefetchRead(Ljava/lang/Object;J)V name or signature does not match> (0x00000000eab07fa8) thrown at [/ssd/Android/AOSP-openjdk/external/jetbrains/jdk/hotspot/src/share/vm/prims/jni.cpp, li

Events (10 events):
Event: 14.965 loading class sun/security/provider/NativePRNG$Variant
Event: 14.965 loading class sun/security/provider/NativePRNG$Variant done
Event: 14.965 loading class sun/security/provider/NativePRNG$1
Event: 14.967 loading class sun/security/provider/NativePRNG$1 done
Event: 14.967 loading class sun/security/provider/NativePRNG$2
Event: 14.969 loading class sun/security/provider/NativePRNG$2 done
Event: 14.969 Thread 0x00007f79e8159000 Uncommon trap: trap_request=0xffffff65 fr.pc=0x00007f79d917a5e4
Event: 14.969 Thread 0x00007f79e8159000 DEOPT PACKING pc=0x00007f79d917a5e4 sp=0x00007f79d4cb4c70
Event: 15.017 Thread 0x00007f79e8159000 DEOPT UNPACKING pc=0x00007f79d9004f69 sp=0x00007f79d4cb4c18 mode 2
Event: 15.027 loading class java/net/URI


Dynamic libraries:
00400000-00401000 r-xp 00000000 08:05 1506559                            /home/victorhugo/Programs/android-studio/jre/bin/java
00600000-00601000 r--p 00000000 08:05 1506559                            /home/victorhugo/Programs/android-studio/jre/bin/java
00601000-00602000 rw-p 00001000 08:05 1506559                            /home/victorhugo/Programs/android-studio/jre/bin/java
01ebd000-01ede000 rw-p 00000000 00:00 0                                  [heap]
c0000000-c2700000 rw-p 00000000 00:00 0 
c2700000-eab00000 ---p 00000000 00:00 0 
eab00000-f3f00000 rw-p 00000000 00:00 0 
f3f00000-100000000 ---p 00000000 00:00 0 
100000000-1000a0000 rw-p 00000000 00:00 0 
1000c0000-140000000 ---p 00000000 00:00 0 
7f7988000000-7f7988022000 rw-p 00000000 00:00 0 
7f7988022000-7f798c000000 ---p 00000000 00:00 0 
7f798c000000-7f798c021000 rw-p 00000000 00:00 0 
7f798c021000-7f7990000000 ---p 00000000 00:00 0 
7f7990000000-7f7990021000 rw-p 00000000 00:00 0 
7f7990021000-7f7994000000 ---p 00000000 00:00 0 
7f7994000000-7f79942bc000 rw-p 00000000 00:00 0 
7f79942bc000-7f7998000000 ---p 00000000 00:00 0 
7f7998000000-7f7998021000 rw-p 00000000 00:00 0 
7f7998021000-7f799c000000 ---p 00000000 00:00 0 
7f799c000000-7f799c028000 rw-p 00000000 00:00 0 
7f799c028000-7f79a0000000 ---p 00000000 00:00 0 
7f79a0000000-7f79a088f000 rw-p 00000000 00:00 0 
7f79a088f000-7f79a4000000 ---p 00000000 00:00 0 
7f79a4000000-7f79a4021000 rw-p 00000000 00:00 0 
7f79a4021000-7f79a8000000 ---p 00000000 00:00 0 
7f79a8000000-7f79a8712000 rw-p 00000000 00:00 0 
7f79a8712000-7f79ac000000 ---p 00000000 00:00 0 
7f79ac000000-7f79accff000 rw-p 00000000 00:00 0 
7f79accff000-7f79b0000000 ---p 00000000 00:00 0 
7f79b0000000-7f79b0021000 rw-p 00000000 00:00 0 
7f79b0021000-7f79b4000000 ---p 00000000 00:00 0 
7f79b4000000-7f79b4021000 rw-p 00000000 00:00 0 
7f79b4021000-7f79b8000000 ---p 00000000 00:00 0 
7f79b8000000-7f79b8021000 rw-p 00000000 00:00 0 
7f79b8021000-7f79bc000000 ---p 00000000 00:00 0 
7f79bc000000-7f79bc021000 rw-p 00000000 00:00 0 
7f79bc021000-7f79c0000000 ---p 00000000 00:00 0 
7f79c0000000-7f79c0021000 rw-p 00000000 00:00 0 
7f79c0021000-7f79c4000000 ---p 00000000 00:00 0 
7f79c4000000-7f79c4021000 rw-p 00000000 00:00 0 
7f79c4021000-7f79c8000000 ---p 00000000 00:00 0 
7f79c8000000-7f79c8021000 rw-p 00000000 00:00 0 
7f79c8021000-7f79cc000000 ---p 00000000 00:00 0 
7f79d0000000-7f79d0021000 rw-p 00000000 00:00 0 
7f79d0021000-7f79d4000000 ---p 00000000 00:00 0 
7f79d48b5000-7f79d48b8000 ---p 00000000 00:00 0 
7f79d48b8000-7f79d49b6000 rw-p 00000000 00:00 0 
7f79d49b6000-7f79d49b9000 ---p 00000000 00:00 0 
7f79d49b9000-7f79d4ab7000 rw-p 00000000 00:00 0 
7f79d4ab7000-7f79d4aba000 ---p 00000000 00:00 0 
7f79d4aba000-7f79d4bb8000 rw-p 00000000 00:00 0 
7f79d4bb8000-7f79d4bbb000 ---p 00000000 00:00 0 
7f79d4bbb000-7f79d4cb9000 rw-p 00000000 00:00 0                          [stack:19319]
7f79d4cb9000-7f79d4cbc000 ---p 00000000 00:00 0 
7f79d4cbc000-7f79d4dba000 rw-p 00000000 00:00 0 
7f79d4dc7000-7f79d4dc8000 ---p 00000000 00:00 0 
7f79d4dc8000-7f79d4ec8000 rw-p 00000000 00:00 0                          [stack:19289]
7f79d4ec8000-7f79d4ecb000 ---p 00000000 00:00 0 
7f79d4ecb000-7f79d4fc9000 rw-p 00000000 00:00 0                          [stack:19288]
7f79d4fc9000-7f79d4fcc000 ---p 00000000 00:00 0 
7f79d4fcc000-7f79d50ca000 rw-p 00000000 00:00 0                          [stack:19287]
7f79d50ca000-7f79d50cd000 ---p 00000000 00:00 0 
7f79d50cd000-7f79d51cb000 rw-p 00000000 00:00 0                          [stack:19284]
7f79d51cb000-7f79d51ce000 ---p 00000000 00:00 0 
7f79d51ce000-7f79d52cc000 rw-p 00000000 00:00 0                          [stack:19282]
7f79d52cc000-7f79d52cf000 ---p 00000000 00:00 0 
7f79d52cf000-7f79d53cd000 rw-p 00000000 00:00 0                          [stack:19279]
7f79d53cd000-7f79d608e000 r--p 00000000 08:05 272679                     /usr/lib/locale/locale-archive
7f79d608e000-7f79d6091000 ---p 00000000 00:00 0 
7f79d6091000-7f79d618f000 rw-p 00000000 00:00 0                          [stack:19274]
7f79d618f000-7f79d6192000 ---p 00000000 00:00 0 
7f79d6192000-7f79d6290000 rw-p 00000000 00:00 0                          [stack:19271]
7f79d6290000-7f79d6291000 ---p 00000000 00:00 0 
7f79d6291000-7f79d9000000 rw-p 00000000 00:00 0                          [stack:19264]
7f79d9000000-7f79d96c0000 rwxp 00000000 00:00 0 
7f79d96c0000-7f79e8000000 ---p 00000000 00:00 0 
7f79e8000000-7f79e837e000 rw-p 00000000 00:00 0 
7f79e837e000-7f79ec000000 ---p 00000000 00:00 0 
7f79ec002000-7f79ec011000 r--s 000df000 08:05 1832506                    /home/victorhugo/Programs/AndroidSDK/build-tools/23.0.2/lib/dx.jar
7f79ec011000-7f79ec356000 rw-p 00000000 00:00 0 
7f79ec356000-7f79ec523000 r--s 03bec000 08:05 1523188                    /home/victorhugo/Programs/android-studio/jre/jre/lib/rt.jar
7f79ec523000-7f79ecc59000 rw-p 00000000 00:00 0 
7f79ecc59000-7f79ecd99000 ---p 00000000 00:00 0 
7f79ecd99000-7f79ecf99000 rw-p 00000000 00:00 0 
7f79ecf99000-7f79ecf9a000 ---p 00000000 00:00 0 
7f79ecf9a000-7f79ed09a000 rw-p 00000000 00:00 0                          [stack:19261]
7f79ed09a000-7f79ed09b000 ---p 00000000 00:00 0 
7f79ed09b000-7f79ed19b000 rw-p 00000000 00:00 0                          [stack:19259]
7f79ed19b000-7f79ed19c000 ---p 00000000 00:00 0 
7f79ed19c000-7f79ed29c000 rw-p 00000000 00:00 0                          [stack:19258]
7f79ed29c000-7f79ed29d000 ---p 00000000 00:00 0 
7f79ed29d000-7f79ed3b1000 rw-p 00000000 00:00 0                          [stack:19255]
7f79ed3b1000-7f79ed4f3000 ---p 00000000 00:00 0 
7f79ed4f3000-7f79ed507000 rw-p 00000000 00:00 0 
7f79ed507000-7f79ed648000 ---p 00000000 00:00 0 
7f79ed648000-7f79ed693000 rw-p 00000000 00:00 0 
7f79ed693000-7f79ed6f3000 ---p 00000000 00:00 0 
7f79ed6f3000-7f79ed70f000 rw-p 00000000 00:00 0 
7f79ed70f000-7f79edab4000 ---p 00000000 00:00 0 
7f79edab4000-7f79edace000 r-xp 00000000 08:05 1523215                    /home/victorhugo/Programs/android-studio/jre/jre/lib/amd64/libzip.so
7f79edace000-7f79edcce000 ---p 0001a000 08:05 1523215                    /home/victorhugo/Programs/android-studio/jre/jre/lib/amd64/libzip.so
7f79edcce000-7f79edccf000 r--p 0001a000 08:05 1523215                    /home/victorhugo/Programs/android-studio/jre/jre/lib/amd64/libzip.so
7f79edccf000-7f79edcd0000 rw-p 0001b000 08:05 1523215                    /home/victorhugo/Programs/android-studio/jre/jre/lib/amd64/libzip.so
7f79edcd0000-7f79edcda000 r-xp 00000000 08:05 1846494                    /lib/x86_64-linux-gnu/libnss_files-2.19.so
7f79edcda000-7f79eded9000 ---p 0000a000 08:05 1846494                    /lib/x86_64-linux-gnu/libnss_files-2.19.so
7f79eded9000-7f79ededa000 r--p 00009000 08:05 1846494                    /lib/x86_64-linux-gnu/libnss_files-2.19.so
7f79ededa000-7f79ededb000 rw-p 0000a000 08:05 1846494                    /lib/x86_64-linux-gnu/libnss_files-2.19.so
7f79ededb000-7f79edee6000 r-xp 00000000 08:05 1846486                    /lib/x86_64-linux-gnu/libnss_nis-2.19.so
7f79edee6000-7f79ee0e5000 ---p 0000b000 08:05 1846486                    /lib/x86_64-linux-gnu/libnss_nis-2.19.so
7f79ee0e5000-7f79ee0e6000 r--p 0000a000 08:05 1846486                    /lib/x86_64-linux-gnu/libnss_nis-2.19.so
7f79ee0e6000-7f79ee0e7000 rw-p 0000b000 08:05 1846486                    /lib/x86_64-linux-gnu/libnss_nis-2.19.so
7f79ee0e7000-7f79ee0fe000 r-xp 00000000 08:05 1846482                    /lib/x86_64-linux-gnu/libnsl-2.19.so
7f79ee0fe000-7f79ee2fd000 ---p 00017000 08:05 1846482                    /lib/x86_64-linux-gnu/libnsl-2.19.so
7f79ee2fd000-7f79ee2fe000 r--p 00016000 08:05 1846482                    /lib/x86_64-linux-gnu/libnsl-2.19.so
7f79ee2fe000-7f79ee2ff000 rw-p 00017000 08:05 1846482                    /lib/x86_64-linux-gnu/libnsl-2.19.so
7f79ee2ff000-7f79ee301000 rw-p 00000000 00:00 0 
7f79ee301000-7f79ee30a000 r-xp 00000000 08:05 1846481                    /lib/x86_64-linux-gnu/libnss_compat-2.19.so
7f79ee30a000-7f79ee509000 ---p 00009000 08:05 1846481                    /lib/x86_64-linux-gnu/libnss_compat-2.19.so
7f79ee509000-7f79ee50a000 r--p 00008000 08:05 1846481                    /lib/x86_64-linux-gnu/libnss_compat-2.19.so
7f79ee50a000-7f79ee50b000 rw-p 00009000 08:05 1846481                    /lib/x86_64-linux-gnu/libnss_compat-2.19.so
7f79ee50b000-7f79ee538000 r-xp 00000000 08:05 1523228                    /home/victorhugo/Programs/android-studio/jre/jre/lib/amd64/libjava.so
7f79ee538000-7f79ee737000 ---p 0002d000 08:05 1523228                    /home/victorhugo/Programs/android-studio/jre/jre/lib/amd64/libjava.so
7f79ee737000-7f79ee738000 r--p 0002c000 08:05 1523228                    /home/victorhugo/Programs/android-studio/jre/jre/lib/amd64/libjava.so
7f79ee738000-7f79ee73a000 rw-p 0002d000 08:05 1523228                    /home/victorhugo/Programs/android-studio/jre/jre/lib/amd64/libjava.so
7f79ee73a000-7f79ee74a000 r-xp 00000000 08:05 1523244                    /home/victorhugo/Programs/android-studio/jre/jre/lib/amd64/libverify.so
7f79ee74a000-7f79ee949000 ---p 00010000 08:05 1523244                    /home/victorhugo/Programs/android-studio/jre/jre/lib/amd64/libverify.so
7f79ee949000-7f79ee94b000 r--p 0000f000 08:05 1523244                    /home/victorhugo/Programs/android-studio/jre/jre/lib/amd64/libverify.so
7f79ee94b000-7f79ee94c000 rw-p 00011000 08:05 1523244                    /home/victorhugo/Programs/android-studio/jre/jre/lib/amd64/libverify.so
7f79ee94c000-7f79ee953000 r-xp 00000000 08:05 1846490                    /lib/x86_64-linux-gnu/librt-2.19.so
7f79ee953000-7f79eeb52000 ---p 00007000 08:05 1846490                    /lib/x86_64-linux-gnu/librt-2.19.so
7f79eeb52000-7f79eeb53000 r--p 00006000 08:05 1846490                    /lib/x86_64-linux-gnu/librt-2.19.so
7f79eeb53000-7f79eeb54000 rw-p 00007000 08:05 1846490                    /lib/x86_64-linux-gnu/librt-2.19.so
7f79eeb54000-7f79eec59000 r-xp 00000000 08:05 1846457                    /lib/x86_64-linux-gnu/libm-2.19.so
7f79eec59000-7f79eee58000 ---p 00105000 08:05 1846457                    /lib/x86_64-linux-gnu/libm-2.19.so
7f79eee58000-7f79eee59000 r--p 00104000 08:05 1846457                    /lib/x86_64-linux-gnu/libm-2.19.so
7f79eee59000-7f79eee5a000 rw-p 00105000 08:05 1846457                    /lib/x86_64-linux-gnu/libm-2.19.so
7f79eee5a000-7f79efa40000 r-xp 00000000 08:05 1523247                    /home/victorhugo/Programs/android-studio/jre/jre/lib/amd64/server/libjvm.so
7f79efa40000-7f79efc40000 ---p 00be6000 08:05 1523247                    /home/victorhugo/Programs/android-studio/jre/jre/lib/amd64/server/libjvm.so
7f79efc40000-7f79efcdf000 r--p 00be6000 08:05 1523247                    /home/victorhugo/Programs/android-studio/jre/jre/lib/amd64/server/libjvm.so
7f79efcdf000-7f79efd08000 rw-p 00c85000 08:05 1523247                    /home/victorhugo/Programs/android-studio/jre/jre/lib/amd64/server/libjvm.so
7f79efd08000-7f79efd4a000 rw-p 00000000 00:00 0 
7f79efd4a000-7f79efd63000 r-xp 00000000 08:05 1846483                    /lib/x86_64-linux-gnu/libpthread-2.19.so
7f79efd63000-7f79eff62000 ---p 00019000 08:05 1846483                    /lib/x86_64-linux-gnu/libpthread-2.19.so
7f79eff62000-7f79eff63000 r--p 00018000 08:05 1846483                    /lib/x86_64-linux-gnu/libpthread-2.19.so
7f79eff63000-7f79eff64000 rw-p 00019000 08:05 1846483                    /lib/x86_64-linux-gnu/libpthread-2.19.so
7f79eff64000-7f79eff68000 rw-p 00000000 00:00 0 
7f79eff68000-7f79eff6b000 r-xp 00000000 08:05 1846478                    /lib/x86_64-linux-gnu/libdl-2.19.so
7f79eff6b000-7f79f016a000 ---p 00003000 08:05 1846478                    /lib/x86_64-linux-gnu/libdl-2.19.so
7f79f016a000-7f79f016b000 r--p 00002000 08:05 1846478                    /lib/x86_64-linux-gnu/libdl-2.19.so
7f79f016b000-7f79f016c000 rw-p 00003000 08:05 1846478                    /lib/x86_64-linux-gnu/libdl-2.19.so
7f79f016c000-7f79f0326000 r-xp 00000000 08:05 1846491                    /lib/x86_64-linux-gnu/libc-2.19.so
7f79f0326000-7f79f0526000 ---p 001ba000 08:05 1846491                    /lib/x86_64-linux-gnu/libc-2.19.so
7f79f0526000-7f79f052a000 r--p 001ba000 08:05 1846491                    /lib/x86_64-linux-gnu/libc-2.19.so
7f79f052a000-7f79f052c000 rw-p 001be000 08:05 1846491                    /lib/x86_64-linux-gnu/libc-2.19.so
7f79f052c000-7f79f0531000 rw-p 00000000 00:00 0 
7f79f0531000-7f79f0547000 r-xp 00000000 08:05 1477665                    /home/victorhugo/Programs/android-studio/jre/lib/amd64/jli/libjli.so
7f79f0547000-7f79f0746000 ---p 00016000 08:05 1477665                    /home/victorhugo/Programs/android-studio/jre/lib/amd64/jli/libjli.so
7f79f0746000-7f79f0747000 r--p 00015000 08:05 1477665                    /home/victorhugo/Programs/android-studio/jre/lib/amd64/jli/libjli.so
7f79f0747000-7f79f0748000 rw-p 00016000 08:05 1477665                    /home/victorhugo/Programs/android-studio/jre/lib/amd64/jli/libjli.so
7f79f0748000-7f79f076b000 r-xp 00000000 08:05 1846484                    /lib/x86_64-linux-gnu/ld-2.19.so
7f79f076f000-7f79f083f000 rw-p 00000000 00:00 0 
7f79f083f000-7f79f0842000 ---p 00000000 00:00 0 
7f79f0842000-7f79f0944000 rw-p 00000000 00:00 0                          [stack:19251]
7f79f0945000-7f79f0946000 rw-p 00000000 00:00 0 
7f79f0946000-7f79f094a000 r--s 00097000 08:05 1523205                    /home/victorhugo/Programs/android-studio/jre/jre/lib/jsse.jar
7f79f094a000-7f79f095e000 rw-p 00000000 00:00 0 
7f79f095e000-7f79f0966000 rw-s 00000000 08:05 2360971                    /tmp/hsperfdata_victorhugo/19249
7f79f0966000-7f79f0967000 rw-p 00000000 00:00 0 
7f79f0967000-7f79f0968000 ---p 00000000 00:00 0 
7f79f0968000-7f79f096a000 rw-p 00000000 00:00 0 
7f79f096a000-7f79f096b000 r--p 00022000 08:05 1846484                    /lib/x86_64-linux-gnu/ld-2.19.so
7f79f096b000-7f79f096c000 rw-p 00023000 08:05 1846484                    /lib/x86_64-linux-gnu/ld-2.19.so
7f79f096c000-7f79f096d000 rw-p 00000000 00:00 0 
7ffdcfa4f000-7ffdcfa70000 rw-p 00000000 00:00 0                          [stack]
7ffdcfb4d000-7ffdcfb4f000 r-xp 00000000 00:00 0                          [vdso]
ffffffffff600000-ffffffffff601000 r-xp 00000000 00:00 0                  [vsyscall]

VM Arguments:
jvm_args: -Djava.awt.headless=true -Xmx1024M -Dfile.encoding=UTF-8 -Duser.country=US -Duser.language=en -Duser.variant 
java_command: com.android.dx.command.Main --dex --force-jumbo --num-threads=4 --multi-dex --output /home/victorhugo/Toci/app/build/intermediates/transforms/dex/debug/folders/1000/10/com.google.android.gms-play-services-drive-8.4.0_68777183dbf746b52e15e362a9c67d2bec59ccab /home/victorhugo/Toci/app/build/intermediates/exploded-aar/com.google.android.gms/play-services-drive/8.4.0/jars/classes.jar
java_class_path (initial): /home/victorhugo/Programs/AndroidSDK/build-tools/23.0.2/lib/dx.jar
Launcher Type: SUN_STANDARD

Environment Variables:
JAVA_HOME=/usr/lib/jvm/java-8-oracle/jre/bin/java
PATH=/home/victorhugo/.rvm/gems/ruby-2.2.1/bin:/home/victorhugo/.rvm/gems/ruby-2.2.1@global/bin:/home/victorhugo/.rvm/rubies/ruby-2.2.1/bin:/usr/local/sbin:/usr/local/bin:/usr/sbin:/usr/bin:/sbin:/bin:/usr/games:/usr/local/games:/home/victorhugo/.rvm/bin
LD_LIBRARY_PATH=/home/victorhugo/Programs/android-studio/bin:
SHELL=/bin/bash
DISPLAY=:0

Signal Handlers:
SIGSEGV: [libjvm.so+0x9daac0], sa_mask[0]=11111111011111111101111111111110, sa_flags=SA_RESTART|SA_SIGINFO
SIGBUS: [libjvm.so+0x9daac0], sa_mask[0]=11111111011111111101111111111110, sa_flags=SA_RESTART|SA_SIGINFO
SIGFPE: [libjvm.so+0x840d90], sa_mask[0]=11111111011111111101111111111110, sa_flags=SA_RESTART|SA_SIGINFO
SIGPIPE: [libjvm.so+0x840d90], sa_mask[0]=11111111011111111101111111111110, sa_flags=SA_RESTART|SA_SIGINFO
SIGXFSZ: [libjvm.so+0x840d90], sa_mask[0]=11111111011111111101111111111110, sa_flags=SA_RESTART|SA_SIGINFO
SIGILL: [libjvm.so+0x840d90], sa_mask[0]=11111111011111111101111111111110, sa_flags=SA_RESTART|SA_SIGINFO
SIGUSR1: SIG_DFL, sa_mask[0]=00000000000000000000000000000000, sa_flags=none
SIGUSR2: [libjvm.so+0x840c60], sa_mask[0]=00100000000000000000000000000000, sa_flags=SA_RESTART|SA_SIGINFO
SIGHUP: [libjvm.so+0x840e50], sa_mask[0]=11111111011111111101111111111110, sa_flags=SA_RESTART|SA_SIGINFO
SIGINT: [libjvm.so+0x840e50], sa_mask[0]=11111111011111111101111111111110, sa_flags=SA_RESTART|SA_SIGINFO
SIGTERM: [libjvm.so+0x840e50], sa_mask[0]=11111111011111111101111111111110, sa_flags=SA_RESTART|SA_SIGINFO
SIGQUIT: [libjvm.so+0x840e50], sa_mask[0]=11111111011111111101111111111110, sa_flags=SA_RESTART|SA_SIGINFO


---------------  S Y S T E M  ---------------

OS:DISTRIB_ID=Ubuntu
DISTRIB_RELEASE=14.04
DISTRIB_CODENAME=trusty
DISTRIB_DESCRIPTION="Ubuntu 14.04.5 LTS"

uname:Linux 3.13.0-95-generic #142-Ubuntu SMP Fri Aug 12 17:00:09 UTC 2016 x86_64
libc:glibc 2.19 NPTL 2.19 
rlimit: STACK 8192k, CORE 0k, NPROC 29521, NOFILE 4096, AS infinity
load average:21.67 11.32 5.38

/proc/meminfo:
MemTotal:        3800312 kB
MemFree:          625240 kB
Buffers:             844 kB
Cached:           261972 kB
SwapCached:            0 kB
Active:          2768524 kB
Inactive:         258304 kB
Active(anon):    2768384 kB
Inactive(anon):   234772 kB
Active(file):        140 kB
Inactive(file):    23532 kB
Unevictable:         152 kB
Mlocked:             152 kB
SwapTotal:             0 kB
SwapFree:              0 kB
Dirty:                 0 kB
Writeback:             0 kB
AnonPages:       2764980 kB
Mapped:            56528 kB
Shmem:            238328 kB
Slab:              61160 kB
SReclaimable:      27940 kB
SUnreclaim:        33220 kB
KernelStack:        5112 kB
PageTables:        34096 kB
NFS_Unstable:          0 kB
Bounce:                0 kB
WritebackTmp:          0 kB
CommitLimit:     1900156 kB
Committed_AS:    5991196 kB
VmallocTotal:   34359738367 kB
VmallocUsed:      347936 kB
VmallocChunk:   34359353880 kB
HardwareCorrupted:     0 kB
AnonHugePages:   1675264 kB
HugePages_Total:       0
HugePages_Free:        0
HugePages_Rsvd:        0
HugePages_Surp:        0
Hugepagesize:       2048 kB
DirectMap4k:       64568 kB
DirectMap2M:     4014080 kB


CPU:total 4 (2 cores per cpu, 2 threads per core) family 6 model 42 stepping 7, cmov, cx8, fxsr, mmx, sse, sse2, sse3, ssse3, sse4.1, sse4.2, popcnt, avx, aes, clmul, ht, tsc, tscinvbit

/proc/cpuinfo:
processor	: 0
vendor_id	: GenuineIntel
cpu family	: 6
model		: 42
model name	: Intel(R) Core(TM) i5-2467M CPU @ 1.60GHz
stepping	: 7
microcode	: 0x25
cpu MHz		: 1991.000
cache size	: 3072 KB
physical id	: 0
siblings	: 4
core id		: 0
cpu cores	: 2
apicid		: 0
initial apicid	: 0
fpu		: yes
fpu_exception	: yes
cpuid level	: 13
wp		: yes
flags		: fpu vme de pse tsc msr pae mce cx8 apic sep mtrr pge mca cmov pat pse36 clflush dts acpi mmx fxsr sse sse2 ss ht tm pbe syscall nx rdtscp lm constant_tsc arch_perfmon pebs bts nopl xtopology nonstop_tsc aperfmperf eagerfpu pni pclmulqdq dtes64 monitor ds_cpl vmx est tm2 ssse3 cx16 xtpr pdcm pcid sse4_1 sse4_2 x2apic popcnt tsc_deadline_timer aes xsave avx lahf_lm ida arat epb xsaveopt pln pts dtherm tpr_shadow vnmi flexpriority ept vpid
bogomips	: 3192.89
clflush size	: 64
cache_alignment	: 64
address sizes	: 36 bits physical, 48 bits virtual
power management:

processor	: 1
vendor_id	: GenuineIntel
cpu family	: 6
model		: 42
model name	: Intel(R) Core(TM) i5-2467M CPU @ 1.60GHz
stepping	: 7
microcode	: 0x25
cpu MHz		: 2016.000
cache size	: 3072 KB
physical id	: 0
siblings	: 4
core id		: 0
cpu cores	: 2
apicid		: 1
initial apicid	: 1
fpu		: yes
fpu_exception	: yes
cpuid level	: 13
wp		: yes
flags		: fpu vme de pse tsc msr pae mce cx8 apic sep mtrr pge mca cmov pat pse36 clflush dts acpi mmx fxsr sse sse2 ss ht tm pbe syscall nx rdtscp lm constant_tsc arch_perfmon pebs bts nopl xtopology nonstop_tsc aperfmperf eagerfpu pni pclmulqdq dtes64 monitor ds_cpl vmx est tm2 ssse3 cx16 xtpr pdcm pcid sse4_1 sse4_2 x2apic popcnt tsc_deadline_timer aes xsave avx lahf_lm ida arat epb xsaveopt pln pts dtherm tpr_shadow vnmi flexpriority ept vpid
bogomips	: 3192.89
clflush size	: 64
cache_alignment	: 64
address sizes	: 36 bits physical, 48 bits virtual
power management:

processor	: 2
vendor_id	: GenuineIntel
cpu family	: 6
model		: 42
model name	: Intel(R) Core(TM) i5-2467M CPU @ 1.60GHz
stepping	: 7
microcode	: 0x25
cpu MHz		: 1991.000
cache size	: 3072 KB
physical id	: 0
siblings	: 4
core id		: 1
cpu cores	: 2
apicid		: 2
initial apicid	: 2
fpu		: yes
fpu_exception	: yes
cpuid level	: 13
wp		: yes
flags		: fpu vme de pse tsc msr pae mce cx8 apic sep mtrr pge mca cmov pat pse36 clflush dts acpi mmx fxsr sse sse2 ss ht tm pbe syscall nx rdtscp lm constant_tsc arch_perfmon pebs bts nopl xtopology nonstop_tsc aperfmperf eagerfpu pni pclmulqdq dtes64 monitor ds_cpl vmx est tm2 ssse3 cx16 xtpr pdcm pcid sse4_1 sse4_2 x2apic popcnt tsc_deadline_timer aes xsave avx lahf_lm ida arat epb xsaveopt pln pts dtherm tpr_shadow vnmi flexpriority ept vpid
bogomips	: 3192.89
clflush size	: 64
cache_alignment	: 64
address sizes	: 36 bits physical, 48 bits virtual
power management:

processor	: 3
vendor_id	: GenuineIntel
cpu family	: 6
model		: 42
model name	: Intel(R) Core(TM) i5-2467M CPU @ 1.60GHz
stepping	: 7
microcode	: 0x25
cpu MHz		: 1991.000
cache size	: 3072 KB
physical id	: 0
siblings	: 4
core id		: 1
cpu cores	: 2
apicid		: 3
initial apicid	: 3
fpu		: yes
fpu_exception	: yes
cpuid level	: 13
wp		: yes
flags		: fpu vme de pse tsc msr pae mce cx8 apic sep mtrr pge mca cmov pat pse36 clflush dts acpi mmx fxsr sse sse2 ss ht tm pbe syscall nx rdtscp lm constant_tsc arch_perfmon pebs bts nopl xtopology nonstop_tsc aperfmperf eagerfpu pni pclmulqdq dtes64 monitor ds_cpl vmx est tm2 ssse3 cx16 xtpr pdcm pcid sse4_1 sse4_2 x2apic popcnt tsc_deadline_timer aes xsave avx lahf_lm ida arat epb xsaveopt pln pts dtherm tpr_shadow vnmi flexpriority ept vpid
bogomips	: 3192.89
clflush size	: 64
cache_alignment	: 64
address sizes	: 36 bits physical, 48 bits virtual
power management:



Memory: 4k page, physical 3800312k(625240k free), swap 0k(0k free)

vm_info: OpenJDK 64-Bit Server VM (25.76-b03) for linux-amd64 JRE (1.8.0_76-release-b03), built on Jun 29 2016 09:39:19 by "builder" with gcc 4.8.4

time: Sat Sep 24 14:39:00 2016
elapsed time: 17 seconds (0d 0h 0m 17s)

